ARM GAS  /tmp/ccOrd9tJ.s 			page 1


   1              		.cpu cortex-m4
   2              		.eabi_attribute 27, 1
   3              		.eabi_attribute 28, 1
   4              		.eabi_attribute 20, 1
   5              		.eabi_attribute 21, 1
   6              		.eabi_attribute 23, 3
   7              		.eabi_attribute 24, 1
   8              		.eabi_attribute 25, 1
   9              		.eabi_attribute 26, 1
  10              		.eabi_attribute 30, 1
  11              		.eabi_attribute 34, 1
  12              		.eabi_attribute 18, 4
  13              		.file	"gpio.c"
  14              		.text
  15              	.Ltext0:
  16              		.cfi_sections	.debug_frame
  17              		.section	.text.MX_GPIO_Init,"ax",%progbits
  18              		.align	1
  19              		.global	MX_GPIO_Init
  20              		.syntax unified
  21              		.thumb
  22              		.thumb_func
  23              		.fpu fpv4-sp-d16
  25              	MX_GPIO_Init:
  26              	.LFB315:
  27              		.file 1 "Src/gpio.c"
   1:Src/gpio.c    **** /**
   2:Src/gpio.c    ****   ******************************************************************************
   3:Src/gpio.c    ****   * File Name          : gpio.c
   4:Src/gpio.c    ****   * Description        : This file provides code for the configuration
   5:Src/gpio.c    ****   *                      of all used GPIO pins.
   6:Src/gpio.c    ****   ******************************************************************************
   7:Src/gpio.c    ****   * @attention
   8:Src/gpio.c    ****   *
   9:Src/gpio.c    ****   * <h2><center>&copy; Copyright (c) 2021 STMicroelectronics.
  10:Src/gpio.c    ****   * All rights reserved.</center></h2>
  11:Src/gpio.c    ****   *
  12:Src/gpio.c    ****   * This software component is licensed by ST under Ultimate Liberty license
  13:Src/gpio.c    ****   * SLA0044, the "License"; You may not use this file except in compliance with
  14:Src/gpio.c    ****   * the License. You may obtain a copy of the License at:
  15:Src/gpio.c    ****   *                             www.st.com/SLA0044
  16:Src/gpio.c    ****   *
  17:Src/gpio.c    ****   ******************************************************************************
  18:Src/gpio.c    ****   */
  19:Src/gpio.c    **** 
  20:Src/gpio.c    **** /* Includes ------------------------------------------------------------------*/
  21:Src/gpio.c    **** #include "gpio.h"
  22:Src/gpio.c    **** /* USER CODE BEGIN 0 */
  23:Src/gpio.c    **** 
  24:Src/gpio.c    **** /* USER CODE END 0 */
  25:Src/gpio.c    **** 
  26:Src/gpio.c    **** /*----------------------------------------------------------------------------*/
  27:Src/gpio.c    **** /* Configure GPIO                                                             */
  28:Src/gpio.c    **** /*----------------------------------------------------------------------------*/
  29:Src/gpio.c    **** /* USER CODE BEGIN 1 */
  30:Src/gpio.c    **** 
  31:Src/gpio.c    **** /* USER CODE END 1 */
ARM GAS  /tmp/ccOrd9tJ.s 			page 2


  32:Src/gpio.c    **** 
  33:Src/gpio.c    **** /** Configure pins as 
  34:Src/gpio.c    ****         * Analog 
  35:Src/gpio.c    ****         * Input 
  36:Src/gpio.c    ****         * Output
  37:Src/gpio.c    ****         * EVENT_OUT
  38:Src/gpio.c    ****         * EXTI
  39:Src/gpio.c    **** */
  40:Src/gpio.c    **** void MX_GPIO_Init(void)
  41:Src/gpio.c    **** {
  28              		.loc 1 41 0
  29              		.cfi_startproc
  30              		@ args = 0, pretend = 0, frame = 32
  31              		@ frame_needed = 0, uses_anonymous_args = 0
  32 0000 F0B5     		push	{r4, r5, r6, r7, lr}
  33              	.LCFI0:
  34              		.cfi_def_cfa_offset 20
  35              		.cfi_offset 4, -20
  36              		.cfi_offset 5, -16
  37              		.cfi_offset 6, -12
  38              		.cfi_offset 7, -8
  39              		.cfi_offset 14, -4
  40 0002 89B0     		sub	sp, sp, #36
  41              	.LCFI1:
  42              		.cfi_def_cfa_offset 56
  42:Src/gpio.c    **** 
  43:Src/gpio.c    ****   GPIO_InitTypeDef GPIO_InitStruct = {0};
  43              		.loc 1 43 0
  44 0004 0024     		movs	r4, #0
  45 0006 0394     		str	r4, [sp, #12]
  46 0008 0494     		str	r4, [sp, #16]
  47 000a 0594     		str	r4, [sp, #20]
  48 000c 0694     		str	r4, [sp, #24]
  49 000e 0794     		str	r4, [sp, #28]
  50              	.LBB2:
  44:Src/gpio.c    **** 
  45:Src/gpio.c    ****   /* GPIO Ports Clock Enable */
  46:Src/gpio.c    ****   __HAL_RCC_GPIOA_CLK_ENABLE();
  51              		.loc 1 46 0
  52 0010 2D4B     		ldr	r3, .L3
  53 0012 DA6C     		ldr	r2, [r3, #76]
  54 0014 42F00102 		orr	r2, r2, #1
  55 0018 DA64     		str	r2, [r3, #76]
  56 001a DA6C     		ldr	r2, [r3, #76]
  57 001c 02F00102 		and	r2, r2, #1
  58 0020 0092     		str	r2, [sp]
  59 0022 009A     		ldr	r2, [sp]
  60              	.LBE2:
  61              	.LBB3:
  47:Src/gpio.c    ****   __HAL_RCC_GPIOB_CLK_ENABLE();
  62              		.loc 1 47 0
  63 0024 DA6C     		ldr	r2, [r3, #76]
  64 0026 42F00202 		orr	r2, r2, #2
  65 002a DA64     		str	r2, [r3, #76]
  66 002c DA6C     		ldr	r2, [r3, #76]
  67 002e 02F00202 		and	r2, r2, #2
  68 0032 0192     		str	r2, [sp, #4]
ARM GAS  /tmp/ccOrd9tJ.s 			page 3


  69 0034 019A     		ldr	r2, [sp, #4]
  70              	.LBE3:
  71              	.LBB4:
  48:Src/gpio.c    ****   __HAL_RCC_GPIOC_CLK_ENABLE();
  72              		.loc 1 48 0
  73 0036 DA6C     		ldr	r2, [r3, #76]
  74 0038 42F00402 		orr	r2, r2, #4
  75 003c DA64     		str	r2, [r3, #76]
  76 003e DB6C     		ldr	r3, [r3, #76]
  77 0040 03F00403 		and	r3, r3, #4
  78 0044 0293     		str	r3, [sp, #8]
  79 0046 029B     		ldr	r3, [sp, #8]
  80              	.LBE4:
  49:Src/gpio.c    **** 
  50:Src/gpio.c    ****   /*Configure GPIO pin Output Level */
  51:Src/gpio.c    ****   HAL_GPIO_WritePin(GREEN_LED_GPIO_Port, GREEN_LED_Pin, GPIO_PIN_RESET);
  81              		.loc 1 51 0
  82 0048 2246     		mov	r2, r4
  83 004a 2021     		movs	r1, #32
  84 004c 4FF09040 		mov	r0, #1207959552
  85 0050 FFF7FEFF 		bl	HAL_GPIO_WritePin
  86              	.LVL0:
  52:Src/gpio.c    **** 
  53:Src/gpio.c    ****   /*Configure GPIO pin Output Level */
  54:Src/gpio.c    ****   HAL_GPIO_WritePin(MIC_EN_GPIO_Port, MIC_EN_Pin, GPIO_PIN_RESET);
  87              		.loc 1 54 0
  88 0054 1D4F     		ldr	r7, .L3+4
  89 0056 2246     		mov	r2, r4
  90 0058 0421     		movs	r1, #4
  91 005a 3846     		mov	r0, r7
  92 005c FFF7FEFF 		bl	HAL_GPIO_WritePin
  93              	.LVL1:
  55:Src/gpio.c    **** 
  56:Src/gpio.c    ****   /*Configure GPIO pin Output Level */
  57:Src/gpio.c    ****   HAL_GPIO_WritePin(BATT_ADC_EN_GPIO_Port, BATT_ADC_EN_Pin, GPIO_PIN_RESET); // RESET == BATT ADC F
  94              		.loc 1 57 0
  95 0060 1B4E     		ldr	r6, .L3+8
  96 0062 2246     		mov	r2, r4
  97 0064 4021     		movs	r1, #64
  98 0066 3046     		mov	r0, r6
  99 0068 FFF7FEFF 		bl	HAL_GPIO_WritePin
 100              	.LVL2:
  58:Src/gpio.c    **** 
  59:Src/gpio.c    ****   /*Configure GPIO pin Output Level */
  60:Src/gpio.c    ****   HAL_GPIO_WritePin(BOOST_EN_GPIO_Port, BOOST_EN_Pin, GPIO_PIN_SET); // SET == BOOST OFF
 101              		.loc 1 60 0
 102 006c 0122     		movs	r2, #1
 103 006e 8021     		movs	r1, #128
 104 0070 3046     		mov	r0, r6
 105 0072 FFF7FEFF 		bl	HAL_GPIO_WritePin
 106              	.LVL3:
  61:Src/gpio.c    **** 
  62:Src/gpio.c    ****   /*Configure GPIO pin : PtPin */
  63:Src/gpio.c    ****   GPIO_InitStruct.Pin = GREEN_LED_Pin;
 107              		.loc 1 63 0
 108 0076 2023     		movs	r3, #32
 109 0078 0393     		str	r3, [sp, #12]
ARM GAS  /tmp/ccOrd9tJ.s 			page 4


  64:Src/gpio.c    ****   GPIO_InitStruct.Mode = GPIO_MODE_OUTPUT_PP;
 110              		.loc 1 64 0
 111 007a 0125     		movs	r5, #1
 112 007c 0495     		str	r5, [sp, #16]
  65:Src/gpio.c    ****   GPIO_InitStruct.Pull = GPIO_PULLUP;
 113              		.loc 1 65 0
 114 007e 0595     		str	r5, [sp, #20]
  66:Src/gpio.c    ****   GPIO_InitStruct.Speed = GPIO_SPEED_FREQ_LOW;
 115              		.loc 1 66 0
 116 0080 0694     		str	r4, [sp, #24]
  67:Src/gpio.c    ****   HAL_GPIO_Init(GREEN_LED_GPIO_Port, &GPIO_InitStruct);
 117              		.loc 1 67 0
 118 0082 03A9     		add	r1, sp, #12
 119 0084 4FF09040 		mov	r0, #1207959552
 120 0088 FFF7FEFF 		bl	HAL_GPIO_Init
 121              	.LVL4:
  68:Src/gpio.c    **** 
  69:Src/gpio.c    ****   /*Configure GPIO pin : PtPin */
  70:Src/gpio.c    ****   GPIO_InitStruct.Pin = MIC_EN_Pin;
 122              		.loc 1 70 0
 123 008c 0423     		movs	r3, #4
 124 008e 0393     		str	r3, [sp, #12]
  71:Src/gpio.c    ****   GPIO_InitStruct.Mode = GPIO_MODE_OUTPUT_PP;
 125              		.loc 1 71 0
 126 0090 0495     		str	r5, [sp, #16]
  72:Src/gpio.c    ****   GPIO_InitStruct.Pull = GPIO_NOPULL;
 127              		.loc 1 72 0
 128 0092 0594     		str	r4, [sp, #20]
  73:Src/gpio.c    ****   GPIO_InitStruct.Speed = GPIO_SPEED_FREQ_LOW;
 129              		.loc 1 73 0
 130 0094 0694     		str	r4, [sp, #24]
  74:Src/gpio.c    ****   HAL_GPIO_Init(MIC_EN_GPIO_Port, &GPIO_InitStruct);
 131              		.loc 1 74 0
 132 0096 03A9     		add	r1, sp, #12
 133 0098 3846     		mov	r0, r7
 134 009a FFF7FEFF 		bl	HAL_GPIO_Init
 135              	.LVL5:
  75:Src/gpio.c    **** 
  76:Src/gpio.c    ****   /*Configure GPIO pins : PBPin PBPin */
  77:Src/gpio.c    ****   GPIO_InitStruct.Pin = CHARGER_STAT1_Pin|CHARGER_STAT2_Pin;
 136              		.loc 1 77 0
 137 009e 4FF44043 		mov	r3, #49152
 138 00a2 0393     		str	r3, [sp, #12]
  78:Src/gpio.c    ****   GPIO_InitStruct.Mode = GPIO_MODE_INPUT;
 139              		.loc 1 78 0
 140 00a4 0494     		str	r4, [sp, #16]
  79:Src/gpio.c    ****   GPIO_InitStruct.Pull = GPIO_NOPULL;
 141              		.loc 1 79 0
 142 00a6 0594     		str	r4, [sp, #20]
  80:Src/gpio.c    ****   HAL_GPIO_Init(GPIOB, &GPIO_InitStruct);
 143              		.loc 1 80 0
 144 00a8 03A9     		add	r1, sp, #12
 145 00aa 3846     		mov	r0, r7
 146 00ac FFF7FEFF 		bl	HAL_GPIO_Init
 147              	.LVL6:
  81:Src/gpio.c    **** 
  82:Src/gpio.c    ****   /*Configure GPIO pins : PCPin PCPin */
ARM GAS  /tmp/ccOrd9tJ.s 			page 5


  83:Src/gpio.c    ****   GPIO_InitStruct.Pin = BATT_ADC_EN_Pin|BOOST_EN_Pin;
 148              		.loc 1 83 0
 149 00b0 C023     		movs	r3, #192
 150 00b2 0393     		str	r3, [sp, #12]
  84:Src/gpio.c    ****   GPIO_InitStruct.Mode = GPIO_MODE_OUTPUT_PP;
 151              		.loc 1 84 0
 152 00b4 0495     		str	r5, [sp, #16]
  85:Src/gpio.c    ****   GPIO_InitStruct.Pull = GPIO_NOPULL;
 153              		.loc 1 85 0
 154 00b6 0594     		str	r4, [sp, #20]
  86:Src/gpio.c    ****   GPIO_InitStruct.Speed = GPIO_SPEED_FREQ_LOW;
 155              		.loc 1 86 0
 156 00b8 0694     		str	r4, [sp, #24]
  87:Src/gpio.c    ****   HAL_GPIO_Init(GPIOC, &GPIO_InitStruct);
 157              		.loc 1 87 0
 158 00ba 03A9     		add	r1, sp, #12
 159 00bc 3046     		mov	r0, r6
 160 00be FFF7FEFF 		bl	HAL_GPIO_Init
 161              	.LVL7:
  88:Src/gpio.c    **** 
  89:Src/gpio.c    **** }
 162              		.loc 1 89 0
 163 00c2 09B0     		add	sp, sp, #36
 164              	.LCFI2:
 165              		.cfi_def_cfa_offset 20
 166              		@ sp needed
 167 00c4 F0BD     		pop	{r4, r5, r6, r7, pc}
 168              	.L4:
 169 00c6 00BF     		.align	2
 170              	.L3:
 171 00c8 00100240 		.word	1073876992
 172 00cc 00040048 		.word	1207960576
 173 00d0 00080048 		.word	1207961600
 174              		.cfi_endproc
 175              	.LFE315:
 177              		.text
 178              	.Letext0:
 179              		.file 2 "/home/jon/KODMOD/EMBEDDED_TOOLCHAINS/gcc-arm-none-eabi-7-2018-q2-update/arm-none-eabi/inc
 180              		.file 3 "/home/jon/KODMOD/EMBEDDED_TOOLCHAINS/gcc-arm-none-eabi-7-2018-q2-update/arm-none-eabi/inc
 181              		.file 4 "Drivers/CMSIS/Include/core_cm4.h"
 182              		.file 5 "Drivers/CMSIS/Device/ST/STM32L4xx/Include/system_stm32l4xx.h"
 183              		.file 6 "Drivers/CMSIS/Device/ST/STM32L4xx/Include/stm32l476xx.h"
 184              		.file 7 "Drivers/STM32L4xx_HAL_Driver/Inc/stm32l4xx_hal_def.h"
 185              		.file 8 "Drivers/STM32L4xx_HAL_Driver/Inc/stm32l4xx_hal_gpio.h"
 186              		.file 9 "Drivers/STM32L4xx_HAL_Driver/Inc/stm32l4xx_hal_flash.h"
 187              		.file 10 "Drivers/STM32L4xx_HAL_Driver/Inc/stm32l4xx_hal.h"
ARM GAS  /tmp/ccOrd9tJ.s 			page 6


DEFINED SYMBOLS
                            *ABS*:0000000000000000 gpio.c
     /tmp/ccOrd9tJ.s:18     .text.MX_GPIO_Init:0000000000000000 $t
     /tmp/ccOrd9tJ.s:25     .text.MX_GPIO_Init:0000000000000000 MX_GPIO_Init
     /tmp/ccOrd9tJ.s:171    .text.MX_GPIO_Init:00000000000000c8 $d

UNDEFINED SYMBOLS
HAL_GPIO_WritePin
HAL_GPIO_Init
