ARM GAS  /tmp/ccx1X4GA.s 			page 1


   1              		.cpu cortex-m4
   2              		.eabi_attribute 27, 1
   3              		.eabi_attribute 28, 1
   4              		.eabi_attribute 20, 1
   5              		.eabi_attribute 21, 1
   6              		.eabi_attribute 23, 3
   7              		.eabi_attribute 24, 1
   8              		.eabi_attribute 25, 1
   9              		.eabi_attribute 26, 1
  10              		.eabi_attribute 30, 1
  11              		.eabi_attribute 34, 1
  12              		.eabi_attribute 18, 4
  13              		.file	"utils.c"
  14              		.text
  15              	.Ltext0:
  16              		.cfi_sections	.debug_frame
  17              		.section	.text.getRandomColor,"ax",%progbits
  18              		.align	1
  19              		.global	getRandomColor
  20              		.syntax unified
  21              		.thumb
  22              		.thumb_func
  23              		.fpu fpv4-sp-d16
  25              	getRandomColor:
  26              	.LFB315:
  27              		.file 1 "Src/utils.c"
   1:Src/utils.c   **** 
   2:Src/utils.c   **** #include "utils.h"
   3:Src/utils.c   **** #include <stdlib.h>
   4:Src/utils.c   **** 
   5:Src/utils.c   **** Pixel_t getRandomColor(uint8_t lower, uint8_t upper)
   6:Src/utils.c   **** {
  28              		.loc 1 6 0
  29              		.cfi_startproc
  30              		@ args = 0, pretend = 0, frame = 0
  31              		@ frame_needed = 0, uses_anonymous_args = 0
  32              	.LVL0:
  33 0000 2DE9F041 		push	{r4, r5, r6, r7, r8, lr}
  34              	.LCFI0:
  35              		.cfi_def_cfa_offset 24
  36              		.cfi_offset 4, -24
  37              		.cfi_offset 5, -20
  38              		.cfi_offset 6, -16
  39              		.cfi_offset 7, -12
  40              		.cfi_offset 8, -8
  41              		.cfi_offset 14, -4
  42 0004 0746     		mov	r7, r0
  43 0006 8846     		mov	r8, r1
  44 0008 1446     		mov	r4, r2
   7:Src/utils.c   ****   return (Pixel_t) {.red = RAND_IN_RANGE(lower, upper), .green = RAND_IN_RANGE(lower, upper), .blue
  45              		.loc 1 7 0
  46 000a FFF7FEFF 		bl	rand
  47              	.LVL1:
  48 000e A4EB0804 		sub	r4, r4, r8
  49 0012 0134     		adds	r4, r4, #1
  50 0014 90FBF4F6 		sdiv	r6, r0, r4
  51 0018 04FB1606 		mls	r6, r4, r6, r0
ARM GAS  /tmp/ccx1X4GA.s 			page 2


  52 001c 4644     		add	r6, r6, r8
  53 001e F6B2     		uxtb	r6, r6
  54 0020 FFF7FEFF 		bl	rand
  55              	.LVL2:
  56 0024 90FBF4F5 		sdiv	r5, r0, r4
  57 0028 04FB1505 		mls	r5, r4, r5, r0
  58 002c 4544     		add	r5, r5, r8
  59 002e EDB2     		uxtb	r5, r5
  60 0030 FFF7FEFF 		bl	rand
  61              	.LVL3:
  62 0034 90FBF4F3 		sdiv	r3, r0, r4
  63 0038 04FB1304 		mls	r4, r4, r3, r0
  64 003c 4444     		add	r4, r4, r8
  65 003e 0023     		movs	r3, #0
  66 0040 C7F80230 		str	r3, [r7, #2]	@ unaligned
  67 0044 FB80     		strh	r3, [r7, #6]	@ unaligned
  68 0046 3E70     		strb	r6, [r7]
  69 0048 7D70     		strb	r5, [r7, #1]
  70 004a BC70     		strb	r4, [r7, #2]
   8:Src/utils.c   **** }
  71              		.loc 1 8 0
  72 004c 3846     		mov	r0, r7
  73 004e BDE8F081 		pop	{r4, r5, r6, r7, r8, pc}
  74              		.cfi_endproc
  75              	.LFE315:
  77              		.text
  78              	.Letext0:
  79              		.file 2 "/home/jon/KODMOD/EMBEDDED_TOOLCHAINS/gcc-arm-none-eabi-7-2018-q2-update/arm-none-eabi/inc
  80              		.file 3 "/home/jon/KODMOD/EMBEDDED_TOOLCHAINS/gcc-arm-none-eabi-7-2018-q2-update/arm-none-eabi/inc
  81              		.file 4 "Drivers/CMSIS/Include/core_cm4.h"
  82              		.file 5 "Drivers/CMSIS/Device/ST/STM32L4xx/Include/system_stm32l4xx.h"
  83              		.file 6 "Drivers/CMSIS/Device/ST/STM32L4xx/Include/stm32l476xx.h"
  84              		.file 7 "Drivers/STM32L4xx_HAL_Driver/Inc/stm32l4xx_hal_def.h"
  85              		.file 8 "Drivers/STM32L4xx_HAL_Driver/Inc/stm32l4xx_hal_dma.h"
  86              		.file 9 "Drivers/STM32L4xx_HAL_Driver/Inc/stm32l4xx_hal_flash.h"
  87              		.file 10 "Drivers/STM32L4xx_HAL_Driver/Inc/stm32l4xx_hal_tim.h"
  88              		.file 11 "Drivers/STM32L4xx_HAL_Driver/Inc/stm32l4xx_hal.h"
  89              		.file 12 "Inc/tim.h"
  90              		.file 13 "Inc/addressable_led_driver.h"
  91              		.file 14 "/home/jon/KODMOD/EMBEDDED_TOOLCHAINS/gcc-arm-none-eabi-7-2018-q2-update/arm-none-eabi/in
  92              		.file 15 "/home/jon/KODMOD/EMBEDDED_TOOLCHAINS/gcc-arm-none-eabi-7-2018-q2-update/arm-none-eabi/in
  93              		.file 16 "/home/jon/KODMOD/EMBEDDED_TOOLCHAINS/gcc-arm-none-eabi-7-2018-q2-update/lib/gcc/arm-none
  94              		.file 17 "/home/jon/KODMOD/EMBEDDED_TOOLCHAINS/gcc-arm-none-eabi-7-2018-q2-update/arm-none-eabi/in
  95              		.file 18 "/home/jon/KODMOD/EMBEDDED_TOOLCHAINS/gcc-arm-none-eabi-7-2018-q2-update/arm-none-eabi/in
ARM GAS  /tmp/ccx1X4GA.s 			page 3


DEFINED SYMBOLS
                            *ABS*:0000000000000000 utils.c
     /tmp/ccx1X4GA.s:18     .text.getRandomColor:0000000000000000 $t
     /tmp/ccx1X4GA.s:25     .text.getRandomColor:0000000000000000 getRandomColor

UNDEFINED SYMBOLS
rand
