ARM GAS  /tmp/cc11S12R.s 			page 1


   1              		.cpu cortex-m4
   2              		.eabi_attribute 27, 1
   3              		.eabi_attribute 28, 1
   4              		.eabi_attribute 20, 1
   5              		.eabi_attribute 21, 1
   6              		.eabi_attribute 23, 3
   7              		.eabi_attribute 24, 1
   8              		.eabi_attribute 25, 1
   9              		.eabi_attribute 26, 1
  10              		.eabi_attribute 30, 1
  11              		.eabi_attribute 34, 1
  12              		.eabi_attribute 18, 4
  13              		.file	"usart.c"
  14              		.text
  15              	.Ltext0:
  16              		.cfi_sections	.debug_frame
  17              		.section	.text.MX_USART2_UART_Init,"ax",%progbits
  18              		.align	1
  19              		.global	MX_USART2_UART_Init
  20              		.syntax unified
  21              		.thumb
  22              		.thumb_func
  23              		.fpu fpv4-sp-d16
  25              	MX_USART2_UART_Init:
  26              	.LFB130:
  27              		.file 1 "Src/usart.c"
   1:Src/usart.c   **** /**
   2:Src/usart.c   ****   ******************************************************************************
   3:Src/usart.c   ****   * File Name          : USART.c
   4:Src/usart.c   ****   * Description        : This file provides code for the configuration
   5:Src/usart.c   ****   *                      of the USART instances.
   6:Src/usart.c   ****   ******************************************************************************
   7:Src/usart.c   ****   * @attention
   8:Src/usart.c   ****   *
   9:Src/usart.c   ****   * <h2><center>&copy; Copyright (c) 2020 STMicroelectronics.
  10:Src/usart.c   ****   * All rights reserved.</center></h2>
  11:Src/usart.c   ****   *
  12:Src/usart.c   ****   * This software component is licensed by ST under BSD 3-Clause license,
  13:Src/usart.c   ****   * the "License"; You may not use this file except in compliance with the
  14:Src/usart.c   ****   * License. You may obtain a copy of the License at:
  15:Src/usart.c   ****   *                        opensource.org/licenses/BSD-3-Clause
  16:Src/usart.c   ****   *
  17:Src/usart.c   ****   ******************************************************************************
  18:Src/usart.c   ****   */
  19:Src/usart.c   **** 
  20:Src/usart.c   **** /* Includes ------------------------------------------------------------------*/
  21:Src/usart.c   **** #include "usart.h"
  22:Src/usart.c   **** 
  23:Src/usart.c   **** /* USER CODE BEGIN 0 */
  24:Src/usart.c   **** 
  25:Src/usart.c   **** /* USER CODE END 0 */
  26:Src/usart.c   **** 
  27:Src/usart.c   **** UART_HandleTypeDef huart2;
  28:Src/usart.c   **** 
  29:Src/usart.c   **** /* USART2 init function */
  30:Src/usart.c   **** 
  31:Src/usart.c   **** void MX_USART2_UART_Init(void)
ARM GAS  /tmp/cc11S12R.s 			page 2


  32:Src/usart.c   **** {
  28              		.loc 1 32 0
  29              		.cfi_startproc
  30              		@ args = 0, pretend = 0, frame = 0
  31              		@ frame_needed = 0, uses_anonymous_args = 0
  32 0000 08B5     		push	{r3, lr}
  33              	.LCFI0:
  34              		.cfi_def_cfa_offset 8
  35              		.cfi_offset 3, -8
  36              		.cfi_offset 14, -4
  33:Src/usart.c   **** 
  34:Src/usart.c   ****   huart2.Instance = USART2;
  37              		.loc 1 34 0
  38 0002 0B48     		ldr	r0, .L5
  39 0004 0B4B     		ldr	r3, .L5+4
  40 0006 0360     		str	r3, [r0]
  35:Src/usart.c   ****   huart2.Init.BaudRate = 115200;
  41              		.loc 1 35 0
  42 0008 4FF4E133 		mov	r3, #115200
  43 000c 4360     		str	r3, [r0, #4]
  36:Src/usart.c   ****   huart2.Init.WordLength = UART_WORDLENGTH_8B;
  44              		.loc 1 36 0
  45 000e 0023     		movs	r3, #0
  46 0010 8360     		str	r3, [r0, #8]
  37:Src/usart.c   ****   huart2.Init.StopBits = UART_STOPBITS_1;
  47              		.loc 1 37 0
  48 0012 C360     		str	r3, [r0, #12]
  38:Src/usart.c   ****   huart2.Init.Parity = UART_PARITY_NONE;
  49              		.loc 1 38 0
  50 0014 0361     		str	r3, [r0, #16]
  39:Src/usart.c   ****   huart2.Init.Mode = UART_MODE_TX_RX;
  51              		.loc 1 39 0
  52 0016 0C22     		movs	r2, #12
  53 0018 4261     		str	r2, [r0, #20]
  40:Src/usart.c   ****   huart2.Init.HwFlowCtl = UART_HWCONTROL_NONE;
  54              		.loc 1 40 0
  55 001a 8361     		str	r3, [r0, #24]
  41:Src/usart.c   ****   huart2.Init.OverSampling = UART_OVERSAMPLING_16;
  56              		.loc 1 41 0
  57 001c C361     		str	r3, [r0, #28]
  42:Src/usart.c   ****   huart2.Init.OneBitSampling = UART_ONE_BIT_SAMPLE_DISABLE;
  58              		.loc 1 42 0
  59 001e 0362     		str	r3, [r0, #32]
  43:Src/usart.c   ****   huart2.AdvancedInit.AdvFeatureInit = UART_ADVFEATURE_NO_INIT;
  60              		.loc 1 43 0
  61 0020 4362     		str	r3, [r0, #36]
  44:Src/usart.c   ****   if (HAL_UART_Init(&huart2) != HAL_OK)
  62              		.loc 1 44 0
  63 0022 FFF7FEFF 		bl	HAL_UART_Init
  64              	.LVL0:
  65 0026 00B9     		cbnz	r0, .L4
  66              	.L1:
  45:Src/usart.c   ****   {
  46:Src/usart.c   ****     Error_Handler();
  47:Src/usart.c   ****   }
  48:Src/usart.c   **** 
  49:Src/usart.c   **** }
ARM GAS  /tmp/cc11S12R.s 			page 3


  67              		.loc 1 49 0
  68 0028 08BD     		pop	{r3, pc}
  69              	.L4:
  46:Src/usart.c   ****   }
  70              		.loc 1 46 0
  71 002a FFF7FEFF 		bl	Error_Handler
  72              	.LVL1:
  73              		.loc 1 49 0
  74 002e FBE7     		b	.L1
  75              	.L6:
  76              		.align	2
  77              	.L5:
  78 0030 00000000 		.word	huart2
  79 0034 00440040 		.word	1073759232
  80              		.cfi_endproc
  81              	.LFE130:
  83              		.section	.text.HAL_UART_MspInit,"ax",%progbits
  84              		.align	1
  85              		.global	HAL_UART_MspInit
  86              		.syntax unified
  87              		.thumb
  88              		.thumb_func
  89              		.fpu fpv4-sp-d16
  91              	HAL_UART_MspInit:
  92              	.LFB131:
  50:Src/usart.c   **** 
  51:Src/usart.c   **** void HAL_UART_MspInit(UART_HandleTypeDef* uartHandle)
  52:Src/usart.c   **** {
  93              		.loc 1 52 0
  94              		.cfi_startproc
  95              		@ args = 0, pretend = 0, frame = 32
  96              		@ frame_needed = 0, uses_anonymous_args = 0
  97              	.LVL2:
  98 0000 00B5     		push	{lr}
  99              	.LCFI1:
 100              		.cfi_def_cfa_offset 4
 101              		.cfi_offset 14, -4
 102 0002 89B0     		sub	sp, sp, #36
 103              	.LCFI2:
 104              		.cfi_def_cfa_offset 40
  53:Src/usart.c   **** 
  54:Src/usart.c   ****   GPIO_InitTypeDef GPIO_InitStruct = {0};
 105              		.loc 1 54 0
 106 0004 0023     		movs	r3, #0
 107 0006 0393     		str	r3, [sp, #12]
 108 0008 0493     		str	r3, [sp, #16]
 109 000a 0593     		str	r3, [sp, #20]
 110 000c 0693     		str	r3, [sp, #24]
 111 000e 0793     		str	r3, [sp, #28]
  55:Src/usart.c   ****   if(uartHandle->Instance==USART2)
 112              		.loc 1 55 0
 113 0010 0268     		ldr	r2, [r0]
 114 0012 144B     		ldr	r3, .L11
 115 0014 9A42     		cmp	r2, r3
 116 0016 02D0     		beq	.L10
 117              	.LVL3:
 118              	.L7:
ARM GAS  /tmp/cc11S12R.s 			page 4


  56:Src/usart.c   ****   {
  57:Src/usart.c   ****   /* USER CODE BEGIN USART2_MspInit 0 */
  58:Src/usart.c   **** 
  59:Src/usart.c   ****   /* USER CODE END USART2_MspInit 0 */
  60:Src/usart.c   ****     /* USART2 clock enable */
  61:Src/usart.c   ****     __HAL_RCC_USART2_CLK_ENABLE();
  62:Src/usart.c   ****   
  63:Src/usart.c   ****     __HAL_RCC_GPIOA_CLK_ENABLE();
  64:Src/usart.c   ****     /**USART2 GPIO Configuration    
  65:Src/usart.c   ****     PA2     ------> USART2_TX
  66:Src/usart.c   ****     PA3     ------> USART2_RX 
  67:Src/usart.c   ****     */
  68:Src/usart.c   ****     GPIO_InitStruct.Pin = USART_TX_Pin|USART_RX_Pin;
  69:Src/usart.c   ****     GPIO_InitStruct.Mode = GPIO_MODE_AF_PP;
  70:Src/usart.c   ****     GPIO_InitStruct.Pull = GPIO_NOPULL;
  71:Src/usart.c   ****     GPIO_InitStruct.Speed = GPIO_SPEED_FREQ_VERY_HIGH;
  72:Src/usart.c   ****     GPIO_InitStruct.Alternate = GPIO_AF7_USART2;
  73:Src/usart.c   ****     HAL_GPIO_Init(GPIOA, &GPIO_InitStruct);
  74:Src/usart.c   **** 
  75:Src/usart.c   ****   /* USER CODE BEGIN USART2_MspInit 1 */
  76:Src/usart.c   **** 
  77:Src/usart.c   ****   /* USER CODE END USART2_MspInit 1 */
  78:Src/usart.c   ****   }
  79:Src/usart.c   **** }
 119              		.loc 1 79 0
 120 0018 09B0     		add	sp, sp, #36
 121              	.LCFI3:
 122              		.cfi_remember_state
 123              		.cfi_def_cfa_offset 4
 124              		@ sp needed
 125 001a 5DF804FB 		ldr	pc, [sp], #4
 126              	.LVL4:
 127              	.L10:
 128              	.LCFI4:
 129              		.cfi_restore_state
 130              	.LBB2:
  61:Src/usart.c   ****   
 131              		.loc 1 61 0
 132 001e 03F5E633 		add	r3, r3, #117760
 133 0022 9A6D     		ldr	r2, [r3, #88]
 134 0024 42F40032 		orr	r2, r2, #131072
 135 0028 9A65     		str	r2, [r3, #88]
 136 002a 9A6D     		ldr	r2, [r3, #88]
 137 002c 02F40032 		and	r2, r2, #131072
 138 0030 0192     		str	r2, [sp, #4]
 139 0032 019A     		ldr	r2, [sp, #4]
 140              	.LBE2:
 141              	.LBB3:
  63:Src/usart.c   ****     /**USART2 GPIO Configuration    
 142              		.loc 1 63 0
 143 0034 DA6C     		ldr	r2, [r3, #76]
 144 0036 42F00102 		orr	r2, r2, #1
 145 003a DA64     		str	r2, [r3, #76]
 146 003c DB6C     		ldr	r3, [r3, #76]
 147 003e 03F00103 		and	r3, r3, #1
 148 0042 0293     		str	r3, [sp, #8]
 149 0044 029B     		ldr	r3, [sp, #8]
ARM GAS  /tmp/cc11S12R.s 			page 5


 150              	.LBE3:
  68:Src/usart.c   ****     GPIO_InitStruct.Mode = GPIO_MODE_AF_PP;
 151              		.loc 1 68 0
 152 0046 0C23     		movs	r3, #12
 153 0048 0393     		str	r3, [sp, #12]
  69:Src/usart.c   ****     GPIO_InitStruct.Pull = GPIO_NOPULL;
 154              		.loc 1 69 0
 155 004a 0223     		movs	r3, #2
 156 004c 0493     		str	r3, [sp, #16]
  71:Src/usart.c   ****     GPIO_InitStruct.Alternate = GPIO_AF7_USART2;
 157              		.loc 1 71 0
 158 004e 0323     		movs	r3, #3
 159 0050 0693     		str	r3, [sp, #24]
  72:Src/usart.c   ****     HAL_GPIO_Init(GPIOA, &GPIO_InitStruct);
 160              		.loc 1 72 0
 161 0052 0723     		movs	r3, #7
 162 0054 0793     		str	r3, [sp, #28]
  73:Src/usart.c   **** 
 163              		.loc 1 73 0
 164 0056 03A9     		add	r1, sp, #12
 165 0058 4FF09040 		mov	r0, #1207959552
 166              	.LVL5:
 167 005c FFF7FEFF 		bl	HAL_GPIO_Init
 168              	.LVL6:
 169              		.loc 1 79 0
 170 0060 DAE7     		b	.L7
 171              	.L12:
 172 0062 00BF     		.align	2
 173              	.L11:
 174 0064 00440040 		.word	1073759232
 175              		.cfi_endproc
 176              	.LFE131:
 178              		.section	.text.HAL_UART_MspDeInit,"ax",%progbits
 179              		.align	1
 180              		.global	HAL_UART_MspDeInit
 181              		.syntax unified
 182              		.thumb
 183              		.thumb_func
 184              		.fpu fpv4-sp-d16
 186              	HAL_UART_MspDeInit:
 187              	.LFB132:
  80:Src/usart.c   **** 
  81:Src/usart.c   **** void HAL_UART_MspDeInit(UART_HandleTypeDef* uartHandle)
  82:Src/usart.c   **** {
 188              		.loc 1 82 0
 189              		.cfi_startproc
 190              		@ args = 0, pretend = 0, frame = 0
 191              		@ frame_needed = 0, uses_anonymous_args = 0
 192              	.LVL7:
 193 0000 08B5     		push	{r3, lr}
 194              	.LCFI5:
 195              		.cfi_def_cfa_offset 8
 196              		.cfi_offset 3, -8
 197              		.cfi_offset 14, -4
  83:Src/usart.c   **** 
  84:Src/usart.c   ****   if(uartHandle->Instance==USART2)
 198              		.loc 1 84 0
ARM GAS  /tmp/cc11S12R.s 			page 6


 199 0002 0268     		ldr	r2, [r0]
 200 0004 074B     		ldr	r3, .L17
 201 0006 9A42     		cmp	r2, r3
 202 0008 00D0     		beq	.L16
 203              	.LVL8:
 204              	.L13:
  85:Src/usart.c   ****   {
  86:Src/usart.c   ****   /* USER CODE BEGIN USART2_MspDeInit 0 */
  87:Src/usart.c   **** 
  88:Src/usart.c   ****   /* USER CODE END USART2_MspDeInit 0 */
  89:Src/usart.c   ****     /* Peripheral clock disable */
  90:Src/usart.c   ****     __HAL_RCC_USART2_CLK_DISABLE();
  91:Src/usart.c   ****   
  92:Src/usart.c   ****     /**USART2 GPIO Configuration    
  93:Src/usart.c   ****     PA2     ------> USART2_TX
  94:Src/usart.c   ****     PA3     ------> USART2_RX 
  95:Src/usart.c   ****     */
  96:Src/usart.c   ****     HAL_GPIO_DeInit(GPIOA, USART_TX_Pin|USART_RX_Pin);
  97:Src/usart.c   **** 
  98:Src/usart.c   ****   /* USER CODE BEGIN USART2_MspDeInit 1 */
  99:Src/usart.c   **** 
 100:Src/usart.c   ****   /* USER CODE END USART2_MspDeInit 1 */
 101:Src/usart.c   ****   }
 102:Src/usart.c   **** } 
 205              		.loc 1 102 0
 206 000a 08BD     		pop	{r3, pc}
 207              	.LVL9:
 208              	.L16:
  90:Src/usart.c   ****   
 209              		.loc 1 90 0
 210 000c 064A     		ldr	r2, .L17+4
 211 000e 936D     		ldr	r3, [r2, #88]
 212 0010 23F40033 		bic	r3, r3, #131072
 213 0014 9365     		str	r3, [r2, #88]
  96:Src/usart.c   **** 
 214              		.loc 1 96 0
 215 0016 0C21     		movs	r1, #12
 216 0018 4FF09040 		mov	r0, #1207959552
 217              	.LVL10:
 218 001c FFF7FEFF 		bl	HAL_GPIO_DeInit
 219              	.LVL11:
 220              		.loc 1 102 0
 221 0020 F3E7     		b	.L13
 222              	.L18:
 223 0022 00BF     		.align	2
 224              	.L17:
 225 0024 00440040 		.word	1073759232
 226 0028 00100240 		.word	1073876992
 227              		.cfi_endproc
 228              	.LFE132:
 230              		.comm	huart2,128,4
 231              		.text
 232              	.Letext0:
 233              		.file 2 "/home/jon/KODMOD/EMBEDDED_TOOLCHAINS/gcc-arm-none-eabi-7-2018-q2-update/arm-none-eabi/inc
 234              		.file 3 "/home/jon/KODMOD/EMBEDDED_TOOLCHAINS/gcc-arm-none-eabi-7-2018-q2-update/arm-none-eabi/inc
 235              		.file 4 "Drivers/CMSIS/Include/core_cm4.h"
 236              		.file 5 "Drivers/CMSIS/Device/ST/STM32L4xx/Include/system_stm32l4xx.h"
ARM GAS  /tmp/cc11S12R.s 			page 7


 237              		.file 6 "Drivers/CMSIS/Device/ST/STM32L4xx/Include/stm32l452xx.h"
 238              		.file 7 "Drivers/STM32L4xx_HAL_Driver/Inc/stm32l4xx_hal_def.h"
 239              		.file 8 "Drivers/STM32L4xx_HAL_Driver/Inc/stm32l4xx_hal_gpio.h"
 240              		.file 9 "Drivers/STM32L4xx_HAL_Driver/Inc/stm32l4xx_hal_dma.h"
 241              		.file 10 "Drivers/STM32L4xx_HAL_Driver/Inc/stm32l4xx_hal_flash.h"
 242              		.file 11 "Drivers/STM32L4xx_HAL_Driver/Inc/stm32l4xx_hal_uart.h"
 243              		.file 12 "Drivers/STM32L4xx_HAL_Driver/Inc/stm32l4xx_hal.h"
 244              		.file 13 "Inc/usart.h"
 245              		.file 14 "Inc/main.h"
ARM GAS  /tmp/cc11S12R.s 			page 8


DEFINED SYMBOLS
                            *ABS*:0000000000000000 usart.c
     /tmp/cc11S12R.s:18     .text.MX_USART2_UART_Init:0000000000000000 $t
     /tmp/cc11S12R.s:25     .text.MX_USART2_UART_Init:0000000000000000 MX_USART2_UART_Init
     /tmp/cc11S12R.s:78     .text.MX_USART2_UART_Init:0000000000000030 $d
                            *COM*:0000000000000080 huart2
     /tmp/cc11S12R.s:84     .text.HAL_UART_MspInit:0000000000000000 $t
     /tmp/cc11S12R.s:91     .text.HAL_UART_MspInit:0000000000000000 HAL_UART_MspInit
     /tmp/cc11S12R.s:174    .text.HAL_UART_MspInit:0000000000000064 $d
     /tmp/cc11S12R.s:179    .text.HAL_UART_MspDeInit:0000000000000000 $t
     /tmp/cc11S12R.s:186    .text.HAL_UART_MspDeInit:0000000000000000 HAL_UART_MspDeInit
     /tmp/cc11S12R.s:225    .text.HAL_UART_MspDeInit:0000000000000024 $d

UNDEFINED SYMBOLS
HAL_UART_Init
Error_Handler
HAL_GPIO_Init
HAL_GPIO_DeInit
