ARM GAS  /tmp/ccu8GTcL.s 			page 1


   1              		.cpu cortex-m4
   2              		.eabi_attribute 27, 1
   3              		.eabi_attribute 28, 1
   4              		.eabi_attribute 20, 1
   5              		.eabi_attribute 21, 1
   6              		.eabi_attribute 23, 3
   7              		.eabi_attribute 24, 1
   8              		.eabi_attribute 25, 1
   9              		.eabi_attribute 26, 1
  10              		.eabi_attribute 30, 6
  11              		.eabi_attribute 34, 1
  12              		.eabi_attribute 18, 4
  13              		.file	"bl_main.c"
  14              		.text
  15              	.Ltext0:
  16              		.cfi_sections	.debug_frame
  17              		.section	.text.main,"ax",%progbits
  18              		.align	1
  19              		.global	main
  20              		.syntax unified
  21              		.thumb
  22              		.thumb_func
  23              		.fpu fpv4-sp-d16
  25              	main:
  26              	.LFB0:
  27              		.file 1 "bl_main.c"
   1:bl_main.c     **** 
   2:bl_main.c     **** 
   3:bl_main.c     **** int main(void)
   4:bl_main.c     **** {
  28              		.loc 1 4 0
  29              		.cfi_startproc
  30              		@ args = 0, pretend = 0, frame = 0
  31              		@ frame_needed = 1, uses_anonymous_args = 0
  32              		@ link register save eliminated.
  33 0000 80B4     		push	{r7}
  34              	.LCFI0:
  35              		.cfi_def_cfa_offset 4
  36              		.cfi_offset 7, -4
  37 0002 00AF     		add	r7, sp, #0
  38              	.LCFI1:
  39              		.cfi_def_cfa_register 7
  40              	.L2:
   5:bl_main.c     ****   while(1) {}
  41              		.loc 1 5 0 discriminator 1
  42 0004 FEE7     		b	.L2
  43              		.cfi_endproc
  44              	.LFE0:
  46              		.text
  47              	.Letext0:
ARM GAS  /tmp/ccu8GTcL.s 			page 2


DEFINED SYMBOLS
                            *ABS*:0000000000000000 bl_main.c
     /tmp/ccu8GTcL.s:18     .text.main:0000000000000000 $t
     /tmp/ccu8GTcL.s:25     .text.main:0000000000000000 main
                     .debug_frame:0000000000000010 $d

NO UNDEFINED SYMBOLS
