ARM GAS  /tmp/ccRorCn3.s 			page 1


   1              		.cpu cortex-m4
   2              		.eabi_attribute 27, 1
   3              		.eabi_attribute 28, 1
   4              		.eabi_attribute 20, 1
   5              		.eabi_attribute 21, 1
   6              		.eabi_attribute 23, 3
   7              		.eabi_attribute 24, 1
   8              		.eabi_attribute 25, 1
   9              		.eabi_attribute 26, 1
  10              		.eabi_attribute 30, 6
  11              		.eabi_attribute 34, 1
  12              		.eabi_attribute 18, 4
  13              		.file	"stm32f3xx_hal_pcd_ex.c"
  14              		.text
  15              	.Ltext0:
  16              		.cfi_sections	.debug_frame
  17              		.section	.text.HAL_PCDEx_PMAConfig,"ax",%progbits
  18              		.align	1
  19              		.global	HAL_PCDEx_PMAConfig
  20              		.syntax unified
  21              		.thumb
  22              		.thumb_func
  23              		.fpu fpv4-sp-d16
  25              	HAL_PCDEx_PMAConfig:
  26              	.LFB130:
  27              		.file 1 "../Drivers/STM32F3xx_HAL_Driver/Src/stm32f3xx_hal_pcd_ex.c"
   1:../Drivers/STM32F3xx_HAL_Driver/Src/stm32f3xx_hal_pcd_ex.c **** /**
   2:../Drivers/STM32F3xx_HAL_Driver/Src/stm32f3xx_hal_pcd_ex.c ****   ******************************************************************************
   3:../Drivers/STM32F3xx_HAL_Driver/Src/stm32f3xx_hal_pcd_ex.c ****   * @file    stm32f3xx_hal_pcd_ex.c
   4:../Drivers/STM32F3xx_HAL_Driver/Src/stm32f3xx_hal_pcd_ex.c ****   * @author  MCD Application Team
   5:../Drivers/STM32F3xx_HAL_Driver/Src/stm32f3xx_hal_pcd_ex.c ****   * @brief   PCD Extended HAL module driver.
   6:../Drivers/STM32F3xx_HAL_Driver/Src/stm32f3xx_hal_pcd_ex.c ****   *          This file provides firmware functions to manage the following
   7:../Drivers/STM32F3xx_HAL_Driver/Src/stm32f3xx_hal_pcd_ex.c ****   *          functionalities of the USB Peripheral Controller:
   8:../Drivers/STM32F3xx_HAL_Driver/Src/stm32f3xx_hal_pcd_ex.c ****   *           + Extended features functions
   9:../Drivers/STM32F3xx_HAL_Driver/Src/stm32f3xx_hal_pcd_ex.c ****   *
  10:../Drivers/STM32F3xx_HAL_Driver/Src/stm32f3xx_hal_pcd_ex.c ****   ******************************************************************************
  11:../Drivers/STM32F3xx_HAL_Driver/Src/stm32f3xx_hal_pcd_ex.c ****   * @attention
  12:../Drivers/STM32F3xx_HAL_Driver/Src/stm32f3xx_hal_pcd_ex.c ****   *
  13:../Drivers/STM32F3xx_HAL_Driver/Src/stm32f3xx_hal_pcd_ex.c ****   * <h2><center>&copy; Copyright (c) 2016 STMicroelectronics.
  14:../Drivers/STM32F3xx_HAL_Driver/Src/stm32f3xx_hal_pcd_ex.c ****   * All rights reserved.</center></h2>
  15:../Drivers/STM32F3xx_HAL_Driver/Src/stm32f3xx_hal_pcd_ex.c ****   *
  16:../Drivers/STM32F3xx_HAL_Driver/Src/stm32f3xx_hal_pcd_ex.c ****   * This software component is licensed by ST under BSD 3-Clause license,
  17:../Drivers/STM32F3xx_HAL_Driver/Src/stm32f3xx_hal_pcd_ex.c ****   * the "License"; You may not use this file except in compliance with the
  18:../Drivers/STM32F3xx_HAL_Driver/Src/stm32f3xx_hal_pcd_ex.c ****   * License. You may obtain a copy of the License at:
  19:../Drivers/STM32F3xx_HAL_Driver/Src/stm32f3xx_hal_pcd_ex.c ****   *                        opensource.org/licenses/BSD-3-Clause
  20:../Drivers/STM32F3xx_HAL_Driver/Src/stm32f3xx_hal_pcd_ex.c ****   *
  21:../Drivers/STM32F3xx_HAL_Driver/Src/stm32f3xx_hal_pcd_ex.c ****   ******************************************************************************
  22:../Drivers/STM32F3xx_HAL_Driver/Src/stm32f3xx_hal_pcd_ex.c ****   */
  23:../Drivers/STM32F3xx_HAL_Driver/Src/stm32f3xx_hal_pcd_ex.c **** 
  24:../Drivers/STM32F3xx_HAL_Driver/Src/stm32f3xx_hal_pcd_ex.c **** /* Includes ------------------------------------------------------------------*/
  25:../Drivers/STM32F3xx_HAL_Driver/Src/stm32f3xx_hal_pcd_ex.c **** #include "stm32f3xx_hal.h"
  26:../Drivers/STM32F3xx_HAL_Driver/Src/stm32f3xx_hal_pcd_ex.c **** 
  27:../Drivers/STM32F3xx_HAL_Driver/Src/stm32f3xx_hal_pcd_ex.c **** /** @addtogroup STM32F3xx_HAL_Driver
  28:../Drivers/STM32F3xx_HAL_Driver/Src/stm32f3xx_hal_pcd_ex.c ****   * @{
  29:../Drivers/STM32F3xx_HAL_Driver/Src/stm32f3xx_hal_pcd_ex.c ****   */
  30:../Drivers/STM32F3xx_HAL_Driver/Src/stm32f3xx_hal_pcd_ex.c **** 
  31:../Drivers/STM32F3xx_HAL_Driver/Src/stm32f3xx_hal_pcd_ex.c **** /** @defgroup PCDEx PCDEx
ARM GAS  /tmp/ccRorCn3.s 			page 2


  32:../Drivers/STM32F3xx_HAL_Driver/Src/stm32f3xx_hal_pcd_ex.c ****   * @brief PCD Extended HAL module driver
  33:../Drivers/STM32F3xx_HAL_Driver/Src/stm32f3xx_hal_pcd_ex.c ****   * @{
  34:../Drivers/STM32F3xx_HAL_Driver/Src/stm32f3xx_hal_pcd_ex.c ****   */
  35:../Drivers/STM32F3xx_HAL_Driver/Src/stm32f3xx_hal_pcd_ex.c **** 
  36:../Drivers/STM32F3xx_HAL_Driver/Src/stm32f3xx_hal_pcd_ex.c **** #ifdef HAL_PCD_MODULE_ENABLED
  37:../Drivers/STM32F3xx_HAL_Driver/Src/stm32f3xx_hal_pcd_ex.c **** 
  38:../Drivers/STM32F3xx_HAL_Driver/Src/stm32f3xx_hal_pcd_ex.c **** #if defined (USB)
  39:../Drivers/STM32F3xx_HAL_Driver/Src/stm32f3xx_hal_pcd_ex.c **** /* Private types -------------------------------------------------------------*/
  40:../Drivers/STM32F3xx_HAL_Driver/Src/stm32f3xx_hal_pcd_ex.c **** /* Private variables ---------------------------------------------------------*/
  41:../Drivers/STM32F3xx_HAL_Driver/Src/stm32f3xx_hal_pcd_ex.c **** /* Private constants ---------------------------------------------------------*/
  42:../Drivers/STM32F3xx_HAL_Driver/Src/stm32f3xx_hal_pcd_ex.c **** /* Private macros ------------------------------------------------------------*/
  43:../Drivers/STM32F3xx_HAL_Driver/Src/stm32f3xx_hal_pcd_ex.c **** /* Private functions ---------------------------------------------------------*/
  44:../Drivers/STM32F3xx_HAL_Driver/Src/stm32f3xx_hal_pcd_ex.c **** /* Exported functions --------------------------------------------------------*/
  45:../Drivers/STM32F3xx_HAL_Driver/Src/stm32f3xx_hal_pcd_ex.c **** 
  46:../Drivers/STM32F3xx_HAL_Driver/Src/stm32f3xx_hal_pcd_ex.c **** /** @defgroup PCDEx_Exported_Functions PCDEx Exported Functions
  47:../Drivers/STM32F3xx_HAL_Driver/Src/stm32f3xx_hal_pcd_ex.c ****   * @{
  48:../Drivers/STM32F3xx_HAL_Driver/Src/stm32f3xx_hal_pcd_ex.c ****   */
  49:../Drivers/STM32F3xx_HAL_Driver/Src/stm32f3xx_hal_pcd_ex.c **** 
  50:../Drivers/STM32F3xx_HAL_Driver/Src/stm32f3xx_hal_pcd_ex.c **** /** @defgroup PCDEx_Exported_Functions_Group1 Peripheral Control functions
  51:../Drivers/STM32F3xx_HAL_Driver/Src/stm32f3xx_hal_pcd_ex.c ****   * @brief    PCDEx control functions
  52:../Drivers/STM32F3xx_HAL_Driver/Src/stm32f3xx_hal_pcd_ex.c ****  *
  53:../Drivers/STM32F3xx_HAL_Driver/Src/stm32f3xx_hal_pcd_ex.c **** @verbatim
  54:../Drivers/STM32F3xx_HAL_Driver/Src/stm32f3xx_hal_pcd_ex.c ****  ===============================================================================
  55:../Drivers/STM32F3xx_HAL_Driver/Src/stm32f3xx_hal_pcd_ex.c ****                  ##### Extended features functions #####
  56:../Drivers/STM32F3xx_HAL_Driver/Src/stm32f3xx_hal_pcd_ex.c ****  ===============================================================================
  57:../Drivers/STM32F3xx_HAL_Driver/Src/stm32f3xx_hal_pcd_ex.c ****     [..]  This section provides functions allowing to:
  58:../Drivers/STM32F3xx_HAL_Driver/Src/stm32f3xx_hal_pcd_ex.c ****       (+) Update FIFO configuration
  59:../Drivers/STM32F3xx_HAL_Driver/Src/stm32f3xx_hal_pcd_ex.c **** 
  60:../Drivers/STM32F3xx_HAL_Driver/Src/stm32f3xx_hal_pcd_ex.c **** @endverbatim
  61:../Drivers/STM32F3xx_HAL_Driver/Src/stm32f3xx_hal_pcd_ex.c ****   * @{
  62:../Drivers/STM32F3xx_HAL_Driver/Src/stm32f3xx_hal_pcd_ex.c ****   */
  63:../Drivers/STM32F3xx_HAL_Driver/Src/stm32f3xx_hal_pcd_ex.c **** 
  64:../Drivers/STM32F3xx_HAL_Driver/Src/stm32f3xx_hal_pcd_ex.c **** /**
  65:../Drivers/STM32F3xx_HAL_Driver/Src/stm32f3xx_hal_pcd_ex.c ****   * @brief  Configure PMA for EP
  66:../Drivers/STM32F3xx_HAL_Driver/Src/stm32f3xx_hal_pcd_ex.c ****   * @param  hpcd  Device instance
  67:../Drivers/STM32F3xx_HAL_Driver/Src/stm32f3xx_hal_pcd_ex.c ****   * @param  ep_addr endpoint address
  68:../Drivers/STM32F3xx_HAL_Driver/Src/stm32f3xx_hal_pcd_ex.c ****   * @param  ep_kind endpoint Kind
  69:../Drivers/STM32F3xx_HAL_Driver/Src/stm32f3xx_hal_pcd_ex.c ****   *                  USB_SNG_BUF: Single Buffer used
  70:../Drivers/STM32F3xx_HAL_Driver/Src/stm32f3xx_hal_pcd_ex.c ****   *                  USB_DBL_BUF: Double Buffer used
  71:../Drivers/STM32F3xx_HAL_Driver/Src/stm32f3xx_hal_pcd_ex.c ****   * @param  pmaadress: EP address in The PMA: In case of single buffer endpoint
  72:../Drivers/STM32F3xx_HAL_Driver/Src/stm32f3xx_hal_pcd_ex.c ****   *                   this parameter is 16-bit value providing the address
  73:../Drivers/STM32F3xx_HAL_Driver/Src/stm32f3xx_hal_pcd_ex.c ****   *                   in PMA allocated to endpoint.
  74:../Drivers/STM32F3xx_HAL_Driver/Src/stm32f3xx_hal_pcd_ex.c ****   *                   In case of double buffer endpoint this parameter
  75:../Drivers/STM32F3xx_HAL_Driver/Src/stm32f3xx_hal_pcd_ex.c ****   *                   is a 32-bit value providing the endpoint buffer 0 address
  76:../Drivers/STM32F3xx_HAL_Driver/Src/stm32f3xx_hal_pcd_ex.c ****   *                   in the LSB part of 32-bit value and endpoint buffer 1 address
  77:../Drivers/STM32F3xx_HAL_Driver/Src/stm32f3xx_hal_pcd_ex.c ****   *                   in the MSB part of 32-bit value.
  78:../Drivers/STM32F3xx_HAL_Driver/Src/stm32f3xx_hal_pcd_ex.c ****   * @retval HAL status
  79:../Drivers/STM32F3xx_HAL_Driver/Src/stm32f3xx_hal_pcd_ex.c ****   */
  80:../Drivers/STM32F3xx_HAL_Driver/Src/stm32f3xx_hal_pcd_ex.c **** 
  81:../Drivers/STM32F3xx_HAL_Driver/Src/stm32f3xx_hal_pcd_ex.c **** HAL_StatusTypeDef  HAL_PCDEx_PMAConfig(PCD_HandleTypeDef *hpcd,
  82:../Drivers/STM32F3xx_HAL_Driver/Src/stm32f3xx_hal_pcd_ex.c ****                                        uint16_t ep_addr,
  83:../Drivers/STM32F3xx_HAL_Driver/Src/stm32f3xx_hal_pcd_ex.c ****                                        uint16_t ep_kind,
  84:../Drivers/STM32F3xx_HAL_Driver/Src/stm32f3xx_hal_pcd_ex.c ****                                        uint32_t pmaadress)
  85:../Drivers/STM32F3xx_HAL_Driver/Src/stm32f3xx_hal_pcd_ex.c **** {
  28              		.loc 1 85 0
  29              		.cfi_startproc
  30              		@ args = 0, pretend = 0, frame = 24
ARM GAS  /tmp/ccRorCn3.s 			page 3


  31              		@ frame_needed = 1, uses_anonymous_args = 0
  32              		@ link register save eliminated.
  33 0000 80B4     		push	{r7}
  34              	.LCFI0:
  35              		.cfi_def_cfa_offset 4
  36              		.cfi_offset 7, -4
  37 0002 87B0     		sub	sp, sp, #28
  38              	.LCFI1:
  39              		.cfi_def_cfa_offset 32
  40 0004 00AF     		add	r7, sp, #0
  41              	.LCFI2:
  42              		.cfi_def_cfa_register 7
  43 0006 F860     		str	r0, [r7, #12]
  44 0008 7B60     		str	r3, [r7, #4]
  45 000a 0B46     		mov	r3, r1	@ movhi
  46 000c 7B81     		strh	r3, [r7, #10]	@ movhi
  47 000e 1346     		mov	r3, r2	@ movhi
  48 0010 3B81     		strh	r3, [r7, #8]	@ movhi
  86:../Drivers/STM32F3xx_HAL_Driver/Src/stm32f3xx_hal_pcd_ex.c ****   PCD_EPTypeDef *ep;
  87:../Drivers/STM32F3xx_HAL_Driver/Src/stm32f3xx_hal_pcd_ex.c **** 
  88:../Drivers/STM32F3xx_HAL_Driver/Src/stm32f3xx_hal_pcd_ex.c ****   /* initialize ep structure*/
  89:../Drivers/STM32F3xx_HAL_Driver/Src/stm32f3xx_hal_pcd_ex.c ****   if ((0x80U & ep_addr) == 0x80U)
  49              		.loc 1 89 0
  50 0012 7B89     		ldrh	r3, [r7, #10]	@ movhi
  51 0014 03F08003 		and	r3, r3, #128
  52 0018 9BB2     		uxth	r3, r3
  53 001a 002B     		cmp	r3, #0
  54 001c 08D0     		beq	.L2
  90:../Drivers/STM32F3xx_HAL_Driver/Src/stm32f3xx_hal_pcd_ex.c ****   {
  91:../Drivers/STM32F3xx_HAL_Driver/Src/stm32f3xx_hal_pcd_ex.c ****     ep = &hpcd->IN_ep[ep_addr & EP_ADDR_MSK];
  55              		.loc 1 91 0
  56 001e 7B89     		ldrh	r3, [r7, #10]
  57 0020 03F00703 		and	r3, r3, #7
  58 0024 5B01     		lsls	r3, r3, #5
  59 0026 2833     		adds	r3, r3, #40
  60 0028 FA68     		ldr	r2, [r7, #12]
  61 002a 1344     		add	r3, r3, r2
  62 002c 7B61     		str	r3, [r7, #20]
  63 002e 06E0     		b	.L3
  64              	.L2:
  92:../Drivers/STM32F3xx_HAL_Driver/Src/stm32f3xx_hal_pcd_ex.c ****   }
  93:../Drivers/STM32F3xx_HAL_Driver/Src/stm32f3xx_hal_pcd_ex.c ****   else
  94:../Drivers/STM32F3xx_HAL_Driver/Src/stm32f3xx_hal_pcd_ex.c ****   {
  95:../Drivers/STM32F3xx_HAL_Driver/Src/stm32f3xx_hal_pcd_ex.c ****     ep = &hpcd->OUT_ep[ep_addr];
  65              		.loc 1 95 0
  66 0030 7B89     		ldrh	r3, [r7, #10]
  67 0032 5B01     		lsls	r3, r3, #5
  68 0034 03F59473 		add	r3, r3, #296
  69 0038 FA68     		ldr	r2, [r7, #12]
  70 003a 1344     		add	r3, r3, r2
  71 003c 7B61     		str	r3, [r7, #20]
  72              	.L3:
  96:../Drivers/STM32F3xx_HAL_Driver/Src/stm32f3xx_hal_pcd_ex.c ****   }
  97:../Drivers/STM32F3xx_HAL_Driver/Src/stm32f3xx_hal_pcd_ex.c **** 
  98:../Drivers/STM32F3xx_HAL_Driver/Src/stm32f3xx_hal_pcd_ex.c ****   /* Here we check if the endpoint is single or double Buffer*/
  99:../Drivers/STM32F3xx_HAL_Driver/Src/stm32f3xx_hal_pcd_ex.c ****   if (ep_kind == PCD_SNG_BUF)
  73              		.loc 1 99 0
ARM GAS  /tmp/ccRorCn3.s 			page 4


  74 003e 3B89     		ldrh	r3, [r7, #8]
  75 0040 002B     		cmp	r3, #0
  76 0042 07D1     		bne	.L4
 100:../Drivers/STM32F3xx_HAL_Driver/Src/stm32f3xx_hal_pcd_ex.c ****   {
 101:../Drivers/STM32F3xx_HAL_Driver/Src/stm32f3xx_hal_pcd_ex.c ****     /* Single Buffer */
 102:../Drivers/STM32F3xx_HAL_Driver/Src/stm32f3xx_hal_pcd_ex.c ****     ep->doublebuffer = 0U;
  77              		.loc 1 102 0
  78 0044 7B69     		ldr	r3, [r7, #20]
  79 0046 0022     		movs	r2, #0
  80 0048 1A73     		strb	r2, [r3, #12]
 103:../Drivers/STM32F3xx_HAL_Driver/Src/stm32f3xx_hal_pcd_ex.c ****     /* Configure the PMA */
 104:../Drivers/STM32F3xx_HAL_Driver/Src/stm32f3xx_hal_pcd_ex.c ****     ep->pmaadress = (uint16_t)pmaadress;
  81              		.loc 1 104 0
  82 004a 7B68     		ldr	r3, [r7, #4]
  83 004c 9AB2     		uxth	r2, r3
  84 004e 7B69     		ldr	r3, [r7, #20]
  85 0050 DA80     		strh	r2, [r3, #6]	@ movhi
  86 0052 0BE0     		b	.L5
  87              	.L4:
 105:../Drivers/STM32F3xx_HAL_Driver/Src/stm32f3xx_hal_pcd_ex.c ****   }
 106:../Drivers/STM32F3xx_HAL_Driver/Src/stm32f3xx_hal_pcd_ex.c ****   else /* USB_DBL_BUF */
 107:../Drivers/STM32F3xx_HAL_Driver/Src/stm32f3xx_hal_pcd_ex.c ****   {
 108:../Drivers/STM32F3xx_HAL_Driver/Src/stm32f3xx_hal_pcd_ex.c ****     /* Double Buffer Endpoint */
 109:../Drivers/STM32F3xx_HAL_Driver/Src/stm32f3xx_hal_pcd_ex.c ****     ep->doublebuffer = 1U;
  88              		.loc 1 109 0
  89 0054 7B69     		ldr	r3, [r7, #20]
  90 0056 0122     		movs	r2, #1
  91 0058 1A73     		strb	r2, [r3, #12]
 110:../Drivers/STM32F3xx_HAL_Driver/Src/stm32f3xx_hal_pcd_ex.c ****     /* Configure the PMA */
 111:../Drivers/STM32F3xx_HAL_Driver/Src/stm32f3xx_hal_pcd_ex.c ****     ep->pmaaddr0 = (uint16_t)(pmaadress & 0xFFFFU);
  92              		.loc 1 111 0
  93 005a 7B68     		ldr	r3, [r7, #4]
  94 005c 9AB2     		uxth	r2, r3
  95 005e 7B69     		ldr	r3, [r7, #20]
  96 0060 1A81     		strh	r2, [r3, #8]	@ movhi
 112:../Drivers/STM32F3xx_HAL_Driver/Src/stm32f3xx_hal_pcd_ex.c ****     ep->pmaaddr1 = (uint16_t)((pmaadress & 0xFFFF0000U) >> 16);
  97              		.loc 1 112 0
  98 0062 7B68     		ldr	r3, [r7, #4]
  99 0064 1B0C     		lsrs	r3, r3, #16
 100 0066 9AB2     		uxth	r2, r3
 101 0068 7B69     		ldr	r3, [r7, #20]
 102 006a 5A81     		strh	r2, [r3, #10]	@ movhi
 103              	.L5:
 113:../Drivers/STM32F3xx_HAL_Driver/Src/stm32f3xx_hal_pcd_ex.c ****   }
 114:../Drivers/STM32F3xx_HAL_Driver/Src/stm32f3xx_hal_pcd_ex.c **** 
 115:../Drivers/STM32F3xx_HAL_Driver/Src/stm32f3xx_hal_pcd_ex.c ****   return HAL_OK;
 104              		.loc 1 115 0
 105 006c 0023     		movs	r3, #0
 116:../Drivers/STM32F3xx_HAL_Driver/Src/stm32f3xx_hal_pcd_ex.c **** }
 106              		.loc 1 116 0
 107 006e 1846     		mov	r0, r3
 108 0070 1C37     		adds	r7, r7, #28
 109              	.LCFI3:
 110              		.cfi_def_cfa_offset 4
 111 0072 BD46     		mov	sp, r7
 112              	.LCFI4:
 113              		.cfi_def_cfa_register 13
ARM GAS  /tmp/ccRorCn3.s 			page 5


 114              		@ sp needed
 115 0074 5DF8047B 		ldr	r7, [sp], #4
 116              	.LCFI5:
 117              		.cfi_restore 7
 118              		.cfi_def_cfa_offset 0
 119 0078 7047     		bx	lr
 120              		.cfi_endproc
 121              	.LFE130:
 123              		.section	.text.HAL_PCDEx_SetConnectionState,"ax",%progbits
 124              		.align	1
 125              		.weak	HAL_PCDEx_SetConnectionState
 126              		.syntax unified
 127              		.thumb
 128              		.thumb_func
 129              		.fpu fpv4-sp-d16
 131              	HAL_PCDEx_SetConnectionState:
 132              	.LFB131:
 117:../Drivers/STM32F3xx_HAL_Driver/Src/stm32f3xx_hal_pcd_ex.c **** 
 118:../Drivers/STM32F3xx_HAL_Driver/Src/stm32f3xx_hal_pcd_ex.c **** /**
 119:../Drivers/STM32F3xx_HAL_Driver/Src/stm32f3xx_hal_pcd_ex.c ****   * @brief  Software Device Connection,
 120:../Drivers/STM32F3xx_HAL_Driver/Src/stm32f3xx_hal_pcd_ex.c ****   *         this function is not required by USB OTG FS peripheral, it is used
 121:../Drivers/STM32F3xx_HAL_Driver/Src/stm32f3xx_hal_pcd_ex.c ****   *         only by USB Device FS peripheral.
 122:../Drivers/STM32F3xx_HAL_Driver/Src/stm32f3xx_hal_pcd_ex.c ****   * @param  hpcd: PCD handle
 123:../Drivers/STM32F3xx_HAL_Driver/Src/stm32f3xx_hal_pcd_ex.c ****   * @param  state: connection state (0 : disconnected / 1: connected)
 124:../Drivers/STM32F3xx_HAL_Driver/Src/stm32f3xx_hal_pcd_ex.c ****   * @retval None
 125:../Drivers/STM32F3xx_HAL_Driver/Src/stm32f3xx_hal_pcd_ex.c ****   */
 126:../Drivers/STM32F3xx_HAL_Driver/Src/stm32f3xx_hal_pcd_ex.c **** __weak void HAL_PCDEx_SetConnectionState(PCD_HandleTypeDef *hpcd, uint8_t state)
 127:../Drivers/STM32F3xx_HAL_Driver/Src/stm32f3xx_hal_pcd_ex.c **** {
 133              		.loc 1 127 0
 134              		.cfi_startproc
 135              		@ args = 0, pretend = 0, frame = 8
 136              		@ frame_needed = 1, uses_anonymous_args = 0
 137              		@ link register save eliminated.
 138 0000 80B4     		push	{r7}
 139              	.LCFI6:
 140              		.cfi_def_cfa_offset 4
 141              		.cfi_offset 7, -4
 142 0002 83B0     		sub	sp, sp, #12
 143              	.LCFI7:
 144              		.cfi_def_cfa_offset 16
 145 0004 00AF     		add	r7, sp, #0
 146              	.LCFI8:
 147              		.cfi_def_cfa_register 7
 148 0006 7860     		str	r0, [r7, #4]
 149 0008 0B46     		mov	r3, r1
 150 000a FB70     		strb	r3, [r7, #3]
 128:../Drivers/STM32F3xx_HAL_Driver/Src/stm32f3xx_hal_pcd_ex.c ****   /* Prevent unused argument(s) compilation warning */
 129:../Drivers/STM32F3xx_HAL_Driver/Src/stm32f3xx_hal_pcd_ex.c ****   UNUSED(hpcd);
 130:../Drivers/STM32F3xx_HAL_Driver/Src/stm32f3xx_hal_pcd_ex.c ****   UNUSED(state);
 131:../Drivers/STM32F3xx_HAL_Driver/Src/stm32f3xx_hal_pcd_ex.c ****   /* NOTE : This function Should not be modified, when the callback is needed,
 132:../Drivers/STM32F3xx_HAL_Driver/Src/stm32f3xx_hal_pcd_ex.c ****             the HAL_PCDEx_SetConnectionState could be implemented in the user file
 133:../Drivers/STM32F3xx_HAL_Driver/Src/stm32f3xx_hal_pcd_ex.c ****    */
 134:../Drivers/STM32F3xx_HAL_Driver/Src/stm32f3xx_hal_pcd_ex.c **** }
 151              		.loc 1 134 0
 152 000c 00BF     		nop
 153 000e 0C37     		adds	r7, r7, #12
 154              	.LCFI9:
ARM GAS  /tmp/ccRorCn3.s 			page 6


 155              		.cfi_def_cfa_offset 4
 156 0010 BD46     		mov	sp, r7
 157              	.LCFI10:
 158              		.cfi_def_cfa_register 13
 159              		@ sp needed
 160 0012 5DF8047B 		ldr	r7, [sp], #4
 161              	.LCFI11:
 162              		.cfi_restore 7
 163              		.cfi_def_cfa_offset 0
 164 0016 7047     		bx	lr
 165              		.cfi_endproc
 166              	.LFE131:
 168              		.section	.text.HAL_PCDEx_LPM_Callback,"ax",%progbits
 169              		.align	1
 170              		.weak	HAL_PCDEx_LPM_Callback
 171              		.syntax unified
 172              		.thumb
 173              		.thumb_func
 174              		.fpu fpv4-sp-d16
 176              	HAL_PCDEx_LPM_Callback:
 177              	.LFB132:
 135:../Drivers/STM32F3xx_HAL_Driver/Src/stm32f3xx_hal_pcd_ex.c **** 
 136:../Drivers/STM32F3xx_HAL_Driver/Src/stm32f3xx_hal_pcd_ex.c **** 
 137:../Drivers/STM32F3xx_HAL_Driver/Src/stm32f3xx_hal_pcd_ex.c **** /**
 138:../Drivers/STM32F3xx_HAL_Driver/Src/stm32f3xx_hal_pcd_ex.c ****   * @brief  Send LPM message to user layer callback.
 139:../Drivers/STM32F3xx_HAL_Driver/Src/stm32f3xx_hal_pcd_ex.c ****   * @param  hpcd PCD handle
 140:../Drivers/STM32F3xx_HAL_Driver/Src/stm32f3xx_hal_pcd_ex.c ****   * @param  msg LPM message
 141:../Drivers/STM32F3xx_HAL_Driver/Src/stm32f3xx_hal_pcd_ex.c ****   * @retval HAL status
 142:../Drivers/STM32F3xx_HAL_Driver/Src/stm32f3xx_hal_pcd_ex.c ****   */
 143:../Drivers/STM32F3xx_HAL_Driver/Src/stm32f3xx_hal_pcd_ex.c **** __weak void HAL_PCDEx_LPM_Callback(PCD_HandleTypeDef *hpcd, PCD_LPM_MsgTypeDef msg)
 144:../Drivers/STM32F3xx_HAL_Driver/Src/stm32f3xx_hal_pcd_ex.c **** {
 178              		.loc 1 144 0
 179              		.cfi_startproc
 180              		@ args = 0, pretend = 0, frame = 8
 181              		@ frame_needed = 1, uses_anonymous_args = 0
 182              		@ link register save eliminated.
 183 0000 80B4     		push	{r7}
 184              	.LCFI12:
 185              		.cfi_def_cfa_offset 4
 186              		.cfi_offset 7, -4
 187 0002 83B0     		sub	sp, sp, #12
 188              	.LCFI13:
 189              		.cfi_def_cfa_offset 16
 190 0004 00AF     		add	r7, sp, #0
 191              	.LCFI14:
 192              		.cfi_def_cfa_register 7
 193 0006 7860     		str	r0, [r7, #4]
 194 0008 0B46     		mov	r3, r1
 195 000a FB70     		strb	r3, [r7, #3]
 145:../Drivers/STM32F3xx_HAL_Driver/Src/stm32f3xx_hal_pcd_ex.c ****   /* Prevent unused argument(s) compilation warning */
 146:../Drivers/STM32F3xx_HAL_Driver/Src/stm32f3xx_hal_pcd_ex.c ****   UNUSED(hpcd);
 147:../Drivers/STM32F3xx_HAL_Driver/Src/stm32f3xx_hal_pcd_ex.c ****   UNUSED(msg);
 148:../Drivers/STM32F3xx_HAL_Driver/Src/stm32f3xx_hal_pcd_ex.c **** 
 149:../Drivers/STM32F3xx_HAL_Driver/Src/stm32f3xx_hal_pcd_ex.c ****   /* NOTE : This function should not be modified, when the callback is needed,
 150:../Drivers/STM32F3xx_HAL_Driver/Src/stm32f3xx_hal_pcd_ex.c ****             the HAL_PCDEx_LPM_Callback could be implemented in the user file
 151:../Drivers/STM32F3xx_HAL_Driver/Src/stm32f3xx_hal_pcd_ex.c ****    */
 152:../Drivers/STM32F3xx_HAL_Driver/Src/stm32f3xx_hal_pcd_ex.c **** }
ARM GAS  /tmp/ccRorCn3.s 			page 7


 196              		.loc 1 152 0
 197 000c 00BF     		nop
 198 000e 0C37     		adds	r7, r7, #12
 199              	.LCFI15:
 200              		.cfi_def_cfa_offset 4
 201 0010 BD46     		mov	sp, r7
 202              	.LCFI16:
 203              		.cfi_def_cfa_register 13
 204              		@ sp needed
 205 0012 5DF8047B 		ldr	r7, [sp], #4
 206              	.LCFI17:
 207              		.cfi_restore 7
 208              		.cfi_def_cfa_offset 0
 209 0016 7047     		bx	lr
 210              		.cfi_endproc
 211              	.LFE132:
 213              		.section	.text.HAL_PCDEx_BCD_Callback,"ax",%progbits
 214              		.align	1
 215              		.weak	HAL_PCDEx_BCD_Callback
 216              		.syntax unified
 217              		.thumb
 218              		.thumb_func
 219              		.fpu fpv4-sp-d16
 221              	HAL_PCDEx_BCD_Callback:
 222              	.LFB133:
 153:../Drivers/STM32F3xx_HAL_Driver/Src/stm32f3xx_hal_pcd_ex.c **** 
 154:../Drivers/STM32F3xx_HAL_Driver/Src/stm32f3xx_hal_pcd_ex.c **** /**
 155:../Drivers/STM32F3xx_HAL_Driver/Src/stm32f3xx_hal_pcd_ex.c ****   * @brief  Send BatteryCharging message to user layer callback.
 156:../Drivers/STM32F3xx_HAL_Driver/Src/stm32f3xx_hal_pcd_ex.c ****   * @param  hpcd PCD handle
 157:../Drivers/STM32F3xx_HAL_Driver/Src/stm32f3xx_hal_pcd_ex.c ****   * @param  msg LPM message
 158:../Drivers/STM32F3xx_HAL_Driver/Src/stm32f3xx_hal_pcd_ex.c ****   * @retval HAL status
 159:../Drivers/STM32F3xx_HAL_Driver/Src/stm32f3xx_hal_pcd_ex.c ****   */
 160:../Drivers/STM32F3xx_HAL_Driver/Src/stm32f3xx_hal_pcd_ex.c **** __weak void HAL_PCDEx_BCD_Callback(PCD_HandleTypeDef *hpcd, PCD_BCD_MsgTypeDef msg)
 161:../Drivers/STM32F3xx_HAL_Driver/Src/stm32f3xx_hal_pcd_ex.c **** {
 223              		.loc 1 161 0
 224              		.cfi_startproc
 225              		@ args = 0, pretend = 0, frame = 8
 226              		@ frame_needed = 1, uses_anonymous_args = 0
 227              		@ link register save eliminated.
 228 0000 80B4     		push	{r7}
 229              	.LCFI18:
 230              		.cfi_def_cfa_offset 4
 231              		.cfi_offset 7, -4
 232 0002 83B0     		sub	sp, sp, #12
 233              	.LCFI19:
 234              		.cfi_def_cfa_offset 16
 235 0004 00AF     		add	r7, sp, #0
 236              	.LCFI20:
 237              		.cfi_def_cfa_register 7
 238 0006 7860     		str	r0, [r7, #4]
 239 0008 0B46     		mov	r3, r1
 240 000a FB70     		strb	r3, [r7, #3]
 162:../Drivers/STM32F3xx_HAL_Driver/Src/stm32f3xx_hal_pcd_ex.c ****   /* Prevent unused argument(s) compilation warning */
 163:../Drivers/STM32F3xx_HAL_Driver/Src/stm32f3xx_hal_pcd_ex.c ****   UNUSED(hpcd);
 164:../Drivers/STM32F3xx_HAL_Driver/Src/stm32f3xx_hal_pcd_ex.c ****   UNUSED(msg);
 165:../Drivers/STM32F3xx_HAL_Driver/Src/stm32f3xx_hal_pcd_ex.c **** 
 166:../Drivers/STM32F3xx_HAL_Driver/Src/stm32f3xx_hal_pcd_ex.c ****   /* NOTE : This function should not be modified, when the callback is needed,
ARM GAS  /tmp/ccRorCn3.s 			page 8


 167:../Drivers/STM32F3xx_HAL_Driver/Src/stm32f3xx_hal_pcd_ex.c ****             the HAL_PCDEx_BCD_Callback could be implemented in the user file
 168:../Drivers/STM32F3xx_HAL_Driver/Src/stm32f3xx_hal_pcd_ex.c ****    */
 169:../Drivers/STM32F3xx_HAL_Driver/Src/stm32f3xx_hal_pcd_ex.c **** }
 241              		.loc 1 169 0
 242 000c 00BF     		nop
 243 000e 0C37     		adds	r7, r7, #12
 244              	.LCFI21:
 245              		.cfi_def_cfa_offset 4
 246 0010 BD46     		mov	sp, r7
 247              	.LCFI22:
 248              		.cfi_def_cfa_register 13
 249              		@ sp needed
 250 0012 5DF8047B 		ldr	r7, [sp], #4
 251              	.LCFI23:
 252              		.cfi_restore 7
 253              		.cfi_def_cfa_offset 0
 254 0016 7047     		bx	lr
 255              		.cfi_endproc
 256              	.LFE133:
 258              		.text
 259              	.Letext0:
 260              		.file 2 "/usr/include/newlib/machine/_default_types.h"
 261              		.file 3 "/usr/include/newlib/sys/_stdint.h"
 262              		.file 4 "../Drivers/CMSIS/Include/core_cm4.h"
 263              		.file 5 "../Drivers/CMSIS/Device/ST/STM32F3xx/Include/system_stm32f3xx.h"
 264              		.file 6 "../Drivers/CMSIS/Device/ST/STM32F3xx/Include/stm32f303xc.h"
 265              		.file 7 "../Drivers/STM32F3xx_HAL_Driver/Inc/stm32f3xx_hal_def.h"
 266              		.file 8 "../Drivers/STM32F3xx_HAL_Driver/Inc/stm32f3xx_ll_usb.h"
 267              		.file 9 "../Drivers/STM32F3xx_HAL_Driver/Inc/stm32f3xx_hal_pcd.h"
 268              		.file 10 "../Drivers/STM32F3xx_HAL_Driver/Inc/stm32f3xx_hal.h"
ARM GAS  /tmp/ccRorCn3.s 			page 9


DEFINED SYMBOLS
                            *ABS*:0000000000000000 stm32f3xx_hal_pcd_ex.c
     /tmp/ccRorCn3.s:18     .text.HAL_PCDEx_PMAConfig:0000000000000000 $t
     /tmp/ccRorCn3.s:25     .text.HAL_PCDEx_PMAConfig:0000000000000000 HAL_PCDEx_PMAConfig
     /tmp/ccRorCn3.s:124    .text.HAL_PCDEx_SetConnectionState:0000000000000000 $t
     /tmp/ccRorCn3.s:131    .text.HAL_PCDEx_SetConnectionState:0000000000000000 HAL_PCDEx_SetConnectionState
     /tmp/ccRorCn3.s:169    .text.HAL_PCDEx_LPM_Callback:0000000000000000 $t
     /tmp/ccRorCn3.s:176    .text.HAL_PCDEx_LPM_Callback:0000000000000000 HAL_PCDEx_LPM_Callback
     /tmp/ccRorCn3.s:214    .text.HAL_PCDEx_BCD_Callback:0000000000000000 $t
     /tmp/ccRorCn3.s:221    .text.HAL_PCDEx_BCD_Callback:0000000000000000 HAL_PCDEx_BCD_Callback
                     .debug_frame:0000000000000010 $d

NO UNDEFINED SYMBOLS
