ARM GAS  /tmp/cc5pTkY6.s 			page 1


   1              		.cpu cortex-m4
   2              		.eabi_attribute 27, 1
   3              		.eabi_attribute 28, 1
   4              		.eabi_attribute 20, 1
   5              		.eabi_attribute 21, 1
   6              		.eabi_attribute 23, 3
   7              		.eabi_attribute 24, 1
   8              		.eabi_attribute 25, 1
   9              		.eabi_attribute 26, 1
  10              		.eabi_attribute 30, 6
  11              		.eabi_attribute 34, 1
  12              		.eabi_attribute 18, 4
  13              		.file	"usb_device.c"
  14              		.text
  15              	.Ltext0:
  16              		.cfi_sections	.debug_frame
  17              		.comm	hUsbDeviceFS,708,4
  18              		.section	.text.MX_USB_DEVICE_Init,"ax",%progbits
  19              		.align	1
  20              		.global	MX_USB_DEVICE_Init
  21              		.syntax unified
  22              		.thumb
  23              		.thumb_func
  24              		.fpu fpv4-sp-d16
  26              	MX_USB_DEVICE_Init:
  27              	.LFB131:
  28              		.file 1 "../USB_DEVICE/App/usb_device.c"
   1:../USB_DEVICE/App/usb_device.c **** /* USER CODE BEGIN Header */
   2:../USB_DEVICE/App/usb_device.c **** /**
   3:../USB_DEVICE/App/usb_device.c ****   ******************************************************************************
   4:../USB_DEVICE/App/usb_device.c ****   * @file           : usb_device.c
   5:../USB_DEVICE/App/usb_device.c ****   * @version        : v2.0_Cube
   6:../USB_DEVICE/App/usb_device.c ****   * @brief          : This file implements the USB Device
   7:../USB_DEVICE/App/usb_device.c ****   ******************************************************************************
   8:../USB_DEVICE/App/usb_device.c ****   * @attention
   9:../USB_DEVICE/App/usb_device.c ****   *
  10:../USB_DEVICE/App/usb_device.c ****   * <h2><center>&copy; Copyright (c) 2020 STMicroelectronics.
  11:../USB_DEVICE/App/usb_device.c ****   * All rights reserved.</center></h2>
  12:../USB_DEVICE/App/usb_device.c ****   *
  13:../USB_DEVICE/App/usb_device.c ****   * This software component is licensed by ST under Ultimate Liberty license
  14:../USB_DEVICE/App/usb_device.c ****   * SLA0044, the "License"; You may not use this file except in compliance with
  15:../USB_DEVICE/App/usb_device.c ****   * the License. You may obtain a copy of the License at:
  16:../USB_DEVICE/App/usb_device.c ****   *                             www.st.com/SLA0044
  17:../USB_DEVICE/App/usb_device.c ****   *
  18:../USB_DEVICE/App/usb_device.c ****   ******************************************************************************
  19:../USB_DEVICE/App/usb_device.c ****   */
  20:../USB_DEVICE/App/usb_device.c **** /* USER CODE END Header */
  21:../USB_DEVICE/App/usb_device.c **** 
  22:../USB_DEVICE/App/usb_device.c **** /* Includes ------------------------------------------------------------------*/
  23:../USB_DEVICE/App/usb_device.c **** 
  24:../USB_DEVICE/App/usb_device.c **** #include "usb_device.h"
  25:../USB_DEVICE/App/usb_device.c **** #include "usbd_core.h"
  26:../USB_DEVICE/App/usb_device.c **** #include "usbd_desc.h"
  27:../USB_DEVICE/App/usb_device.c **** #include "usbd_cdc.h"
  28:../USB_DEVICE/App/usb_device.c **** #include "usbd_cdc_if.h"
  29:../USB_DEVICE/App/usb_device.c **** 
  30:../USB_DEVICE/App/usb_device.c **** /* USER CODE BEGIN Includes */
ARM GAS  /tmp/cc5pTkY6.s 			page 2


  31:../USB_DEVICE/App/usb_device.c **** 
  32:../USB_DEVICE/App/usb_device.c **** /* USER CODE END Includes */
  33:../USB_DEVICE/App/usb_device.c **** 
  34:../USB_DEVICE/App/usb_device.c **** /* USER CODE BEGIN PV */
  35:../USB_DEVICE/App/usb_device.c **** /* Private variables ---------------------------------------------------------*/
  36:../USB_DEVICE/App/usb_device.c **** 
  37:../USB_DEVICE/App/usb_device.c **** /* USER CODE END PV */
  38:../USB_DEVICE/App/usb_device.c **** 
  39:../USB_DEVICE/App/usb_device.c **** /* USER CODE BEGIN PFP */
  40:../USB_DEVICE/App/usb_device.c **** /* Private function prototypes -----------------------------------------------*/
  41:../USB_DEVICE/App/usb_device.c **** 
  42:../USB_DEVICE/App/usb_device.c **** /* USER CODE END PFP */
  43:../USB_DEVICE/App/usb_device.c **** 
  44:../USB_DEVICE/App/usb_device.c **** /* USB Device Core handle declaration. */
  45:../USB_DEVICE/App/usb_device.c **** USBD_HandleTypeDef hUsbDeviceFS;
  46:../USB_DEVICE/App/usb_device.c **** 
  47:../USB_DEVICE/App/usb_device.c **** /*
  48:../USB_DEVICE/App/usb_device.c ****  * -- Insert your variables declaration here --
  49:../USB_DEVICE/App/usb_device.c ****  */
  50:../USB_DEVICE/App/usb_device.c **** /* USER CODE BEGIN 0 */
  51:../USB_DEVICE/App/usb_device.c **** 
  52:../USB_DEVICE/App/usb_device.c **** /* USER CODE END 0 */
  53:../USB_DEVICE/App/usb_device.c **** 
  54:../USB_DEVICE/App/usb_device.c **** /*
  55:../USB_DEVICE/App/usb_device.c ****  * -- Insert your external function declaration here --
  56:../USB_DEVICE/App/usb_device.c ****  */
  57:../USB_DEVICE/App/usb_device.c **** /* USER CODE BEGIN 1 */
  58:../USB_DEVICE/App/usb_device.c **** 
  59:../USB_DEVICE/App/usb_device.c **** /* USER CODE END 1 */
  60:../USB_DEVICE/App/usb_device.c **** 
  61:../USB_DEVICE/App/usb_device.c **** /**
  62:../USB_DEVICE/App/usb_device.c ****   * Init USB device Library, add supported class and start the library
  63:../USB_DEVICE/App/usb_device.c ****   * @retval None
  64:../USB_DEVICE/App/usb_device.c ****   */
  65:../USB_DEVICE/App/usb_device.c **** void MX_USB_DEVICE_Init(void)
  66:../USB_DEVICE/App/usb_device.c **** {
  29              		.loc 1 66 0
  30              		.cfi_startproc
  31              		@ args = 0, pretend = 0, frame = 0
  32              		@ frame_needed = 1, uses_anonymous_args = 0
  33 0000 80B5     		push	{r7, lr}
  34              	.LCFI0:
  35              		.cfi_def_cfa_offset 8
  36              		.cfi_offset 7, -8
  37              		.cfi_offset 14, -4
  38 0002 00AF     		add	r7, sp, #0
  39              	.LCFI1:
  40              		.cfi_def_cfa_register 7
  67:../USB_DEVICE/App/usb_device.c ****   /* USER CODE BEGIN USB_DEVICE_Init_PreTreatment */
  68:../USB_DEVICE/App/usb_device.c ****   
  69:../USB_DEVICE/App/usb_device.c ****   /* USER CODE END USB_DEVICE_Init_PreTreatment */
  70:../USB_DEVICE/App/usb_device.c ****   
  71:../USB_DEVICE/App/usb_device.c ****   /* Init Device Library, add supported class and start the library. */
  72:../USB_DEVICE/App/usb_device.c ****   if (USBD_Init(&hUsbDeviceFS, &FS_Desc, DEVICE_FS) != USBD_OK)
  41              		.loc 1 72 0
  42 0004 0022     		movs	r2, #0
  43 0006 1249     		ldr	r1, .L7
ARM GAS  /tmp/cc5pTkY6.s 			page 3


  44 0008 1248     		ldr	r0, .L7+4
  45 000a FFF7FEFF 		bl	USBD_Init
  46 000e 0346     		mov	r3, r0
  47 0010 002B     		cmp	r3, #0
  48 0012 01D0     		beq	.L2
  73:../USB_DEVICE/App/usb_device.c ****   {
  74:../USB_DEVICE/App/usb_device.c ****     Error_Handler();
  49              		.loc 1 74 0
  50 0014 FFF7FEFF 		bl	Error_Handler
  51              	.L2:
  75:../USB_DEVICE/App/usb_device.c ****   }
  76:../USB_DEVICE/App/usb_device.c ****   if (USBD_RegisterClass(&hUsbDeviceFS, &USBD_CDC) != USBD_OK)
  52              		.loc 1 76 0
  53 0018 0F49     		ldr	r1, .L7+8
  54 001a 0E48     		ldr	r0, .L7+4
  55 001c FFF7FEFF 		bl	USBD_RegisterClass
  56 0020 0346     		mov	r3, r0
  57 0022 002B     		cmp	r3, #0
  58 0024 01D0     		beq	.L3
  77:../USB_DEVICE/App/usb_device.c ****   {
  78:../USB_DEVICE/App/usb_device.c ****     Error_Handler();
  59              		.loc 1 78 0
  60 0026 FFF7FEFF 		bl	Error_Handler
  61              	.L3:
  79:../USB_DEVICE/App/usb_device.c ****   }
  80:../USB_DEVICE/App/usb_device.c ****   if (USBD_CDC_RegisterInterface(&hUsbDeviceFS, &USBD_Interface_fops_FS) != USBD_OK)
  62              		.loc 1 80 0
  63 002a 0C49     		ldr	r1, .L7+12
  64 002c 0948     		ldr	r0, .L7+4
  65 002e FFF7FEFF 		bl	USBD_CDC_RegisterInterface
  66 0032 0346     		mov	r3, r0
  67 0034 002B     		cmp	r3, #0
  68 0036 01D0     		beq	.L4
  81:../USB_DEVICE/App/usb_device.c ****   {
  82:../USB_DEVICE/App/usb_device.c ****     Error_Handler();
  69              		.loc 1 82 0
  70 0038 FFF7FEFF 		bl	Error_Handler
  71              	.L4:
  83:../USB_DEVICE/App/usb_device.c ****   }
  84:../USB_DEVICE/App/usb_device.c ****   if (USBD_Start(&hUsbDeviceFS) != USBD_OK)
  72              		.loc 1 84 0
  73 003c 0548     		ldr	r0, .L7+4
  74 003e FFF7FEFF 		bl	USBD_Start
  75 0042 0346     		mov	r3, r0
  76 0044 002B     		cmp	r3, #0
  77 0046 01D0     		beq	.L6
  85:../USB_DEVICE/App/usb_device.c ****   {
  86:../USB_DEVICE/App/usb_device.c ****     Error_Handler();
  78              		.loc 1 86 0
  79 0048 FFF7FEFF 		bl	Error_Handler
  80              	.L6:
  87:../USB_DEVICE/App/usb_device.c ****   }
  88:../USB_DEVICE/App/usb_device.c **** 
  89:../USB_DEVICE/App/usb_device.c ****   /* USER CODE BEGIN USB_DEVICE_Init_PostTreatment */
  90:../USB_DEVICE/App/usb_device.c ****   
  91:../USB_DEVICE/App/usb_device.c ****   /* USER CODE END USB_DEVICE_Init_PostTreatment */
  92:../USB_DEVICE/App/usb_device.c **** }
ARM GAS  /tmp/cc5pTkY6.s 			page 4


  81              		.loc 1 92 0
  82 004c 00BF     		nop
  83 004e 80BD     		pop	{r7, pc}
  84              	.L8:
  85              		.align	2
  86              	.L7:
  87 0050 00000000 		.word	FS_Desc
  88 0054 00000000 		.word	hUsbDeviceFS
  89 0058 00000000 		.word	USBD_CDC
  90 005c 00000000 		.word	USBD_Interface_fops_FS
  91              		.cfi_endproc
  92              	.LFE131:
  94              		.text
  95              	.Letext0:
  96              		.file 2 "/usr/include/newlib/machine/_default_types.h"
  97              		.file 3 "/usr/include/newlib/sys/_stdint.h"
  98              		.file 4 "../Drivers/CMSIS/Include/core_cm4.h"
  99              		.file 5 "../Drivers/CMSIS/Device/ST/STM32F3xx/Include/system_stm32f3xx.h"
 100              		.file 6 "../Drivers/STM32F3xx_HAL_Driver/Inc/stm32f3xx_hal.h"
 101              		.file 7 "/usr/include/newlib/sys/lock.h"
 102              		.file 8 "/usr/include/newlib/sys/_types.h"
 103              		.file 9 "/usr/lib/gcc/arm-none-eabi/6.3.1/include/stddef.h"
 104              		.file 10 "/usr/include/newlib/sys/reent.h"
 105              		.file 11 "/usr/include/newlib/stdlib.h"
 106              		.file 12 "../Middlewares/ST/STM32_USB_Device_Library/Core/Inc/usbd_def.h"
 107              		.file 13 "../USB_DEVICE/App/usbd_desc.h"
 108              		.file 14 "../Middlewares/ST/STM32_USB_Device_Library/Class/CDC/Inc/usbd_cdc.h"
 109              		.file 15 "../USB_DEVICE/App/usbd_cdc_if.h"
ARM GAS  /tmp/cc5pTkY6.s 			page 5


DEFINED SYMBOLS
                            *ABS*:0000000000000000 usb_device.c
                            *COM*:00000000000002c4 hUsbDeviceFS
     /tmp/cc5pTkY6.s:19     .text.MX_USB_DEVICE_Init:0000000000000000 $t
     /tmp/cc5pTkY6.s:26     .text.MX_USB_DEVICE_Init:0000000000000000 MX_USB_DEVICE_Init
     /tmp/cc5pTkY6.s:87     .text.MX_USB_DEVICE_Init:0000000000000050 $d
                     .debug_frame:0000000000000010 $d

UNDEFINED SYMBOLS
USBD_Init
Error_Handler
USBD_RegisterClass
USBD_CDC_RegisterInterface
USBD_Start
FS_Desc
USBD_CDC
USBD_Interface_fops_FS
