ARM GAS  /tmp/ccwiRVhe.s 			page 1


   1              		.cpu cortex-m4
   2              		.eabi_attribute 27, 1
   3              		.eabi_attribute 28, 1
   4              		.eabi_attribute 20, 1
   5              		.eabi_attribute 21, 1
   6              		.eabi_attribute 23, 3
   7              		.eabi_attribute 24, 1
   8              		.eabi_attribute 25, 1
   9              		.eabi_attribute 26, 1
  10              		.eabi_attribute 30, 6
  11              		.eabi_attribute 34, 1
  12              		.eabi_attribute 18, 4
  13              		.file	"usbd_desc.c"
  14              		.text
  15              	.Ltext0:
  16              		.cfi_sections	.debug_frame
  17              		.global	FS_Desc
  18              		.section	.data.FS_Desc,"aw",%progbits
  19              		.align	2
  22              	FS_Desc:
  23 0000 00000000 		.word	USBD_FS_DeviceDescriptor
  24 0004 00000000 		.word	USBD_FS_LangIDStrDescriptor
  25 0008 00000000 		.word	USBD_FS_ManufacturerStrDescriptor
  26 000c 00000000 		.word	USBD_FS_ProductStrDescriptor
  27 0010 00000000 		.word	USBD_FS_SerialStrDescriptor
  28 0014 00000000 		.word	USBD_FS_ConfigStrDescriptor
  29 0018 00000000 		.word	USBD_FS_InterfaceStrDescriptor
  30              		.global	USBD_FS_DeviceDesc
  31              		.section	.data.USBD_FS_DeviceDesc,"aw",%progbits
  32              		.align	2
  35              	USBD_FS_DeviceDesc:
  36 0000 12       		.byte	18
  37 0001 01       		.byte	1
  38 0002 00       		.byte	0
  39 0003 02       		.byte	2
  40 0004 02       		.byte	2
  41 0005 02       		.byte	2
  42 0006 00       		.byte	0
  43 0007 40       		.byte	64
  44 0008 83       		.byte	-125
  45 0009 04       		.byte	4
  46 000a 40       		.byte	64
  47 000b 57       		.byte	87
  48 000c 00       		.byte	0
  49 000d 02       		.byte	2
  50 000e 01       		.byte	1
  51 000f 02       		.byte	2
  52 0010 03       		.byte	3
  53 0011 01       		.byte	1
  54              		.global	USBD_LangIDDesc
  55              		.section	.data.USBD_LangIDDesc,"aw",%progbits
  56              		.align	2
  59              	USBD_LangIDDesc:
  60 0000 04       		.byte	4
  61 0001 03       		.byte	3
  62 0002 09       		.byte	9
  63 0003 04       		.byte	4
ARM GAS  /tmp/ccwiRVhe.s 			page 2


  64              		.comm	USBD_StrDesc,512,4
  65              		.global	USBD_StringSerial
  66              		.section	.data.USBD_StringSerial,"aw",%progbits
  67              		.align	2
  70              	USBD_StringSerial:
  71 0000 1A       		.byte	26
  72 0001 03       		.byte	3
  73 0002 00000000 		.space	24
  73      00000000 
  73      00000000 
  73      00000000 
  73      00000000 
  74              		.section	.text.USBD_FS_DeviceDescriptor,"ax",%progbits
  75              		.align	1
  76              		.global	USBD_FS_DeviceDescriptor
  77              		.syntax unified
  78              		.thumb
  79              		.thumb_func
  80              		.fpu fpv4-sp-d16
  82              	USBD_FS_DeviceDescriptor:
  83              	.LFB131:
  84              		.file 1 "../USB_DEVICE/App/usbd_desc.c"
   1:../USB_DEVICE/App/usbd_desc.c **** /* USER CODE BEGIN Header */
   2:../USB_DEVICE/App/usbd_desc.c **** /**
   3:../USB_DEVICE/App/usbd_desc.c ****   ******************************************************************************
   4:../USB_DEVICE/App/usbd_desc.c ****   * @file           : App/usbd_desc.c
   5:../USB_DEVICE/App/usbd_desc.c ****   * @version        : v2.0_Cube
   6:../USB_DEVICE/App/usbd_desc.c ****   * @brief          : This file implements the USB device descriptors.
   7:../USB_DEVICE/App/usbd_desc.c ****   ******************************************************************************
   8:../USB_DEVICE/App/usbd_desc.c ****   * @attention
   9:../USB_DEVICE/App/usbd_desc.c ****   *
  10:../USB_DEVICE/App/usbd_desc.c ****   * <h2><center>&copy; Copyright (c) 2020 STMicroelectronics.
  11:../USB_DEVICE/App/usbd_desc.c ****   * All rights reserved.</center></h2>
  12:../USB_DEVICE/App/usbd_desc.c ****   *
  13:../USB_DEVICE/App/usbd_desc.c ****   * This software component is licensed by ST under Ultimate Liberty license
  14:../USB_DEVICE/App/usbd_desc.c ****   * SLA0044, the "License"; You may not use this file except in compliance with
  15:../USB_DEVICE/App/usbd_desc.c ****   * the License. You may obtain a copy of the License at:
  16:../USB_DEVICE/App/usbd_desc.c ****   *                             www.st.com/SLA0044
  17:../USB_DEVICE/App/usbd_desc.c ****   *
  18:../USB_DEVICE/App/usbd_desc.c ****   ******************************************************************************
  19:../USB_DEVICE/App/usbd_desc.c ****   */
  20:../USB_DEVICE/App/usbd_desc.c **** /* USER CODE END Header */
  21:../USB_DEVICE/App/usbd_desc.c **** 
  22:../USB_DEVICE/App/usbd_desc.c **** /* Includes ------------------------------------------------------------------*/
  23:../USB_DEVICE/App/usbd_desc.c **** #include "usbd_core.h"
  24:../USB_DEVICE/App/usbd_desc.c **** #include "usbd_desc.h"
  25:../USB_DEVICE/App/usbd_desc.c **** #include "usbd_conf.h"
  26:../USB_DEVICE/App/usbd_desc.c **** 
  27:../USB_DEVICE/App/usbd_desc.c **** /* USER CODE BEGIN INCLUDE */
  28:../USB_DEVICE/App/usbd_desc.c **** 
  29:../USB_DEVICE/App/usbd_desc.c **** /* USER CODE END INCLUDE */
  30:../USB_DEVICE/App/usbd_desc.c **** 
  31:../USB_DEVICE/App/usbd_desc.c **** /* Private typedef -----------------------------------------------------------*/
  32:../USB_DEVICE/App/usbd_desc.c **** /* Private define ------------------------------------------------------------*/
  33:../USB_DEVICE/App/usbd_desc.c **** /* Private macro -------------------------------------------------------------*/
  34:../USB_DEVICE/App/usbd_desc.c **** 
  35:../USB_DEVICE/App/usbd_desc.c **** /* USER CODE BEGIN PV */
ARM GAS  /tmp/ccwiRVhe.s 			page 3


  36:../USB_DEVICE/App/usbd_desc.c **** /* Private variables ---------------------------------------------------------*/
  37:../USB_DEVICE/App/usbd_desc.c **** 
  38:../USB_DEVICE/App/usbd_desc.c **** /* USER CODE END PV */
  39:../USB_DEVICE/App/usbd_desc.c **** 
  40:../USB_DEVICE/App/usbd_desc.c **** /** @addtogroup STM32_USB_OTG_DEVICE_LIBRARY
  41:../USB_DEVICE/App/usbd_desc.c ****   * @{
  42:../USB_DEVICE/App/usbd_desc.c ****   */
  43:../USB_DEVICE/App/usbd_desc.c **** 
  44:../USB_DEVICE/App/usbd_desc.c **** /** @addtogroup USBD_DESC
  45:../USB_DEVICE/App/usbd_desc.c ****   * @{
  46:../USB_DEVICE/App/usbd_desc.c ****   */
  47:../USB_DEVICE/App/usbd_desc.c **** 
  48:../USB_DEVICE/App/usbd_desc.c **** /** @defgroup USBD_DESC_Private_TypesDefinitions USBD_DESC_Private_TypesDefinitions
  49:../USB_DEVICE/App/usbd_desc.c ****   * @brief Private types.
  50:../USB_DEVICE/App/usbd_desc.c ****   * @{
  51:../USB_DEVICE/App/usbd_desc.c ****   */
  52:../USB_DEVICE/App/usbd_desc.c **** 
  53:../USB_DEVICE/App/usbd_desc.c **** /* USER CODE BEGIN PRIVATE_TYPES */
  54:../USB_DEVICE/App/usbd_desc.c **** 
  55:../USB_DEVICE/App/usbd_desc.c **** /* USER CODE END PRIVATE_TYPES */
  56:../USB_DEVICE/App/usbd_desc.c **** 
  57:../USB_DEVICE/App/usbd_desc.c **** /**
  58:../USB_DEVICE/App/usbd_desc.c ****   * @}
  59:../USB_DEVICE/App/usbd_desc.c ****   */
  60:../USB_DEVICE/App/usbd_desc.c **** 
  61:../USB_DEVICE/App/usbd_desc.c **** /** @defgroup USBD_DESC_Private_Defines USBD_DESC_Private_Defines
  62:../USB_DEVICE/App/usbd_desc.c ****   * @brief Private defines.
  63:../USB_DEVICE/App/usbd_desc.c ****   * @{
  64:../USB_DEVICE/App/usbd_desc.c ****   */
  65:../USB_DEVICE/App/usbd_desc.c **** 
  66:../USB_DEVICE/App/usbd_desc.c **** #define USBD_VID     1155
  67:../USB_DEVICE/App/usbd_desc.c **** #define USBD_LANGID_STRING     1033
  68:../USB_DEVICE/App/usbd_desc.c **** #define USBD_MANUFACTURER_STRING     "STMicroelectronics"
  69:../USB_DEVICE/App/usbd_desc.c **** #define USBD_PID_FS     22336
  70:../USB_DEVICE/App/usbd_desc.c **** #define USBD_PRODUCT_STRING_FS     "STM32 Virtual ComPort"
  71:../USB_DEVICE/App/usbd_desc.c **** #define USBD_CONFIGURATION_STRING_FS     "CDC Config"
  72:../USB_DEVICE/App/usbd_desc.c **** #define USBD_INTERFACE_STRING_FS     "CDC Interface"
  73:../USB_DEVICE/App/usbd_desc.c **** 
  74:../USB_DEVICE/App/usbd_desc.c **** /* USER CODE BEGIN PRIVATE_DEFINES */
  75:../USB_DEVICE/App/usbd_desc.c **** 
  76:../USB_DEVICE/App/usbd_desc.c **** /* USER CODE END PRIVATE_DEFINES */
  77:../USB_DEVICE/App/usbd_desc.c **** 
  78:../USB_DEVICE/App/usbd_desc.c **** /**
  79:../USB_DEVICE/App/usbd_desc.c ****   * @}
  80:../USB_DEVICE/App/usbd_desc.c ****   */
  81:../USB_DEVICE/App/usbd_desc.c **** 
  82:../USB_DEVICE/App/usbd_desc.c **** /* USER CODE BEGIN 0 */
  83:../USB_DEVICE/App/usbd_desc.c **** 
  84:../USB_DEVICE/App/usbd_desc.c **** /* USER CODE END 0 */
  85:../USB_DEVICE/App/usbd_desc.c **** 
  86:../USB_DEVICE/App/usbd_desc.c **** /** @defgroup USBD_DESC_Private_Macros USBD_DESC_Private_Macros
  87:../USB_DEVICE/App/usbd_desc.c ****   * @brief Private macros.
  88:../USB_DEVICE/App/usbd_desc.c ****   * @{
  89:../USB_DEVICE/App/usbd_desc.c ****   */
  90:../USB_DEVICE/App/usbd_desc.c **** 
  91:../USB_DEVICE/App/usbd_desc.c **** /* USER CODE BEGIN PRIVATE_MACRO */
  92:../USB_DEVICE/App/usbd_desc.c **** 
ARM GAS  /tmp/ccwiRVhe.s 			page 4


  93:../USB_DEVICE/App/usbd_desc.c **** /* USER CODE END PRIVATE_MACRO */
  94:../USB_DEVICE/App/usbd_desc.c **** 
  95:../USB_DEVICE/App/usbd_desc.c **** /**
  96:../USB_DEVICE/App/usbd_desc.c ****   * @}
  97:../USB_DEVICE/App/usbd_desc.c ****   */
  98:../USB_DEVICE/App/usbd_desc.c ****   
  99:../USB_DEVICE/App/usbd_desc.c **** /** @defgroup USBD_DESC_Private_FunctionPrototypes USBD_DESC_Private_FunctionPrototypes
 100:../USB_DEVICE/App/usbd_desc.c ****   * @brief Private functions declaration.
 101:../USB_DEVICE/App/usbd_desc.c ****   * @{
 102:../USB_DEVICE/App/usbd_desc.c ****   */
 103:../USB_DEVICE/App/usbd_desc.c ****   
 104:../USB_DEVICE/App/usbd_desc.c **** static void Get_SerialNum(void);
 105:../USB_DEVICE/App/usbd_desc.c **** static void IntToUnicode(uint32_t value, uint8_t * pbuf, uint8_t len);
 106:../USB_DEVICE/App/usbd_desc.c ****   
 107:../USB_DEVICE/App/usbd_desc.c **** /**
 108:../USB_DEVICE/App/usbd_desc.c ****   * @}
 109:../USB_DEVICE/App/usbd_desc.c ****   */  
 110:../USB_DEVICE/App/usbd_desc.c ****   
 111:../USB_DEVICE/App/usbd_desc.c **** 
 112:../USB_DEVICE/App/usbd_desc.c **** /** @defgroup USBD_DESC_Private_FunctionPrototypes USBD_DESC_Private_FunctionPrototypes
 113:../USB_DEVICE/App/usbd_desc.c ****   * @brief Private functions declaration for FS.
 114:../USB_DEVICE/App/usbd_desc.c ****   * @{
 115:../USB_DEVICE/App/usbd_desc.c ****   */
 116:../USB_DEVICE/App/usbd_desc.c **** 
 117:../USB_DEVICE/App/usbd_desc.c **** uint8_t * USBD_FS_DeviceDescriptor(USBD_SpeedTypeDef speed, uint16_t *length);
 118:../USB_DEVICE/App/usbd_desc.c **** uint8_t * USBD_FS_LangIDStrDescriptor(USBD_SpeedTypeDef speed, uint16_t *length);
 119:../USB_DEVICE/App/usbd_desc.c **** uint8_t * USBD_FS_ManufacturerStrDescriptor(USBD_SpeedTypeDef speed, uint16_t *length);
 120:../USB_DEVICE/App/usbd_desc.c **** uint8_t * USBD_FS_ProductStrDescriptor(USBD_SpeedTypeDef speed, uint16_t *length);
 121:../USB_DEVICE/App/usbd_desc.c **** uint8_t * USBD_FS_SerialStrDescriptor(USBD_SpeedTypeDef speed, uint16_t *length);
 122:../USB_DEVICE/App/usbd_desc.c **** uint8_t * USBD_FS_ConfigStrDescriptor(USBD_SpeedTypeDef speed, uint16_t *length);
 123:../USB_DEVICE/App/usbd_desc.c **** uint8_t * USBD_FS_InterfaceStrDescriptor(USBD_SpeedTypeDef speed, uint16_t *length);
 124:../USB_DEVICE/App/usbd_desc.c **** 
 125:../USB_DEVICE/App/usbd_desc.c **** /**
 126:../USB_DEVICE/App/usbd_desc.c ****   * @}
 127:../USB_DEVICE/App/usbd_desc.c ****   */
 128:../USB_DEVICE/App/usbd_desc.c **** 
 129:../USB_DEVICE/App/usbd_desc.c **** /** @defgroup USBD_DESC_Private_Variables USBD_DESC_Private_Variables
 130:../USB_DEVICE/App/usbd_desc.c ****   * @brief Private variables.
 131:../USB_DEVICE/App/usbd_desc.c ****   * @{
 132:../USB_DEVICE/App/usbd_desc.c ****   */
 133:../USB_DEVICE/App/usbd_desc.c **** 
 134:../USB_DEVICE/App/usbd_desc.c **** USBD_DescriptorsTypeDef FS_Desc =
 135:../USB_DEVICE/App/usbd_desc.c **** {
 136:../USB_DEVICE/App/usbd_desc.c ****   USBD_FS_DeviceDescriptor
 137:../USB_DEVICE/App/usbd_desc.c **** , USBD_FS_LangIDStrDescriptor
 138:../USB_DEVICE/App/usbd_desc.c **** , USBD_FS_ManufacturerStrDescriptor
 139:../USB_DEVICE/App/usbd_desc.c **** , USBD_FS_ProductStrDescriptor
 140:../USB_DEVICE/App/usbd_desc.c **** , USBD_FS_SerialStrDescriptor
 141:../USB_DEVICE/App/usbd_desc.c **** , USBD_FS_ConfigStrDescriptor
 142:../USB_DEVICE/App/usbd_desc.c **** , USBD_FS_InterfaceStrDescriptor
 143:../USB_DEVICE/App/usbd_desc.c **** };
 144:../USB_DEVICE/App/usbd_desc.c **** 
 145:../USB_DEVICE/App/usbd_desc.c **** #if defined ( __ICCARM__ ) /* IAR Compiler */
 146:../USB_DEVICE/App/usbd_desc.c ****   #pragma data_alignment=4
 147:../USB_DEVICE/App/usbd_desc.c **** #endif /* defined ( __ICCARM__ ) */
 148:../USB_DEVICE/App/usbd_desc.c **** /** USB standard device descriptor. */
 149:../USB_DEVICE/App/usbd_desc.c **** __ALIGN_BEGIN uint8_t USBD_FS_DeviceDesc[USB_LEN_DEV_DESC] __ALIGN_END =
ARM GAS  /tmp/ccwiRVhe.s 			page 5


 150:../USB_DEVICE/App/usbd_desc.c **** {
 151:../USB_DEVICE/App/usbd_desc.c ****   0x12,                       /*bLength */
 152:../USB_DEVICE/App/usbd_desc.c ****   USB_DESC_TYPE_DEVICE,       /*bDescriptorType*/
 153:../USB_DEVICE/App/usbd_desc.c ****   0x00,                       /*bcdUSB */
 154:../USB_DEVICE/App/usbd_desc.c ****   0x02,
 155:../USB_DEVICE/App/usbd_desc.c ****   0x02,                       /*bDeviceClass*/
 156:../USB_DEVICE/App/usbd_desc.c ****   0x02,                       /*bDeviceSubClass*/
 157:../USB_DEVICE/App/usbd_desc.c ****   0x00,                       /*bDeviceProtocol*/
 158:../USB_DEVICE/App/usbd_desc.c ****   USB_MAX_EP0_SIZE,           /*bMaxPacketSize*/
 159:../USB_DEVICE/App/usbd_desc.c ****   LOBYTE(USBD_VID),           /*idVendor*/
 160:../USB_DEVICE/App/usbd_desc.c ****   HIBYTE(USBD_VID),           /*idVendor*/
 161:../USB_DEVICE/App/usbd_desc.c ****   LOBYTE(USBD_PID_FS),        /*idProduct*/
 162:../USB_DEVICE/App/usbd_desc.c ****   HIBYTE(USBD_PID_FS),        /*idProduct*/
 163:../USB_DEVICE/App/usbd_desc.c ****   0x00,                       /*bcdDevice rel. 2.00*/
 164:../USB_DEVICE/App/usbd_desc.c ****   0x02,
 165:../USB_DEVICE/App/usbd_desc.c ****   USBD_IDX_MFC_STR,           /*Index of manufacturer  string*/
 166:../USB_DEVICE/App/usbd_desc.c ****   USBD_IDX_PRODUCT_STR,       /*Index of product string*/
 167:../USB_DEVICE/App/usbd_desc.c ****   USBD_IDX_SERIAL_STR,        /*Index of serial number string*/
 168:../USB_DEVICE/App/usbd_desc.c ****   USBD_MAX_NUM_CONFIGURATION  /*bNumConfigurations*/
 169:../USB_DEVICE/App/usbd_desc.c **** };
 170:../USB_DEVICE/App/usbd_desc.c **** 
 171:../USB_DEVICE/App/usbd_desc.c **** /* USB_DeviceDescriptor */
 172:../USB_DEVICE/App/usbd_desc.c **** 
 173:../USB_DEVICE/App/usbd_desc.c **** /**
 174:../USB_DEVICE/App/usbd_desc.c ****   * @}
 175:../USB_DEVICE/App/usbd_desc.c ****   */
 176:../USB_DEVICE/App/usbd_desc.c **** 
 177:../USB_DEVICE/App/usbd_desc.c **** /** @defgroup USBD_DESC_Private_Variables USBD_DESC_Private_Variables
 178:../USB_DEVICE/App/usbd_desc.c ****   * @brief Private variables.
 179:../USB_DEVICE/App/usbd_desc.c ****   * @{
 180:../USB_DEVICE/App/usbd_desc.c ****   */
 181:../USB_DEVICE/App/usbd_desc.c **** 
 182:../USB_DEVICE/App/usbd_desc.c **** #if defined ( __ICCARM__ ) /* IAR Compiler */
 183:../USB_DEVICE/App/usbd_desc.c ****   #pragma data_alignment=4
 184:../USB_DEVICE/App/usbd_desc.c **** #endif /* defined ( __ICCARM__ ) */
 185:../USB_DEVICE/App/usbd_desc.c **** 
 186:../USB_DEVICE/App/usbd_desc.c **** /** USB lang indentifier descriptor. */
 187:../USB_DEVICE/App/usbd_desc.c **** __ALIGN_BEGIN uint8_t USBD_LangIDDesc[USB_LEN_LANGID_STR_DESC] __ALIGN_END =
 188:../USB_DEVICE/App/usbd_desc.c **** {
 189:../USB_DEVICE/App/usbd_desc.c ****      USB_LEN_LANGID_STR_DESC,
 190:../USB_DEVICE/App/usbd_desc.c ****      USB_DESC_TYPE_STRING,
 191:../USB_DEVICE/App/usbd_desc.c ****      LOBYTE(USBD_LANGID_STRING),
 192:../USB_DEVICE/App/usbd_desc.c ****      HIBYTE(USBD_LANGID_STRING)
 193:../USB_DEVICE/App/usbd_desc.c **** };
 194:../USB_DEVICE/App/usbd_desc.c **** 
 195:../USB_DEVICE/App/usbd_desc.c **** #if defined ( __ICCARM__ ) /* IAR Compiler */
 196:../USB_DEVICE/App/usbd_desc.c ****   #pragma data_alignment=4
 197:../USB_DEVICE/App/usbd_desc.c **** #endif /* defined ( __ICCARM__ ) */
 198:../USB_DEVICE/App/usbd_desc.c **** /* Internal string descriptor. */
 199:../USB_DEVICE/App/usbd_desc.c **** __ALIGN_BEGIN uint8_t USBD_StrDesc[USBD_MAX_STR_DESC_SIZ] __ALIGN_END;
 200:../USB_DEVICE/App/usbd_desc.c **** 
 201:../USB_DEVICE/App/usbd_desc.c **** #if defined ( __ICCARM__ ) /*!< IAR Compiler */
 202:../USB_DEVICE/App/usbd_desc.c ****   #pragma data_alignment=4   
 203:../USB_DEVICE/App/usbd_desc.c **** #endif
 204:../USB_DEVICE/App/usbd_desc.c **** __ALIGN_BEGIN uint8_t USBD_StringSerial[USB_SIZ_STRING_SERIAL] __ALIGN_END = {
 205:../USB_DEVICE/App/usbd_desc.c ****   USB_SIZ_STRING_SERIAL,
 206:../USB_DEVICE/App/usbd_desc.c ****   USB_DESC_TYPE_STRING,
ARM GAS  /tmp/ccwiRVhe.s 			page 6


 207:../USB_DEVICE/App/usbd_desc.c **** };
 208:../USB_DEVICE/App/usbd_desc.c **** 
 209:../USB_DEVICE/App/usbd_desc.c **** /**
 210:../USB_DEVICE/App/usbd_desc.c ****   * @}
 211:../USB_DEVICE/App/usbd_desc.c ****   */
 212:../USB_DEVICE/App/usbd_desc.c **** 
 213:../USB_DEVICE/App/usbd_desc.c **** /** @defgroup USBD_DESC_Private_Functions USBD_DESC_Private_Functions
 214:../USB_DEVICE/App/usbd_desc.c ****   * @brief Private functions.
 215:../USB_DEVICE/App/usbd_desc.c ****   * @{
 216:../USB_DEVICE/App/usbd_desc.c ****   */
 217:../USB_DEVICE/App/usbd_desc.c **** 
 218:../USB_DEVICE/App/usbd_desc.c **** /**
 219:../USB_DEVICE/App/usbd_desc.c ****   * @brief  Return the device descriptor
 220:../USB_DEVICE/App/usbd_desc.c ****   * @param  speed : Current device speed
 221:../USB_DEVICE/App/usbd_desc.c ****   * @param  length : Pointer to data length variable
 222:../USB_DEVICE/App/usbd_desc.c ****   * @retval Pointer to descriptor buffer
 223:../USB_DEVICE/App/usbd_desc.c ****   */
 224:../USB_DEVICE/App/usbd_desc.c **** uint8_t * USBD_FS_DeviceDescriptor(USBD_SpeedTypeDef speed, uint16_t *length)
 225:../USB_DEVICE/App/usbd_desc.c **** {
  85              		.loc 1 225 0
  86              		.cfi_startproc
  87              		@ args = 0, pretend = 0, frame = 8
  88              		@ frame_needed = 1, uses_anonymous_args = 0
  89              		@ link register save eliminated.
  90 0000 80B4     		push	{r7}
  91              	.LCFI0:
  92              		.cfi_def_cfa_offset 4
  93              		.cfi_offset 7, -4
  94 0002 83B0     		sub	sp, sp, #12
  95              	.LCFI1:
  96              		.cfi_def_cfa_offset 16
  97 0004 00AF     		add	r7, sp, #0
  98              	.LCFI2:
  99              		.cfi_def_cfa_register 7
 100 0006 0346     		mov	r3, r0
 101 0008 3960     		str	r1, [r7]
 102 000a FB71     		strb	r3, [r7, #7]
 226:../USB_DEVICE/App/usbd_desc.c ****   UNUSED(speed);
 227:../USB_DEVICE/App/usbd_desc.c ****   *length = sizeof(USBD_FS_DeviceDesc);
 103              		.loc 1 227 0
 104 000c 3B68     		ldr	r3, [r7]
 105 000e 1222     		movs	r2, #18
 106 0010 1A80     		strh	r2, [r3]	@ movhi
 228:../USB_DEVICE/App/usbd_desc.c ****   return USBD_FS_DeviceDesc;
 107              		.loc 1 228 0
 108 0012 034B     		ldr	r3, .L3
 229:../USB_DEVICE/App/usbd_desc.c **** }
 109              		.loc 1 229 0
 110 0014 1846     		mov	r0, r3
 111 0016 0C37     		adds	r7, r7, #12
 112              	.LCFI3:
 113              		.cfi_def_cfa_offset 4
 114 0018 BD46     		mov	sp, r7
 115              	.LCFI4:
 116              		.cfi_def_cfa_register 13
 117              		@ sp needed
 118 001a 5DF8047B 		ldr	r7, [sp], #4
ARM GAS  /tmp/ccwiRVhe.s 			page 7


 119              	.LCFI5:
 120              		.cfi_restore 7
 121              		.cfi_def_cfa_offset 0
 122 001e 7047     		bx	lr
 123              	.L4:
 124              		.align	2
 125              	.L3:
 126 0020 00000000 		.word	USBD_FS_DeviceDesc
 127              		.cfi_endproc
 128              	.LFE131:
 130              		.section	.text.USBD_FS_LangIDStrDescriptor,"ax",%progbits
 131              		.align	1
 132              		.global	USBD_FS_LangIDStrDescriptor
 133              		.syntax unified
 134              		.thumb
 135              		.thumb_func
 136              		.fpu fpv4-sp-d16
 138              	USBD_FS_LangIDStrDescriptor:
 139              	.LFB132:
 230:../USB_DEVICE/App/usbd_desc.c **** 
 231:../USB_DEVICE/App/usbd_desc.c **** /**
 232:../USB_DEVICE/App/usbd_desc.c ****   * @brief  Return the LangID string descriptor
 233:../USB_DEVICE/App/usbd_desc.c ****   * @param  speed : Current device speed
 234:../USB_DEVICE/App/usbd_desc.c ****   * @param  length : Pointer to data length variable
 235:../USB_DEVICE/App/usbd_desc.c ****   * @retval Pointer to descriptor buffer
 236:../USB_DEVICE/App/usbd_desc.c ****   */
 237:../USB_DEVICE/App/usbd_desc.c **** uint8_t * USBD_FS_LangIDStrDescriptor(USBD_SpeedTypeDef speed, uint16_t *length)
 238:../USB_DEVICE/App/usbd_desc.c **** {
 140              		.loc 1 238 0
 141              		.cfi_startproc
 142              		@ args = 0, pretend = 0, frame = 8
 143              		@ frame_needed = 1, uses_anonymous_args = 0
 144              		@ link register save eliminated.
 145 0000 80B4     		push	{r7}
 146              	.LCFI6:
 147              		.cfi_def_cfa_offset 4
 148              		.cfi_offset 7, -4
 149 0002 83B0     		sub	sp, sp, #12
 150              	.LCFI7:
 151              		.cfi_def_cfa_offset 16
 152 0004 00AF     		add	r7, sp, #0
 153              	.LCFI8:
 154              		.cfi_def_cfa_register 7
 155 0006 0346     		mov	r3, r0
 156 0008 3960     		str	r1, [r7]
 157 000a FB71     		strb	r3, [r7, #7]
 239:../USB_DEVICE/App/usbd_desc.c ****   UNUSED(speed);
 240:../USB_DEVICE/App/usbd_desc.c ****   *length = sizeof(USBD_LangIDDesc);
 158              		.loc 1 240 0
 159 000c 3B68     		ldr	r3, [r7]
 160 000e 0422     		movs	r2, #4
 161 0010 1A80     		strh	r2, [r3]	@ movhi
 241:../USB_DEVICE/App/usbd_desc.c ****   return USBD_LangIDDesc;
 162              		.loc 1 241 0
 163 0012 034B     		ldr	r3, .L7
 242:../USB_DEVICE/App/usbd_desc.c **** }
 164              		.loc 1 242 0
ARM GAS  /tmp/ccwiRVhe.s 			page 8


 165 0014 1846     		mov	r0, r3
 166 0016 0C37     		adds	r7, r7, #12
 167              	.LCFI9:
 168              		.cfi_def_cfa_offset 4
 169 0018 BD46     		mov	sp, r7
 170              	.LCFI10:
 171              		.cfi_def_cfa_register 13
 172              		@ sp needed
 173 001a 5DF8047B 		ldr	r7, [sp], #4
 174              	.LCFI11:
 175              		.cfi_restore 7
 176              		.cfi_def_cfa_offset 0
 177 001e 7047     		bx	lr
 178              	.L8:
 179              		.align	2
 180              	.L7:
 181 0020 00000000 		.word	USBD_LangIDDesc
 182              		.cfi_endproc
 183              	.LFE132:
 185              		.section	.rodata
 186              		.align	2
 187              	.LC0:
 188 0000 53544D33 		.ascii	"STM32 Virtual ComPort\000"
 188      32205669 
 188      72747561 
 188      6C20436F 
 188      6D506F72 
 189              		.section	.text.USBD_FS_ProductStrDescriptor,"ax",%progbits
 190              		.align	1
 191              		.global	USBD_FS_ProductStrDescriptor
 192              		.syntax unified
 193              		.thumb
 194              		.thumb_func
 195              		.fpu fpv4-sp-d16
 197              	USBD_FS_ProductStrDescriptor:
 198              	.LFB133:
 243:../USB_DEVICE/App/usbd_desc.c **** 
 244:../USB_DEVICE/App/usbd_desc.c **** /**
 245:../USB_DEVICE/App/usbd_desc.c ****   * @brief  Return the product string descriptor
 246:../USB_DEVICE/App/usbd_desc.c ****   * @param  speed : Current device speed
 247:../USB_DEVICE/App/usbd_desc.c ****   * @param  length : Pointer to data length variable
 248:../USB_DEVICE/App/usbd_desc.c ****   * @retval Pointer to descriptor buffer
 249:../USB_DEVICE/App/usbd_desc.c ****   */
 250:../USB_DEVICE/App/usbd_desc.c **** uint8_t * USBD_FS_ProductStrDescriptor(USBD_SpeedTypeDef speed, uint16_t *length)
 251:../USB_DEVICE/App/usbd_desc.c **** {
 199              		.loc 1 251 0
 200              		.cfi_startproc
 201              		@ args = 0, pretend = 0, frame = 8
 202              		@ frame_needed = 1, uses_anonymous_args = 0
 203 0000 80B5     		push	{r7, lr}
 204              	.LCFI12:
 205              		.cfi_def_cfa_offset 8
 206              		.cfi_offset 7, -8
 207              		.cfi_offset 14, -4
 208 0002 82B0     		sub	sp, sp, #8
 209              	.LCFI13:
 210              		.cfi_def_cfa_offset 16
ARM GAS  /tmp/ccwiRVhe.s 			page 9


 211 0004 00AF     		add	r7, sp, #0
 212              	.LCFI14:
 213              		.cfi_def_cfa_register 7
 214 0006 0346     		mov	r3, r0
 215 0008 3960     		str	r1, [r7]
 216 000a FB71     		strb	r3, [r7, #7]
 252:../USB_DEVICE/App/usbd_desc.c ****   if(speed == 0)
 217              		.loc 1 252 0
 218 000c FB79     		ldrb	r3, [r7, #7]	@ zero_extendqisi2
 219 000e 002B     		cmp	r3, #0
 220 0010 05D1     		bne	.L10
 253:../USB_DEVICE/App/usbd_desc.c ****   {
 254:../USB_DEVICE/App/usbd_desc.c ****     USBD_GetString((uint8_t *)USBD_PRODUCT_STRING_FS, USBD_StrDesc, length);
 221              		.loc 1 254 0
 222 0012 3A68     		ldr	r2, [r7]
 223 0014 0749     		ldr	r1, .L13
 224 0016 0848     		ldr	r0, .L13+4
 225 0018 FFF7FEFF 		bl	USBD_GetString
 226 001c 04E0     		b	.L11
 227              	.L10:
 255:../USB_DEVICE/App/usbd_desc.c ****   }
 256:../USB_DEVICE/App/usbd_desc.c ****   else
 257:../USB_DEVICE/App/usbd_desc.c ****   {
 258:../USB_DEVICE/App/usbd_desc.c ****     USBD_GetString((uint8_t *)USBD_PRODUCT_STRING_FS, USBD_StrDesc, length);
 228              		.loc 1 258 0
 229 001e 3A68     		ldr	r2, [r7]
 230 0020 0449     		ldr	r1, .L13
 231 0022 0548     		ldr	r0, .L13+4
 232 0024 FFF7FEFF 		bl	USBD_GetString
 233              	.L11:
 259:../USB_DEVICE/App/usbd_desc.c ****   }
 260:../USB_DEVICE/App/usbd_desc.c ****   return USBD_StrDesc;
 234              		.loc 1 260 0
 235 0028 024B     		ldr	r3, .L13
 261:../USB_DEVICE/App/usbd_desc.c **** }
 236              		.loc 1 261 0
 237 002a 1846     		mov	r0, r3
 238 002c 0837     		adds	r7, r7, #8
 239              	.LCFI15:
 240              		.cfi_def_cfa_offset 8
 241 002e BD46     		mov	sp, r7
 242              	.LCFI16:
 243              		.cfi_def_cfa_register 13
 244              		@ sp needed
 245 0030 80BD     		pop	{r7, pc}
 246              	.L14:
 247 0032 00BF     		.align	2
 248              	.L13:
 249 0034 00000000 		.word	USBD_StrDesc
 250 0038 00000000 		.word	.LC0
 251              		.cfi_endproc
 252              	.LFE133:
 254              		.section	.rodata
 255 0016 0000     		.align	2
 256              	.LC1:
 257 0018 53544D69 		.ascii	"STMicroelectronics\000"
 257      63726F65 
ARM GAS  /tmp/ccwiRVhe.s 			page 10


 257      6C656374 
 257      726F6E69 
 257      637300
 258              		.section	.text.USBD_FS_ManufacturerStrDescriptor,"ax",%progbits
 259              		.align	1
 260              		.global	USBD_FS_ManufacturerStrDescriptor
 261              		.syntax unified
 262              		.thumb
 263              		.thumb_func
 264              		.fpu fpv4-sp-d16
 266              	USBD_FS_ManufacturerStrDescriptor:
 267              	.LFB134:
 262:../USB_DEVICE/App/usbd_desc.c **** 
 263:../USB_DEVICE/App/usbd_desc.c **** /**
 264:../USB_DEVICE/App/usbd_desc.c ****   * @brief  Return the manufacturer string descriptor
 265:../USB_DEVICE/App/usbd_desc.c ****   * @param  speed : Current device speed
 266:../USB_DEVICE/App/usbd_desc.c ****   * @param  length : Pointer to data length variable
 267:../USB_DEVICE/App/usbd_desc.c ****   * @retval Pointer to descriptor buffer
 268:../USB_DEVICE/App/usbd_desc.c ****   */
 269:../USB_DEVICE/App/usbd_desc.c **** uint8_t * USBD_FS_ManufacturerStrDescriptor(USBD_SpeedTypeDef speed, uint16_t *length)
 270:../USB_DEVICE/App/usbd_desc.c **** {
 268              		.loc 1 270 0
 269              		.cfi_startproc
 270              		@ args = 0, pretend = 0, frame = 8
 271              		@ frame_needed = 1, uses_anonymous_args = 0
 272 0000 80B5     		push	{r7, lr}
 273              	.LCFI17:
 274              		.cfi_def_cfa_offset 8
 275              		.cfi_offset 7, -8
 276              		.cfi_offset 14, -4
 277 0002 82B0     		sub	sp, sp, #8
 278              	.LCFI18:
 279              		.cfi_def_cfa_offset 16
 280 0004 00AF     		add	r7, sp, #0
 281              	.LCFI19:
 282              		.cfi_def_cfa_register 7
 283 0006 0346     		mov	r3, r0
 284 0008 3960     		str	r1, [r7]
 285 000a FB71     		strb	r3, [r7, #7]
 271:../USB_DEVICE/App/usbd_desc.c ****   UNUSED(speed);
 272:../USB_DEVICE/App/usbd_desc.c ****   USBD_GetString((uint8_t *)USBD_MANUFACTURER_STRING, USBD_StrDesc, length);
 286              		.loc 1 272 0
 287 000c 3A68     		ldr	r2, [r7]
 288 000e 0449     		ldr	r1, .L17
 289 0010 0448     		ldr	r0, .L17+4
 290 0012 FFF7FEFF 		bl	USBD_GetString
 273:../USB_DEVICE/App/usbd_desc.c ****   return USBD_StrDesc;
 291              		.loc 1 273 0
 292 0016 024B     		ldr	r3, .L17
 274:../USB_DEVICE/App/usbd_desc.c **** }
 293              		.loc 1 274 0
 294 0018 1846     		mov	r0, r3
 295 001a 0837     		adds	r7, r7, #8
 296              	.LCFI20:
 297              		.cfi_def_cfa_offset 8
 298 001c BD46     		mov	sp, r7
 299              	.LCFI21:
ARM GAS  /tmp/ccwiRVhe.s 			page 11


 300              		.cfi_def_cfa_register 13
 301              		@ sp needed
 302 001e 80BD     		pop	{r7, pc}
 303              	.L18:
 304              		.align	2
 305              	.L17:
 306 0020 00000000 		.word	USBD_StrDesc
 307 0024 18000000 		.word	.LC1
 308              		.cfi_endproc
 309              	.LFE134:
 311              		.section	.text.USBD_FS_SerialStrDescriptor,"ax",%progbits
 312              		.align	1
 313              		.global	USBD_FS_SerialStrDescriptor
 314              		.syntax unified
 315              		.thumb
 316              		.thumb_func
 317              		.fpu fpv4-sp-d16
 319              	USBD_FS_SerialStrDescriptor:
 320              	.LFB135:
 275:../USB_DEVICE/App/usbd_desc.c **** 
 276:../USB_DEVICE/App/usbd_desc.c **** /**
 277:../USB_DEVICE/App/usbd_desc.c ****   * @brief  Return the serial number string descriptor
 278:../USB_DEVICE/App/usbd_desc.c ****   * @param  speed : Current device speed
 279:../USB_DEVICE/App/usbd_desc.c ****   * @param  length : Pointer to data length variable
 280:../USB_DEVICE/App/usbd_desc.c ****   * @retval Pointer to descriptor buffer
 281:../USB_DEVICE/App/usbd_desc.c ****   */
 282:../USB_DEVICE/App/usbd_desc.c **** uint8_t * USBD_FS_SerialStrDescriptor(USBD_SpeedTypeDef speed, uint16_t *length)
 283:../USB_DEVICE/App/usbd_desc.c **** {
 321              		.loc 1 283 0
 322              		.cfi_startproc
 323              		@ args = 0, pretend = 0, frame = 8
 324              		@ frame_needed = 1, uses_anonymous_args = 0
 325 0000 80B5     		push	{r7, lr}
 326              	.LCFI22:
 327              		.cfi_def_cfa_offset 8
 328              		.cfi_offset 7, -8
 329              		.cfi_offset 14, -4
 330 0002 82B0     		sub	sp, sp, #8
 331              	.LCFI23:
 332              		.cfi_def_cfa_offset 16
 333 0004 00AF     		add	r7, sp, #0
 334              	.LCFI24:
 335              		.cfi_def_cfa_register 7
 336 0006 0346     		mov	r3, r0
 337 0008 3960     		str	r1, [r7]
 338 000a FB71     		strb	r3, [r7, #7]
 284:../USB_DEVICE/App/usbd_desc.c ****   UNUSED(speed);
 285:../USB_DEVICE/App/usbd_desc.c ****   *length = USB_SIZ_STRING_SERIAL;
 339              		.loc 1 285 0
 340 000c 3B68     		ldr	r3, [r7]
 341 000e 1A22     		movs	r2, #26
 342 0010 1A80     		strh	r2, [r3]	@ movhi
 286:../USB_DEVICE/App/usbd_desc.c **** 
 287:../USB_DEVICE/App/usbd_desc.c ****   /* Update the serial number string descriptor with the data from the unique
 288:../USB_DEVICE/App/usbd_desc.c ****    * ID */
 289:../USB_DEVICE/App/usbd_desc.c ****   Get_SerialNum();
 343              		.loc 1 289 0
ARM GAS  /tmp/ccwiRVhe.s 			page 12


 344 0012 FFF7FEFF 		bl	Get_SerialNum
 290:../USB_DEVICE/App/usbd_desc.c ****   /* USER CODE BEGIN USBD_FS_SerialStrDescriptor */
 291:../USB_DEVICE/App/usbd_desc.c ****   
 292:../USB_DEVICE/App/usbd_desc.c ****   /* USER CODE END USBD_FS_SerialStrDescriptor */
 293:../USB_DEVICE/App/usbd_desc.c ****   return (uint8_t *) USBD_StringSerial;
 345              		.loc 1 293 0
 346 0016 024B     		ldr	r3, .L21
 294:../USB_DEVICE/App/usbd_desc.c **** }
 347              		.loc 1 294 0
 348 0018 1846     		mov	r0, r3
 349 001a 0837     		adds	r7, r7, #8
 350              	.LCFI25:
 351              		.cfi_def_cfa_offset 8
 352 001c BD46     		mov	sp, r7
 353              	.LCFI26:
 354              		.cfi_def_cfa_register 13
 355              		@ sp needed
 356 001e 80BD     		pop	{r7, pc}
 357              	.L22:
 358              		.align	2
 359              	.L21:
 360 0020 00000000 		.word	USBD_StringSerial
 361              		.cfi_endproc
 362              	.LFE135:
 364              		.section	.rodata
 365 002b 00       		.align	2
 366              	.LC2:
 367 002c 43444320 		.ascii	"CDC Config\000"
 367      436F6E66 
 367      696700
 368              		.section	.text.USBD_FS_ConfigStrDescriptor,"ax",%progbits
 369              		.align	1
 370              		.global	USBD_FS_ConfigStrDescriptor
 371              		.syntax unified
 372              		.thumb
 373              		.thumb_func
 374              		.fpu fpv4-sp-d16
 376              	USBD_FS_ConfigStrDescriptor:
 377              	.LFB136:
 295:../USB_DEVICE/App/usbd_desc.c **** 
 296:../USB_DEVICE/App/usbd_desc.c **** /**
 297:../USB_DEVICE/App/usbd_desc.c ****   * @brief  Return the configuration string descriptor
 298:../USB_DEVICE/App/usbd_desc.c ****   * @param  speed : Current device speed
 299:../USB_DEVICE/App/usbd_desc.c ****   * @param  length : Pointer to data length variable
 300:../USB_DEVICE/App/usbd_desc.c ****   * @retval Pointer to descriptor buffer
 301:../USB_DEVICE/App/usbd_desc.c ****   */
 302:../USB_DEVICE/App/usbd_desc.c **** uint8_t * USBD_FS_ConfigStrDescriptor(USBD_SpeedTypeDef speed, uint16_t *length)
 303:../USB_DEVICE/App/usbd_desc.c **** {
 378              		.loc 1 303 0
 379              		.cfi_startproc
 380              		@ args = 0, pretend = 0, frame = 8
 381              		@ frame_needed = 1, uses_anonymous_args = 0
 382 0000 80B5     		push	{r7, lr}
 383              	.LCFI27:
 384              		.cfi_def_cfa_offset 8
 385              		.cfi_offset 7, -8
 386              		.cfi_offset 14, -4
ARM GAS  /tmp/ccwiRVhe.s 			page 13


 387 0002 82B0     		sub	sp, sp, #8
 388              	.LCFI28:
 389              		.cfi_def_cfa_offset 16
 390 0004 00AF     		add	r7, sp, #0
 391              	.LCFI29:
 392              		.cfi_def_cfa_register 7
 393 0006 0346     		mov	r3, r0
 394 0008 3960     		str	r1, [r7]
 395 000a FB71     		strb	r3, [r7, #7]
 304:../USB_DEVICE/App/usbd_desc.c ****   if(speed == USBD_SPEED_HIGH)
 396              		.loc 1 304 0
 397 000c FB79     		ldrb	r3, [r7, #7]	@ zero_extendqisi2
 398 000e 002B     		cmp	r3, #0
 399 0010 05D1     		bne	.L24
 305:../USB_DEVICE/App/usbd_desc.c ****   {
 306:../USB_DEVICE/App/usbd_desc.c ****     USBD_GetString((uint8_t *)USBD_CONFIGURATION_STRING_FS, USBD_StrDesc, length);
 400              		.loc 1 306 0
 401 0012 3A68     		ldr	r2, [r7]
 402 0014 0749     		ldr	r1, .L27
 403 0016 0848     		ldr	r0, .L27+4
 404 0018 FFF7FEFF 		bl	USBD_GetString
 405 001c 04E0     		b	.L25
 406              	.L24:
 307:../USB_DEVICE/App/usbd_desc.c ****   }
 308:../USB_DEVICE/App/usbd_desc.c ****   else
 309:../USB_DEVICE/App/usbd_desc.c ****   {
 310:../USB_DEVICE/App/usbd_desc.c ****     USBD_GetString((uint8_t *)USBD_CONFIGURATION_STRING_FS, USBD_StrDesc, length);
 407              		.loc 1 310 0
 408 001e 3A68     		ldr	r2, [r7]
 409 0020 0449     		ldr	r1, .L27
 410 0022 0548     		ldr	r0, .L27+4
 411 0024 FFF7FEFF 		bl	USBD_GetString
 412              	.L25:
 311:../USB_DEVICE/App/usbd_desc.c ****   }
 312:../USB_DEVICE/App/usbd_desc.c ****   return USBD_StrDesc;
 413              		.loc 1 312 0
 414 0028 024B     		ldr	r3, .L27
 313:../USB_DEVICE/App/usbd_desc.c **** }
 415              		.loc 1 313 0
 416 002a 1846     		mov	r0, r3
 417 002c 0837     		adds	r7, r7, #8
 418              	.LCFI30:
 419              		.cfi_def_cfa_offset 8
 420 002e BD46     		mov	sp, r7
 421              	.LCFI31:
 422              		.cfi_def_cfa_register 13
 423              		@ sp needed
 424 0030 80BD     		pop	{r7, pc}
 425              	.L28:
 426 0032 00BF     		.align	2
 427              	.L27:
 428 0034 00000000 		.word	USBD_StrDesc
 429 0038 2C000000 		.word	.LC2
 430              		.cfi_endproc
 431              	.LFE136:
 433              		.section	.rodata
 434 0037 00       		.align	2
ARM GAS  /tmp/ccwiRVhe.s 			page 14


 435              	.LC3:
 436 0038 43444320 		.ascii	"CDC Interface\000"
 436      496E7465 
 436      72666163 
 436      6500
 437              		.section	.text.USBD_FS_InterfaceStrDescriptor,"ax",%progbits
 438              		.align	1
 439              		.global	USBD_FS_InterfaceStrDescriptor
 440              		.syntax unified
 441              		.thumb
 442              		.thumb_func
 443              		.fpu fpv4-sp-d16
 445              	USBD_FS_InterfaceStrDescriptor:
 446              	.LFB137:
 314:../USB_DEVICE/App/usbd_desc.c **** 
 315:../USB_DEVICE/App/usbd_desc.c **** /**
 316:../USB_DEVICE/App/usbd_desc.c ****   * @brief  Return the interface string descriptor
 317:../USB_DEVICE/App/usbd_desc.c ****   * @param  speed : Current device speed
 318:../USB_DEVICE/App/usbd_desc.c ****   * @param  length : Pointer to data length variable
 319:../USB_DEVICE/App/usbd_desc.c ****   * @retval Pointer to descriptor buffer
 320:../USB_DEVICE/App/usbd_desc.c ****   */
 321:../USB_DEVICE/App/usbd_desc.c **** uint8_t * USBD_FS_InterfaceStrDescriptor(USBD_SpeedTypeDef speed, uint16_t *length)
 322:../USB_DEVICE/App/usbd_desc.c **** {
 447              		.loc 1 322 0
 448              		.cfi_startproc
 449              		@ args = 0, pretend = 0, frame = 8
 450              		@ frame_needed = 1, uses_anonymous_args = 0
 451 0000 80B5     		push	{r7, lr}
 452              	.LCFI32:
 453              		.cfi_def_cfa_offset 8
 454              		.cfi_offset 7, -8
 455              		.cfi_offset 14, -4
 456 0002 82B0     		sub	sp, sp, #8
 457              	.LCFI33:
 458              		.cfi_def_cfa_offset 16
 459 0004 00AF     		add	r7, sp, #0
 460              	.LCFI34:
 461              		.cfi_def_cfa_register 7
 462 0006 0346     		mov	r3, r0
 463 0008 3960     		str	r1, [r7]
 464 000a FB71     		strb	r3, [r7, #7]
 323:../USB_DEVICE/App/usbd_desc.c ****   if(speed == 0)
 465              		.loc 1 323 0
 466 000c FB79     		ldrb	r3, [r7, #7]	@ zero_extendqisi2
 467 000e 002B     		cmp	r3, #0
 468 0010 05D1     		bne	.L30
 324:../USB_DEVICE/App/usbd_desc.c ****   {
 325:../USB_DEVICE/App/usbd_desc.c ****     USBD_GetString((uint8_t *)USBD_INTERFACE_STRING_FS, USBD_StrDesc, length);
 469              		.loc 1 325 0
 470 0012 3A68     		ldr	r2, [r7]
 471 0014 0749     		ldr	r1, .L33
 472 0016 0848     		ldr	r0, .L33+4
 473 0018 FFF7FEFF 		bl	USBD_GetString
 474 001c 04E0     		b	.L31
 475              	.L30:
 326:../USB_DEVICE/App/usbd_desc.c ****   }
 327:../USB_DEVICE/App/usbd_desc.c ****   else
ARM GAS  /tmp/ccwiRVhe.s 			page 15


 328:../USB_DEVICE/App/usbd_desc.c ****   {
 329:../USB_DEVICE/App/usbd_desc.c ****     USBD_GetString((uint8_t *)USBD_INTERFACE_STRING_FS, USBD_StrDesc, length);
 476              		.loc 1 329 0
 477 001e 3A68     		ldr	r2, [r7]
 478 0020 0449     		ldr	r1, .L33
 479 0022 0548     		ldr	r0, .L33+4
 480 0024 FFF7FEFF 		bl	USBD_GetString
 481              	.L31:
 330:../USB_DEVICE/App/usbd_desc.c ****   }
 331:../USB_DEVICE/App/usbd_desc.c ****   return USBD_StrDesc;
 482              		.loc 1 331 0
 483 0028 024B     		ldr	r3, .L33
 332:../USB_DEVICE/App/usbd_desc.c **** }
 484              		.loc 1 332 0
 485 002a 1846     		mov	r0, r3
 486 002c 0837     		adds	r7, r7, #8
 487              	.LCFI35:
 488              		.cfi_def_cfa_offset 8
 489 002e BD46     		mov	sp, r7
 490              	.LCFI36:
 491              		.cfi_def_cfa_register 13
 492              		@ sp needed
 493 0030 80BD     		pop	{r7, pc}
 494              	.L34:
 495 0032 00BF     		.align	2
 496              	.L33:
 497 0034 00000000 		.word	USBD_StrDesc
 498 0038 38000000 		.word	.LC3
 499              		.cfi_endproc
 500              	.LFE137:
 502              		.section	.text.Get_SerialNum,"ax",%progbits
 503              		.align	1
 504              		.syntax unified
 505              		.thumb
 506              		.thumb_func
 507              		.fpu fpv4-sp-d16
 509              	Get_SerialNum:
 510              	.LFB138:
 333:../USB_DEVICE/App/usbd_desc.c **** 
 334:../USB_DEVICE/App/usbd_desc.c **** /**
 335:../USB_DEVICE/App/usbd_desc.c ****   * @brief  Create the serial number string descriptor 
 336:../USB_DEVICE/App/usbd_desc.c ****   * @param  None 
 337:../USB_DEVICE/App/usbd_desc.c ****   * @retval None
 338:../USB_DEVICE/App/usbd_desc.c ****   */
 339:../USB_DEVICE/App/usbd_desc.c **** static void Get_SerialNum(void)
 340:../USB_DEVICE/App/usbd_desc.c **** {
 511              		.loc 1 340 0
 512              		.cfi_startproc
 513              		@ args = 0, pretend = 0, frame = 16
 514              		@ frame_needed = 1, uses_anonymous_args = 0
 515 0000 80B5     		push	{r7, lr}
 516              	.LCFI37:
 517              		.cfi_def_cfa_offset 8
 518              		.cfi_offset 7, -8
 519              		.cfi_offset 14, -4
 520 0002 84B0     		sub	sp, sp, #16
 521              	.LCFI38:
ARM GAS  /tmp/ccwiRVhe.s 			page 16


 522              		.cfi_def_cfa_offset 24
 523 0004 00AF     		add	r7, sp, #0
 524              	.LCFI39:
 525              		.cfi_def_cfa_register 7
 341:../USB_DEVICE/App/usbd_desc.c ****   uint32_t deviceserial0, deviceserial1, deviceserial2;
 342:../USB_DEVICE/App/usbd_desc.c **** 
 343:../USB_DEVICE/App/usbd_desc.c ****   deviceserial0 = *(uint32_t *) DEVICE_ID1;
 526              		.loc 1 343 0
 527 0006 0F4B     		ldr	r3, .L38
 528 0008 1B68     		ldr	r3, [r3]
 529 000a FB60     		str	r3, [r7, #12]
 344:../USB_DEVICE/App/usbd_desc.c ****   deviceserial1 = *(uint32_t *) DEVICE_ID2;
 530              		.loc 1 344 0
 531 000c 0E4B     		ldr	r3, .L38+4
 532 000e 1B68     		ldr	r3, [r3]
 533 0010 BB60     		str	r3, [r7, #8]
 345:../USB_DEVICE/App/usbd_desc.c ****   deviceserial2 = *(uint32_t *) DEVICE_ID3;
 534              		.loc 1 345 0
 535 0012 0E4B     		ldr	r3, .L38+8
 536 0014 1B68     		ldr	r3, [r3]
 537 0016 7B60     		str	r3, [r7, #4]
 346:../USB_DEVICE/App/usbd_desc.c **** 
 347:../USB_DEVICE/App/usbd_desc.c ****   deviceserial0 += deviceserial2;
 538              		.loc 1 347 0
 539 0018 FA68     		ldr	r2, [r7, #12]
 540 001a 7B68     		ldr	r3, [r7, #4]
 541 001c 1344     		add	r3, r3, r2
 542 001e FB60     		str	r3, [r7, #12]
 348:../USB_DEVICE/App/usbd_desc.c **** 
 349:../USB_DEVICE/App/usbd_desc.c ****   if (deviceserial0 != 0)
 543              		.loc 1 349 0
 544 0020 FB68     		ldr	r3, [r7, #12]
 545 0022 002B     		cmp	r3, #0
 546 0024 09D0     		beq	.L37
 350:../USB_DEVICE/App/usbd_desc.c ****   {
 351:../USB_DEVICE/App/usbd_desc.c ****     IntToUnicode(deviceserial0, &USBD_StringSerial[2], 8);
 547              		.loc 1 351 0
 548 0026 0822     		movs	r2, #8
 549 0028 0949     		ldr	r1, .L38+12
 550 002a F868     		ldr	r0, [r7, #12]
 551 002c FFF7FEFF 		bl	IntToUnicode
 352:../USB_DEVICE/App/usbd_desc.c ****     IntToUnicode(deviceserial1, &USBD_StringSerial[18], 4);
 552              		.loc 1 352 0
 553 0030 0422     		movs	r2, #4
 554 0032 0849     		ldr	r1, .L38+16
 555 0034 B868     		ldr	r0, [r7, #8]
 556 0036 FFF7FEFF 		bl	IntToUnicode
 557              	.L37:
 353:../USB_DEVICE/App/usbd_desc.c ****   }
 354:../USB_DEVICE/App/usbd_desc.c **** }
 558              		.loc 1 354 0
 559 003a 00BF     		nop
 560 003c 1037     		adds	r7, r7, #16
 561              	.LCFI40:
 562              		.cfi_def_cfa_offset 8
 563 003e BD46     		mov	sp, r7
 564              	.LCFI41:
ARM GAS  /tmp/ccwiRVhe.s 			page 17


 565              		.cfi_def_cfa_register 13
 566              		@ sp needed
 567 0040 80BD     		pop	{r7, pc}
 568              	.L39:
 569 0042 00BF     		.align	2
 570              	.L38:
 571 0044 ACF7FF1F 		.word	536868780
 572 0048 B0F7FF1F 		.word	536868784
 573 004c B4F7FF1F 		.word	536868788
 574 0050 02000000 		.word	USBD_StringSerial+2
 575 0054 12000000 		.word	USBD_StringSerial+18
 576              		.cfi_endproc
 577              	.LFE138:
 579              		.section	.text.IntToUnicode,"ax",%progbits
 580              		.align	1
 581              		.syntax unified
 582              		.thumb
 583              		.thumb_func
 584              		.fpu fpv4-sp-d16
 586              	IntToUnicode:
 587              	.LFB139:
 355:../USB_DEVICE/App/usbd_desc.c **** 
 356:../USB_DEVICE/App/usbd_desc.c **** /**
 357:../USB_DEVICE/App/usbd_desc.c ****   * @brief  Convert Hex 32Bits value into char 
 358:../USB_DEVICE/App/usbd_desc.c ****   * @param  value: value to convert
 359:../USB_DEVICE/App/usbd_desc.c ****   * @param  pbuf: pointer to the buffer 
 360:../USB_DEVICE/App/usbd_desc.c ****   * @param  len: buffer length
 361:../USB_DEVICE/App/usbd_desc.c ****   * @retval None
 362:../USB_DEVICE/App/usbd_desc.c ****   */
 363:../USB_DEVICE/App/usbd_desc.c **** static void IntToUnicode(uint32_t value, uint8_t * pbuf, uint8_t len)
 364:../USB_DEVICE/App/usbd_desc.c **** {
 588              		.loc 1 364 0
 589              		.cfi_startproc
 590              		@ args = 0, pretend = 0, frame = 24
 591              		@ frame_needed = 1, uses_anonymous_args = 0
 592              		@ link register save eliminated.
 593 0000 80B4     		push	{r7}
 594              	.LCFI42:
 595              		.cfi_def_cfa_offset 4
 596              		.cfi_offset 7, -4
 597 0002 87B0     		sub	sp, sp, #28
 598              	.LCFI43:
 599              		.cfi_def_cfa_offset 32
 600 0004 00AF     		add	r7, sp, #0
 601              	.LCFI44:
 602              		.cfi_def_cfa_register 7
 603 0006 F860     		str	r0, [r7, #12]
 604 0008 B960     		str	r1, [r7, #8]
 605 000a 1346     		mov	r3, r2
 606 000c FB71     		strb	r3, [r7, #7]
 365:../USB_DEVICE/App/usbd_desc.c ****   uint8_t idx = 0;
 607              		.loc 1 365 0
 608 000e 0023     		movs	r3, #0
 609 0010 FB75     		strb	r3, [r7, #23]
 366:../USB_DEVICE/App/usbd_desc.c **** 
 367:../USB_DEVICE/App/usbd_desc.c ****   for (idx = 0; idx < len; idx++)
 610              		.loc 1 367 0
ARM GAS  /tmp/ccwiRVhe.s 			page 18


 611 0012 0023     		movs	r3, #0
 612 0014 FB75     		strb	r3, [r7, #23]
 613 0016 27E0     		b	.L41
 614              	.L44:
 368:../USB_DEVICE/App/usbd_desc.c ****   {
 369:../USB_DEVICE/App/usbd_desc.c ****     if (((value >> 28)) < 0xA)
 615              		.loc 1 369 0
 616 0018 FB68     		ldr	r3, [r7, #12]
 617 001a 1B0F     		lsrs	r3, r3, #28
 618 001c 092B     		cmp	r3, #9
 619 001e 0BD8     		bhi	.L42
 370:../USB_DEVICE/App/usbd_desc.c ****     {
 371:../USB_DEVICE/App/usbd_desc.c ****       pbuf[2 * idx] = (value >> 28) + '0';
 620              		.loc 1 371 0
 621 0020 FB7D     		ldrb	r3, [r7, #23]	@ zero_extendqisi2
 622 0022 5B00     		lsls	r3, r3, #1
 623 0024 1A46     		mov	r2, r3
 624 0026 BB68     		ldr	r3, [r7, #8]
 625 0028 1344     		add	r3, r3, r2
 626 002a FA68     		ldr	r2, [r7, #12]
 627 002c 120F     		lsrs	r2, r2, #28
 628 002e D2B2     		uxtb	r2, r2
 629 0030 3032     		adds	r2, r2, #48
 630 0032 D2B2     		uxtb	r2, r2
 631 0034 1A70     		strb	r2, [r3]
 632 0036 0AE0     		b	.L43
 633              	.L42:
 372:../USB_DEVICE/App/usbd_desc.c ****     }
 373:../USB_DEVICE/App/usbd_desc.c ****     else
 374:../USB_DEVICE/App/usbd_desc.c ****     {
 375:../USB_DEVICE/App/usbd_desc.c ****       pbuf[2 * idx] = (value >> 28) + 'A' - 10;
 634              		.loc 1 375 0
 635 0038 FB7D     		ldrb	r3, [r7, #23]	@ zero_extendqisi2
 636 003a 5B00     		lsls	r3, r3, #1
 637 003c 1A46     		mov	r2, r3
 638 003e BB68     		ldr	r3, [r7, #8]
 639 0040 1344     		add	r3, r3, r2
 640 0042 FA68     		ldr	r2, [r7, #12]
 641 0044 120F     		lsrs	r2, r2, #28
 642 0046 D2B2     		uxtb	r2, r2
 643 0048 3732     		adds	r2, r2, #55
 644 004a D2B2     		uxtb	r2, r2
 645 004c 1A70     		strb	r2, [r3]
 646              	.L43:
 376:../USB_DEVICE/App/usbd_desc.c ****     }
 377:../USB_DEVICE/App/usbd_desc.c **** 
 378:../USB_DEVICE/App/usbd_desc.c ****     value = value << 4;
 647              		.loc 1 378 0 discriminator 2
 648 004e FB68     		ldr	r3, [r7, #12]
 649 0050 1B01     		lsls	r3, r3, #4
 650 0052 FB60     		str	r3, [r7, #12]
 379:../USB_DEVICE/App/usbd_desc.c **** 
 380:../USB_DEVICE/App/usbd_desc.c ****     pbuf[2 * idx + 1] = 0;
 651              		.loc 1 380 0 discriminator 2
 652 0054 FB7D     		ldrb	r3, [r7, #23]	@ zero_extendqisi2
 653 0056 5B00     		lsls	r3, r3, #1
 654 0058 0133     		adds	r3, r3, #1
ARM GAS  /tmp/ccwiRVhe.s 			page 19


 655 005a BA68     		ldr	r2, [r7, #8]
 656 005c 1344     		add	r3, r3, r2
 657 005e 0022     		movs	r2, #0
 658 0060 1A70     		strb	r2, [r3]
 367:../USB_DEVICE/App/usbd_desc.c ****   {
 659              		.loc 1 367 0 discriminator 2
 660 0062 FB7D     		ldrb	r3, [r7, #23]	@ zero_extendqisi2
 661 0064 0133     		adds	r3, r3, #1
 662 0066 FB75     		strb	r3, [r7, #23]
 663              	.L41:
 367:../USB_DEVICE/App/usbd_desc.c ****   {
 664              		.loc 1 367 0 is_stmt 0 discriminator 1
 665 0068 FA7D     		ldrb	r2, [r7, #23]	@ zero_extendqisi2
 666 006a FB79     		ldrb	r3, [r7, #7]	@ zero_extendqisi2
 667 006c 9A42     		cmp	r2, r3
 668 006e D3D3     		bcc	.L44
 381:../USB_DEVICE/App/usbd_desc.c ****   }
 382:../USB_DEVICE/App/usbd_desc.c **** }
 669              		.loc 1 382 0 is_stmt 1
 670 0070 00BF     		nop
 671 0072 1C37     		adds	r7, r7, #28
 672              	.LCFI45:
 673              		.cfi_def_cfa_offset 4
 674 0074 BD46     		mov	sp, r7
 675              	.LCFI46:
 676              		.cfi_def_cfa_register 13
 677              		@ sp needed
 678 0076 5DF8047B 		ldr	r7, [sp], #4
 679              	.LCFI47:
 680              		.cfi_restore 7
 681              		.cfi_def_cfa_offset 0
 682 007a 7047     		bx	lr
 683              		.cfi_endproc
 684              	.LFE139:
 686              		.text
 687              	.Letext0:
 688              		.file 2 "/usr/include/newlib/machine/_default_types.h"
 689              		.file 3 "/usr/include/newlib/sys/lock.h"
 690              		.file 4 "/usr/include/newlib/sys/_types.h"
 691              		.file 5 "/usr/lib/gcc/arm-none-eabi/6.3.1/include/stddef.h"
 692              		.file 6 "/usr/include/newlib/sys/reent.h"
 693              		.file 7 "/usr/include/newlib/sys/_stdint.h"
 694              		.file 8 "/usr/include/newlib/stdlib.h"
 695              		.file 9 "../Drivers/CMSIS/Include/core_cm4.h"
 696              		.file 10 "../Drivers/CMSIS/Device/ST/STM32F3xx/Include/system_stm32f3xx.h"
 697              		.file 11 "../Drivers/STM32F3xx_HAL_Driver/Inc/stm32f3xx_hal.h"
 698              		.file 12 "../Middlewares/ST/STM32_USB_Device_Library/Core/Inc/usbd_def.h"
 699              		.file 13 "../USB_DEVICE/App/usbd_desc.h"
ARM GAS  /tmp/ccwiRVhe.s 			page 20


DEFINED SYMBOLS
                            *ABS*:0000000000000000 usbd_desc.c
     /tmp/ccwiRVhe.s:22     .data.FS_Desc:0000000000000000 FS_Desc
     /tmp/ccwiRVhe.s:19     .data.FS_Desc:0000000000000000 $d
     /tmp/ccwiRVhe.s:82     .text.USBD_FS_DeviceDescriptor:0000000000000000 USBD_FS_DeviceDescriptor
     /tmp/ccwiRVhe.s:138    .text.USBD_FS_LangIDStrDescriptor:0000000000000000 USBD_FS_LangIDStrDescriptor
     /tmp/ccwiRVhe.s:266    .text.USBD_FS_ManufacturerStrDescriptor:0000000000000000 USBD_FS_ManufacturerStrDescriptor
     /tmp/ccwiRVhe.s:197    .text.USBD_FS_ProductStrDescriptor:0000000000000000 USBD_FS_ProductStrDescriptor
     /tmp/ccwiRVhe.s:319    .text.USBD_FS_SerialStrDescriptor:0000000000000000 USBD_FS_SerialStrDescriptor
     /tmp/ccwiRVhe.s:376    .text.USBD_FS_ConfigStrDescriptor:0000000000000000 USBD_FS_ConfigStrDescriptor
     /tmp/ccwiRVhe.s:445    .text.USBD_FS_InterfaceStrDescriptor:0000000000000000 USBD_FS_InterfaceStrDescriptor
     /tmp/ccwiRVhe.s:35     .data.USBD_FS_DeviceDesc:0000000000000000 USBD_FS_DeviceDesc
     /tmp/ccwiRVhe.s:32     .data.USBD_FS_DeviceDesc:0000000000000000 $d
     /tmp/ccwiRVhe.s:59     .data.USBD_LangIDDesc:0000000000000000 USBD_LangIDDesc
     /tmp/ccwiRVhe.s:56     .data.USBD_LangIDDesc:0000000000000000 $d
                            *COM*:0000000000000200 USBD_StrDesc
     /tmp/ccwiRVhe.s:70     .data.USBD_StringSerial:0000000000000000 USBD_StringSerial
     /tmp/ccwiRVhe.s:67     .data.USBD_StringSerial:0000000000000000 $d
     /tmp/ccwiRVhe.s:75     .text.USBD_FS_DeviceDescriptor:0000000000000000 $t
     /tmp/ccwiRVhe.s:126    .text.USBD_FS_DeviceDescriptor:0000000000000020 $d
     /tmp/ccwiRVhe.s:131    .text.USBD_FS_LangIDStrDescriptor:0000000000000000 $t
     /tmp/ccwiRVhe.s:181    .text.USBD_FS_LangIDStrDescriptor:0000000000000020 $d
     /tmp/ccwiRVhe.s:186    .rodata:0000000000000000 $d
     /tmp/ccwiRVhe.s:190    .text.USBD_FS_ProductStrDescriptor:0000000000000000 $t
     /tmp/ccwiRVhe.s:249    .text.USBD_FS_ProductStrDescriptor:0000000000000034 $d
     /tmp/ccwiRVhe.s:259    .text.USBD_FS_ManufacturerStrDescriptor:0000000000000000 $t
     /tmp/ccwiRVhe.s:306    .text.USBD_FS_ManufacturerStrDescriptor:0000000000000020 $d
     /tmp/ccwiRVhe.s:312    .text.USBD_FS_SerialStrDescriptor:0000000000000000 $t
     /tmp/ccwiRVhe.s:509    .text.Get_SerialNum:0000000000000000 Get_SerialNum
     /tmp/ccwiRVhe.s:360    .text.USBD_FS_SerialStrDescriptor:0000000000000020 $d
     /tmp/ccwiRVhe.s:369    .text.USBD_FS_ConfigStrDescriptor:0000000000000000 $t
     /tmp/ccwiRVhe.s:428    .text.USBD_FS_ConfigStrDescriptor:0000000000000034 $d
     /tmp/ccwiRVhe.s:438    .text.USBD_FS_InterfaceStrDescriptor:0000000000000000 $t
     /tmp/ccwiRVhe.s:497    .text.USBD_FS_InterfaceStrDescriptor:0000000000000034 $d
     /tmp/ccwiRVhe.s:503    .text.Get_SerialNum:0000000000000000 $t
     /tmp/ccwiRVhe.s:586    .text.IntToUnicode:0000000000000000 IntToUnicode
     /tmp/ccwiRVhe.s:571    .text.Get_SerialNum:0000000000000044 $d
     /tmp/ccwiRVhe.s:580    .text.IntToUnicode:0000000000000000 $t
                     .debug_frame:0000000000000010 $d

UNDEFINED SYMBOLS
USBD_GetString
