ARM GAS  /var/folders/k7/81v8fz9j4v98_s0dd31l1wsr0000gn/T//ccupNDxU.s 			page 1


   1              		.cpu cortex-m4
   2              		.eabi_attribute 27, 1
   3              		.eabi_attribute 28, 1
   4              		.eabi_attribute 20, 1
   5              		.eabi_attribute 21, 1
   6              		.eabi_attribute 23, 3
   7              		.eabi_attribute 24, 1
   8              		.eabi_attribute 25, 1
   9              		.eabi_attribute 26, 1
  10              		.eabi_attribute 30, 6
  11              		.eabi_attribute 34, 1
  12              		.eabi_attribute 18, 4
  13              		.file	"dbg_uart.c"
  14              		.text
  15              	.Ltext0:
  16              		.cfi_sections	.debug_frame
  17              		.comm	dbgUartRxBuffer,256,4
  18              		.comm	dbgUartTxBuffer,256,4
  19              		.global	dbgUartRxHead
  20              		.section	.bss.dbgUartRxHead,"aw",%nobits
  21              		.align	1
  24              	dbgUartRxHead:
  25 0000 0000     		.space	2
  26              		.global	dbgUartTxHead
  27              		.section	.bss.dbgUartTxHead,"aw",%nobits
  28              		.align	1
  31              	dbgUartTxHead:
  32 0000 0000     		.space	2
  33              		.global	dbgUartRxTail
  34              		.section	.bss.dbgUartRxTail,"aw",%nobits
  35              		.align	1
  38              	dbgUartRxTail:
  39 0000 0000     		.space	2
  40              		.global	dbgUartTxTail
  41              		.section	.bss.dbgUartTxTail,"aw",%nobits
  42              		.align	1
  45              	dbgUartTxTail:
  46 0000 0000     		.space	2
  47              		.section	.rodata
  48              		.align	2
  49              	.LC0:
  50 0000 41534400 		.ascii	"ASD\000"
  51              		.section	.text.DbgUart_Init,"ax",%progbits
  52              		.align	1
  53              		.global	DbgUart_Init
  54              		.arch armv7e-m
  55              		.syntax unified
  56              		.thumb
  57              		.thumb_func
  58              		.fpu fpv4-sp-d16
  60              	DbgUart_Init:
  61              	.LFB292:
  62              		.file 1 "Src/dbg_uart.c"
   1:Src/dbg_uart.c **** #include "dbg_uart.h"
   2:Src/dbg_uart.c **** #include "main.h"
   3:Src/dbg_uart.c **** #include "stm32l4xx_hal_uart.h"
   4:Src/dbg_uart.c **** #include "usart.h"
ARM GAS  /var/folders/k7/81v8fz9j4v98_s0dd31l1wsr0000gn/T//ccupNDxU.s 			page 2


   5:Src/dbg_uart.c **** 
   6:Src/dbg_uart.c **** /*
   7:Src/dbg_uart.c ****  * DBG UART
   8:Src/dbg_uart.c ****  * How it works:
   9:Src/dbg_uart.c ****  * - USART2 (RX: PA3, TX: PA2) is the uart peripheral used for debug prints/commands. The initializ
  10:Src/dbg_uart.c ****  *   it is done in main.c, outside of this module.
  11:Src/dbg_uart.c ****  * - It uses DMA to push out data. Receiving is done in an ISR.
  12:Src/dbg_uart.c ****  */
  13:Src/dbg_uart.c **** 
  14:Src/dbg_uart.c **** uint8_t dbgUartRxBuffer[CNFG_DBG_UART_RX_BUFFER_SIZE];
  15:Src/dbg_uart.c **** uint8_t dbgUartTxBuffer[CNFG_DBG_UART_TX_BUFFER_SIZE];
  16:Src/dbg_uart.c **** 
  17:Src/dbg_uart.c **** uint16_t dbgUartRxHead = 0;
  18:Src/dbg_uart.c **** uint16_t dbgUartTxHead = 0;
  19:Src/dbg_uart.c **** uint16_t dbgUartRxTail = 0;
  20:Src/dbg_uart.c **** uint16_t dbgUartTxTail = 0;
  21:Src/dbg_uart.c **** 
  22:Src/dbg_uart.c **** void DbgUart_Init(void)
  23:Src/dbg_uart.c **** {
  63              		.loc 1 23 1
  64              		.cfi_startproc
  65              		@ args = 0, pretend = 0, frame = 0
  66              		@ frame_needed = 1, uses_anonymous_args = 0
  67 0000 80B5     		push	{r7, lr}
  68              	.LCFI0:
  69              		.cfi_def_cfa_offset 8
  70              		.cfi_offset 7, -8
  71              		.cfi_offset 14, -4
  72 0002 00AF     		add	r7, sp, #0
  73              	.LCFI1:
  74              		.cfi_def_cfa_register 7
  24:Src/dbg_uart.c ****   //__HAL_UART_ENABLE_IT(&DBG_UART_HANDLE, UART_IT_RXNE);
  25:Src/dbg_uart.c **** //HAL_StatusTypeDef HAL_UART_Receive_IT(UART_HandleTypeDef *huart, uint8_t *pData, uint16_t Size)
  26:Src/dbg_uart.c ****  HAL_UART_Receive_IT(&DBG_UART_HANDLE, &dbgUartRxBuffer, 1);
  75              		.loc 1 26 2
  76 0004 0122     		movs	r2, #1
  77 0006 0649     		ldr	r1, .L2
  78 0008 0648     		ldr	r0, .L2+4
  79 000a FFF7FEFF 		bl	HAL_UART_Receive_IT
  27:Src/dbg_uart.c ****  HAL_UART_Transmit(&DBG_UART_HANDLE, "ASD", 3, 100);
  80              		.loc 1 27 2
  81 000e 6423     		movs	r3, #100
  82 0010 0322     		movs	r2, #3
  83 0012 0549     		ldr	r1, .L2+8
  84 0014 0348     		ldr	r0, .L2+4
  85 0016 FFF7FEFF 		bl	HAL_UART_Transmit
  28:Src/dbg_uart.c **** }
  86              		.loc 1 28 1
  87 001a 00BF     		nop
  88 001c 80BD     		pop	{r7, pc}
  89              	.L3:
  90 001e 00BF     		.align	2
  91              	.L2:
  92 0020 00000000 		.word	dbgUartRxBuffer
  93 0024 00000000 		.word	huart4
  94 0028 00000000 		.word	.LC0
  95              		.cfi_endproc
ARM GAS  /var/folders/k7/81v8fz9j4v98_s0dd31l1wsr0000gn/T//ccupNDxU.s 			page 3


  96              	.LFE292:
  98              		.section	.text.DbgUart_Isr,"ax",%progbits
  99              		.align	1
 100              		.global	DbgUart_Isr
 101              		.syntax unified
 102              		.thumb
 103              		.thumb_func
 104              		.fpu fpv4-sp-d16
 106              	DbgUart_Isr:
 107              	.LFB293:
  29:Src/dbg_uart.c **** 
  30:Src/dbg_uart.c **** void DbgUart_Isr(void)
  31:Src/dbg_uart.c **** {
 108              		.loc 1 31 1
 109              		.cfi_startproc
 110              		@ args = 0, pretend = 0, frame = 0
 111              		@ frame_needed = 1, uses_anonymous_args = 0
 112              		@ link register save eliminated.
 113 0000 80B4     		push	{r7}
 114              	.LCFI2:
 115              		.cfi_def_cfa_offset 4
 116              		.cfi_offset 7, -4
 117 0002 00AF     		add	r7, sp, #0
 118              	.LCFI3:
 119              		.cfi_def_cfa_register 7
  32:Src/dbg_uart.c ****   //if (__HAL_UART_GET_IT(DBG_UART_HANDLE, UART_IT_RXNE))
  33:Src/dbg_uart.c ****   //{
  34:Src/dbg_uart.c ****     //DBG_UART_INSTANCE->RDR
  35:Src/dbg_uart.c ****   //}
  36:Src/dbg_uart.c **** }
 120              		.loc 1 36 1
 121 0004 00BF     		nop
 122 0006 BD46     		mov	sp, r7
 123              	.LCFI4:
 124              		.cfi_def_cfa_register 13
 125              		@ sp needed
 126 0008 5DF8047B 		ldr	r7, [sp], #4
 127              	.LCFI5:
 128              		.cfi_restore 7
 129              		.cfi_def_cfa_offset 0
 130 000c 7047     		bx	lr
 131              		.cfi_endproc
 132              	.LFE293:
 134              		.text
 135              	.Letext0:
 136              		.file 2 "/Users/isikcanyilmaz/KODMOD/b607/test/mcu/tools/gcc9.2.1/mac/arm-none-eabi/include/machin
 137              		.file 3 "/Users/isikcanyilmaz/KODMOD/b607/test/mcu/tools/gcc9.2.1/mac/arm-none-eabi/include/sys/_s
 138              		.file 4 "Drivers/CMSIS/Include/core_cm4.h"
 139              		.file 5 "Drivers/CMSIS/Device/ST/STM32L4xx/Include/system_stm32l4xx.h"
 140              		.file 6 "Drivers/CMSIS/Device/ST/STM32L4xx/Include/stm32l452xx.h"
 141              		.file 7 "Drivers/STM32L4xx_HAL_Driver/Inc/stm32l4xx_hal_def.h"
 142              		.file 8 "Drivers/STM32L4xx_HAL_Driver/Inc/stm32l4xx_hal_dma.h"
 143              		.file 9 "Drivers/STM32L4xx_HAL_Driver/Inc/stm32l4xx_hal_flash.h"
 144              		.file 10 "Drivers/STM32L4xx_HAL_Driver/Inc/stm32l4xx_hal_uart.h"
 145              		.file 11 "Drivers/STM32L4xx_HAL_Driver/Inc/stm32l4xx_hal.h"
 146              		.file 12 "Inc/usart.h"
ARM GAS  /var/folders/k7/81v8fz9j4v98_s0dd31l1wsr0000gn/T//ccupNDxU.s 			page 4


DEFINED SYMBOLS
                            *ABS*:0000000000000000 dbg_uart.c
                            *COM*:0000000000000100 dbgUartRxBuffer
                            *COM*:0000000000000100 dbgUartTxBuffer
/var/folders/k7/81v8fz9j4v98_s0dd31l1wsr0000gn/T//ccupNDxU.s:24     .bss.dbgUartRxHead:0000000000000000 dbgUartRxHead
/var/folders/k7/81v8fz9j4v98_s0dd31l1wsr0000gn/T//ccupNDxU.s:21     .bss.dbgUartRxHead:0000000000000000 $d
/var/folders/k7/81v8fz9j4v98_s0dd31l1wsr0000gn/T//ccupNDxU.s:31     .bss.dbgUartTxHead:0000000000000000 dbgUartTxHead
/var/folders/k7/81v8fz9j4v98_s0dd31l1wsr0000gn/T//ccupNDxU.s:28     .bss.dbgUartTxHead:0000000000000000 $d
/var/folders/k7/81v8fz9j4v98_s0dd31l1wsr0000gn/T//ccupNDxU.s:38     .bss.dbgUartRxTail:0000000000000000 dbgUartRxTail
/var/folders/k7/81v8fz9j4v98_s0dd31l1wsr0000gn/T//ccupNDxU.s:35     .bss.dbgUartRxTail:0000000000000000 $d
/var/folders/k7/81v8fz9j4v98_s0dd31l1wsr0000gn/T//ccupNDxU.s:45     .bss.dbgUartTxTail:0000000000000000 dbgUartTxTail
/var/folders/k7/81v8fz9j4v98_s0dd31l1wsr0000gn/T//ccupNDxU.s:42     .bss.dbgUartTxTail:0000000000000000 $d
/var/folders/k7/81v8fz9j4v98_s0dd31l1wsr0000gn/T//ccupNDxU.s:48     .rodata:0000000000000000 $d
/var/folders/k7/81v8fz9j4v98_s0dd31l1wsr0000gn/T//ccupNDxU.s:52     .text.DbgUart_Init:0000000000000000 $t
/var/folders/k7/81v8fz9j4v98_s0dd31l1wsr0000gn/T//ccupNDxU.s:60     .text.DbgUart_Init:0000000000000000 DbgUart_Init
/var/folders/k7/81v8fz9j4v98_s0dd31l1wsr0000gn/T//ccupNDxU.s:92     .text.DbgUart_Init:0000000000000020 $d
/var/folders/k7/81v8fz9j4v98_s0dd31l1wsr0000gn/T//ccupNDxU.s:99     .text.DbgUart_Isr:0000000000000000 $t
/var/folders/k7/81v8fz9j4v98_s0dd31l1wsr0000gn/T//ccupNDxU.s:106    .text.DbgUart_Isr:0000000000000000 DbgUart_Isr

UNDEFINED SYMBOLS
HAL_UART_Receive_IT
HAL_UART_Transmit
huart4
