ARM GAS  /var/folders/k7/81v8fz9j4v98_s0dd31l1wsr0000gn/T//ccafkeBC.s 			page 1


   1              		.cpu cortex-m4
   2              		.eabi_attribute 27, 1
   3              		.eabi_attribute 28, 1
   4              		.eabi_attribute 20, 1
   5              		.eabi_attribute 21, 1
   6              		.eabi_attribute 23, 3
   7              		.eabi_attribute 24, 1
   8              		.eabi_attribute 25, 1
   9              		.eabi_attribute 26, 1
  10              		.eabi_attribute 30, 6
  11              		.eabi_attribute 34, 1
  12              		.eabi_attribute 18, 4
  13              		.file	"geometry.c"
  14              		.text
  15              	.Ltext0:
  16              		.cfi_sections	.debug_frame
  17              		.section	.text.Geometry_Init,"ax",%progbits
  18              		.align	1
  19              		.global	Geometry_Init
  20              		.arch armv7e-m
  21              		.syntax unified
  22              		.thumb
  23              		.thumb_func
  24              		.fpu fpv4-sp-d16
  26              	Geometry_Init:
  27              	.LFB292:
  28              		.file 1 "Src/geometry.c"
   1:Src/geometry.c **** #include "geometry.h"
   2:Src/geometry.c **** 
   3:Src/geometry.c **** /*
   4:Src/geometry.c ****  * GEOMETRY HELPERS
   5:Src/geometry.c ****  * The purpose of this file is to provide functions to address and traverse the LEDs
   6:Src/geometry.c ****  * conveniently. 
   7:Src/geometry.c ****  */
   8:Src/geometry.c **** 
   9:Src/geometry.c **** void Geometry_Init(void)
  10:Src/geometry.c **** {
  29              		.loc 1 10 1
  30              		.cfi_startproc
  31              		@ args = 0, pretend = 0, frame = 0
  32              		@ frame_needed = 1, uses_anonymous_args = 0
  33              		@ link register save eliminated.
  34 0000 80B4     		push	{r7}
  35              	.LCFI0:
  36              		.cfi_def_cfa_offset 4
  37              		.cfi_offset 7, -4
  38 0002 00AF     		add	r7, sp, #0
  39              	.LCFI1:
  40              		.cfi_def_cfa_register 7
  11:Src/geometry.c ****   
  12:Src/geometry.c **** }
  41              		.loc 1 12 1
  42 0004 00BF     		nop
  43 0006 BD46     		mov	sp, r7
  44              	.LCFI2:
  45              		.cfi_def_cfa_register 13
  46              		@ sp needed
ARM GAS  /var/folders/k7/81v8fz9j4v98_s0dd31l1wsr0000gn/T//ccafkeBC.s 			page 2


  47 0008 5DF8047B 		ldr	r7, [sp], #4
  48              	.LCFI3:
  49              		.cfi_restore 7
  50              		.cfi_def_cfa_offset 0
  51 000c 7047     		bx	lr
  52              		.cfi_endproc
  53              	.LFE292:
  55              		.text
  56              	.Letext0:
  57              		.file 2 "/Users/isikcanyilmaz/KODMOD/b607/test/mcu/tools/gcc9.2.1/mac/arm-none-eabi/include/machin
  58              		.file 3 "/Users/isikcanyilmaz/KODMOD/b607/test/mcu/tools/gcc9.2.1/mac/arm-none-eabi/include/sys/_s
  59              		.file 4 "Drivers/CMSIS/Include/core_cm4.h"
  60              		.file 5 "Drivers/CMSIS/Device/ST/STM32L4xx/Include/system_stm32l4xx.h"
  61              		.file 6 "Drivers/CMSIS/Device/ST/STM32L4xx/Include/stm32l452xx.h"
  62              		.file 7 "Drivers/STM32L4xx_HAL_Driver/Inc/stm32l4xx_hal_def.h"
  63              		.file 8 "Drivers/STM32L4xx_HAL_Driver/Inc/stm32l4xx_hal_dma.h"
  64              		.file 9 "Drivers/STM32L4xx_HAL_Driver/Inc/stm32l4xx_hal_flash.h"
  65              		.file 10 "Drivers/STM32L4xx_HAL_Driver/Inc/stm32l4xx_hal_tim.h"
  66              		.file 11 "Drivers/STM32L4xx_HAL_Driver/Inc/stm32l4xx_hal.h"
  67              		.file 12 "Inc/tim.h"
  68              		.file 13 "Inc/addressable_led_manager.h"
ARM GAS  /var/folders/k7/81v8fz9j4v98_s0dd31l1wsr0000gn/T//ccafkeBC.s 			page 3


DEFINED SYMBOLS
                            *ABS*:0000000000000000 geometry.c
/var/folders/k7/81v8fz9j4v98_s0dd31l1wsr0000gn/T//ccafkeBC.s:18     .text.Geometry_Init:0000000000000000 $t
/var/folders/k7/81v8fz9j4v98_s0dd31l1wsr0000gn/T//ccafkeBC.s:26     .text.Geometry_Init:0000000000000000 Geometry_Init

NO UNDEFINED SYMBOLS
