ARM GAS  /var/folders/k7/81v8fz9j4v98_s0dd31l1wsr0000gn/T//ccDWTdP1.s 			page 1


   1              		.cpu cortex-m4
   2              		.eabi_attribute 27, 1
   3              		.eabi_attribute 28, 1
   4              		.eabi_attribute 20, 1
   5              		.eabi_attribute 21, 1
   6              		.eabi_attribute 23, 3
   7              		.eabi_attribute 24, 1
   8              		.eabi_attribute 25, 1
   9              		.eabi_attribute 26, 1
  10              		.eabi_attribute 30, 6
  11              		.eabi_attribute 34, 1
  12              		.eabi_attribute 18, 4
  13              		.file	"gpio.c"
  14              		.text
  15              	.Ltext0:
  16              		.cfi_sections	.debug_frame
  17              		.section	.text.MX_GPIO_Init,"ax",%progbits
  18              		.align	1
  19              		.global	MX_GPIO_Init
  20              		.arch armv7e-m
  21              		.syntax unified
  22              		.thumb
  23              		.thumb_func
  24              		.fpu fpv4-sp-d16
  26              	MX_GPIO_Init:
  27              	.LFB292:
  28              		.file 1 "Src/gpio.c"
   1:Src/gpio.c    **** /* USER CODE BEGIN Header */
   2:Src/gpio.c    **** /**
   3:Src/gpio.c    ****   ******************************************************************************
   4:Src/gpio.c    ****   * @file    gpio.c
   5:Src/gpio.c    ****   * @brief   This file provides code for the configuration
   6:Src/gpio.c    ****   *          of all used GPIO pins.
   7:Src/gpio.c    ****   ******************************************************************************
   8:Src/gpio.c    ****   * @attention
   9:Src/gpio.c    ****   *
  10:Src/gpio.c    ****   * Copyright (c) 2022 STMicroelectronics.
  11:Src/gpio.c    ****   * All rights reserved.
  12:Src/gpio.c    ****   *
  13:Src/gpio.c    ****   * This software is licensed under terms that can be found in the LICENSE file
  14:Src/gpio.c    ****   * in the root directory of this software component.
  15:Src/gpio.c    ****   * If no LICENSE file comes with this software, it is provided AS-IS.
  16:Src/gpio.c    ****   *
  17:Src/gpio.c    ****   ******************************************************************************
  18:Src/gpio.c    ****   */
  19:Src/gpio.c    **** /* USER CODE END Header */
  20:Src/gpio.c    **** 
  21:Src/gpio.c    **** /* Includes ------------------------------------------------------------------*/
  22:Src/gpio.c    **** #include "gpio.h"
  23:Src/gpio.c    **** 
  24:Src/gpio.c    **** /* USER CODE BEGIN 0 */
  25:Src/gpio.c    **** 
  26:Src/gpio.c    **** /* USER CODE END 0 */
  27:Src/gpio.c    **** 
  28:Src/gpio.c    **** /*----------------------------------------------------------------------------*/
  29:Src/gpio.c    **** /* Configure GPIO                                                             */
  30:Src/gpio.c    **** /*----------------------------------------------------------------------------*/
ARM GAS  /var/folders/k7/81v8fz9j4v98_s0dd31l1wsr0000gn/T//ccDWTdP1.s 			page 2


  31:Src/gpio.c    **** /* USER CODE BEGIN 1 */
  32:Src/gpio.c    **** 
  33:Src/gpio.c    **** /* USER CODE END 1 */
  34:Src/gpio.c    **** 
  35:Src/gpio.c    **** /** Configure pins as
  36:Src/gpio.c    ****         * Analog
  37:Src/gpio.c    ****         * Input
  38:Src/gpio.c    ****         * Output
  39:Src/gpio.c    ****         * EVENT_OUT
  40:Src/gpio.c    ****         * EXTI
  41:Src/gpio.c    **** */
  42:Src/gpio.c    **** void MX_GPIO_Init(void)
  43:Src/gpio.c    **** {
  29              		.loc 1 43 1
  30              		.cfi_startproc
  31              		@ args = 0, pretend = 0, frame = 40
  32              		@ frame_needed = 1, uses_anonymous_args = 0
  33 0000 80B5     		push	{r7, lr}
  34              	.LCFI0:
  35              		.cfi_def_cfa_offset 8
  36              		.cfi_offset 7, -8
  37              		.cfi_offset 14, -4
  38 0002 8AB0     		sub	sp, sp, #40
  39              	.LCFI1:
  40              		.cfi_def_cfa_offset 48
  41 0004 00AF     		add	r7, sp, #0
  42              	.LCFI2:
  43              		.cfi_def_cfa_register 7
  44:Src/gpio.c    **** 
  45:Src/gpio.c    ****   GPIO_InitTypeDef GPIO_InitStruct = {0};
  44              		.loc 1 45 20
  45 0006 07F11403 		add	r3, r7, #20
  46 000a 0022     		movs	r2, #0
  47 000c 1A60     		str	r2, [r3]
  48 000e 5A60     		str	r2, [r3, #4]
  49 0010 9A60     		str	r2, [r3, #8]
  50 0012 DA60     		str	r2, [r3, #12]
  51 0014 1A61     		str	r2, [r3, #16]
  52              	.LBB2:
  46:Src/gpio.c    **** 
  47:Src/gpio.c    ****   /* GPIO Ports Clock Enable */
  48:Src/gpio.c    ****   __HAL_RCC_GPIOC_CLK_ENABLE();
  53              		.loc 1 48 3
  54 0016 3F4B     		ldr	r3, .L2
  55 0018 DB6C     		ldr	r3, [r3, #76]
  56 001a 3E4A     		ldr	r2, .L2
  57 001c 43F00403 		orr	r3, r3, #4
  58 0020 D364     		str	r3, [r2, #76]
  59 0022 3C4B     		ldr	r3, .L2
  60 0024 DB6C     		ldr	r3, [r3, #76]
  61 0026 03F00403 		and	r3, r3, #4
  62 002a 3B61     		str	r3, [r7, #16]
  63 002c 3B69     		ldr	r3, [r7, #16]
  64              	.LBE2:
  65              	.LBB3:
  49:Src/gpio.c    ****   __HAL_RCC_GPIOH_CLK_ENABLE();
  66              		.loc 1 49 3
ARM GAS  /var/folders/k7/81v8fz9j4v98_s0dd31l1wsr0000gn/T//ccDWTdP1.s 			page 3


  67 002e 394B     		ldr	r3, .L2
  68 0030 DB6C     		ldr	r3, [r3, #76]
  69 0032 384A     		ldr	r2, .L2
  70 0034 43F08003 		orr	r3, r3, #128
  71 0038 D364     		str	r3, [r2, #76]
  72 003a 364B     		ldr	r3, .L2
  73 003c DB6C     		ldr	r3, [r3, #76]
  74 003e 03F08003 		and	r3, r3, #128
  75 0042 FB60     		str	r3, [r7, #12]
  76 0044 FB68     		ldr	r3, [r7, #12]
  77              	.LBE3:
  78              	.LBB4:
  50:Src/gpio.c    ****   __HAL_RCC_GPIOA_CLK_ENABLE();
  79              		.loc 1 50 3
  80 0046 334B     		ldr	r3, .L2
  81 0048 DB6C     		ldr	r3, [r3, #76]
  82 004a 324A     		ldr	r2, .L2
  83 004c 43F00103 		orr	r3, r3, #1
  84 0050 D364     		str	r3, [r2, #76]
  85 0052 304B     		ldr	r3, .L2
  86 0054 DB6C     		ldr	r3, [r3, #76]
  87 0056 03F00103 		and	r3, r3, #1
  88 005a BB60     		str	r3, [r7, #8]
  89 005c BB68     		ldr	r3, [r7, #8]
  90              	.LBE4:
  91              	.LBB5:
  51:Src/gpio.c    ****   __HAL_RCC_GPIOB_CLK_ENABLE();
  92              		.loc 1 51 3
  93 005e 2D4B     		ldr	r3, .L2
  94 0060 DB6C     		ldr	r3, [r3, #76]
  95 0062 2C4A     		ldr	r2, .L2
  96 0064 43F00203 		orr	r3, r3, #2
  97 0068 D364     		str	r3, [r2, #76]
  98 006a 2A4B     		ldr	r3, .L2
  99 006c DB6C     		ldr	r3, [r3, #76]
 100 006e 03F00203 		and	r3, r3, #2
 101 0072 7B60     		str	r3, [r7, #4]
 102 0074 7B68     		ldr	r3, [r7, #4]
 103              	.LBE5:
  52:Src/gpio.c    **** 
  53:Src/gpio.c    ****   /*Configure GPIO pin Output Level */
  54:Src/gpio.c    ****   HAL_GPIO_WritePin(GPIOC, BT_GPIO_0_Pin|BT_GPIO_1_Pin|BT_GPIO_2_Pin|BT_GPIO_3_Pin
 104              		.loc 1 54 3
 105 0076 0022     		movs	r2, #0
 106 0078 7C21     		movs	r1, #124
 107 007a 2748     		ldr	r0, .L2+4
 108 007c FFF7FEFF 		bl	HAL_GPIO_WritePin
  55:Src/gpio.c    ****                           |BATT_ADC_ENABLE_Pin, GPIO_PIN_RESET);
  56:Src/gpio.c    **** 
  57:Src/gpio.c    ****   /*Configure GPIO pin Output Level */
  58:Src/gpio.c    ****   HAL_GPIO_WritePin(LD4_GPIO_Port, LD4_Pin, GPIO_PIN_RESET);
 109              		.loc 1 58 3
 110 0080 0022     		movs	r2, #0
 111 0082 2021     		movs	r1, #32
 112 0084 4FF09040 		mov	r0, #1207959552
 113 0088 FFF7FEFF 		bl	HAL_GPIO_WritePin
  59:Src/gpio.c    **** 
ARM GAS  /var/folders/k7/81v8fz9j4v98_s0dd31l1wsr0000gn/T//ccDWTdP1.s 			page 4


  60:Src/gpio.c    ****   /*Configure GPIO pin : PtPin */
  61:Src/gpio.c    ****   GPIO_InitStruct.Pin = B1_Pin;
 114              		.loc 1 61 23
 115 008c 4FF40053 		mov	r3, #8192
 116 0090 7B61     		str	r3, [r7, #20]
  62:Src/gpio.c    ****   GPIO_InitStruct.Mode = GPIO_MODE_IT_RISING_FALLING;
 117              		.loc 1 62 24
 118 0092 4FF44413 		mov	r3, #3211264
 119 0096 BB61     		str	r3, [r7, #24]
  63:Src/gpio.c    ****   GPIO_InitStruct.Pull = GPIO_PULLDOWN;
 120              		.loc 1 63 24
 121 0098 0223     		movs	r3, #2
 122 009a FB61     		str	r3, [r7, #28]
  64:Src/gpio.c    ****   HAL_GPIO_Init(B1_GPIO_Port, &GPIO_InitStruct);
 123              		.loc 1 64 3
 124 009c 07F11403 		add	r3, r7, #20
 125 00a0 1946     		mov	r1, r3
 126 00a2 1D48     		ldr	r0, .L2+4
 127 00a4 FFF7FEFF 		bl	HAL_GPIO_Init
  65:Src/gpio.c    **** 
  66:Src/gpio.c    ****   /*Configure GPIO pins : PCPin PCPin PCPin PCPin
  67:Src/gpio.c    ****                            PCPin */
  68:Src/gpio.c    ****   GPIO_InitStruct.Pin = BT_GPIO_0_Pin|BT_GPIO_1_Pin|BT_GPIO_2_Pin|BT_GPIO_3_Pin
 128              		.loc 1 68 23
 129 00a8 7C23     		movs	r3, #124
 130 00aa 7B61     		str	r3, [r7, #20]
  69:Src/gpio.c    ****                           |BATT_ADC_ENABLE_Pin;
  70:Src/gpio.c    ****   GPIO_InitStruct.Mode = GPIO_MODE_OUTPUT_PP;
 131              		.loc 1 70 24
 132 00ac 0123     		movs	r3, #1
 133 00ae BB61     		str	r3, [r7, #24]
  71:Src/gpio.c    ****   GPIO_InitStruct.Pull = GPIO_NOPULL;
 134              		.loc 1 71 24
 135 00b0 0023     		movs	r3, #0
 136 00b2 FB61     		str	r3, [r7, #28]
  72:Src/gpio.c    ****   GPIO_InitStruct.Speed = GPIO_SPEED_FREQ_LOW;
 137              		.loc 1 72 25
 138 00b4 0023     		movs	r3, #0
 139 00b6 3B62     		str	r3, [r7, #32]
  73:Src/gpio.c    ****   HAL_GPIO_Init(GPIOC, &GPIO_InitStruct);
 140              		.loc 1 73 3
 141 00b8 07F11403 		add	r3, r7, #20
 142 00bc 1946     		mov	r1, r3
 143 00be 1648     		ldr	r0, .L2+4
 144 00c0 FFF7FEFF 		bl	HAL_GPIO_Init
  74:Src/gpio.c    **** 
  75:Src/gpio.c    ****   /*Configure GPIO pin : PtPin */
  76:Src/gpio.c    ****   GPIO_InitStruct.Pin = LD4_Pin;
 145              		.loc 1 76 23
 146 00c4 2023     		movs	r3, #32
 147 00c6 7B61     		str	r3, [r7, #20]
  77:Src/gpio.c    ****   GPIO_InitStruct.Mode = GPIO_MODE_OUTPUT_PP;
 148              		.loc 1 77 24
 149 00c8 0123     		movs	r3, #1
 150 00ca BB61     		str	r3, [r7, #24]
  78:Src/gpio.c    ****   GPIO_InitStruct.Pull = GPIO_NOPULL;
 151              		.loc 1 78 24
ARM GAS  /var/folders/k7/81v8fz9j4v98_s0dd31l1wsr0000gn/T//ccDWTdP1.s 			page 5


 152 00cc 0023     		movs	r3, #0
 153 00ce FB61     		str	r3, [r7, #28]
  79:Src/gpio.c    ****   GPIO_InitStruct.Speed = GPIO_SPEED_FREQ_LOW;
 154              		.loc 1 79 25
 155 00d0 0023     		movs	r3, #0
 156 00d2 3B62     		str	r3, [r7, #32]
  80:Src/gpio.c    ****   HAL_GPIO_Init(LD4_GPIO_Port, &GPIO_InitStruct);
 157              		.loc 1 80 3
 158 00d4 07F11403 		add	r3, r7, #20
 159 00d8 1946     		mov	r1, r3
 160 00da 4FF09040 		mov	r0, #1207959552
 161 00de FFF7FEFF 		bl	HAL_GPIO_Init
  81:Src/gpio.c    **** 
  82:Src/gpio.c    ****   /*Configure GPIO pins : PBPin PBPin */
  83:Src/gpio.c    ****   GPIO_InitStruct.Pin = ACCEL_EXTI_0_Pin|ACCEL_EXTI_1_Pin;
 162              		.loc 1 83 23
 163 00e2 C023     		movs	r3, #192
 164 00e4 7B61     		str	r3, [r7, #20]
  84:Src/gpio.c    ****   GPIO_InitStruct.Mode = GPIO_MODE_INPUT;
 165              		.loc 1 84 24
 166 00e6 0023     		movs	r3, #0
 167 00e8 BB61     		str	r3, [r7, #24]
  85:Src/gpio.c    ****   GPIO_InitStruct.Pull = GPIO_NOPULL;
 168              		.loc 1 85 24
 169 00ea 0023     		movs	r3, #0
 170 00ec FB61     		str	r3, [r7, #28]
  86:Src/gpio.c    ****   HAL_GPIO_Init(GPIOB, &GPIO_InitStruct);
 171              		.loc 1 86 3
 172 00ee 07F11403 		add	r3, r7, #20
 173 00f2 1946     		mov	r1, r3
 174 00f4 0948     		ldr	r0, .L2+8
 175 00f6 FFF7FEFF 		bl	HAL_GPIO_Init
  87:Src/gpio.c    **** 
  88:Src/gpio.c    ****   /* EXTI interrupt init*/
  89:Src/gpio.c    ****   HAL_NVIC_SetPriority(EXTI15_10_IRQn, 0, 0);
 176              		.loc 1 89 3
 177 00fa 0022     		movs	r2, #0
 178 00fc 0021     		movs	r1, #0
 179 00fe 2820     		movs	r0, #40
 180 0100 FFF7FEFF 		bl	HAL_NVIC_SetPriority
  90:Src/gpio.c    ****   HAL_NVIC_EnableIRQ(EXTI15_10_IRQn);
 181              		.loc 1 90 3
 182 0104 2820     		movs	r0, #40
 183 0106 FFF7FEFF 		bl	HAL_NVIC_EnableIRQ
  91:Src/gpio.c    **** 
  92:Src/gpio.c    **** }
 184              		.loc 1 92 1
 185 010a 00BF     		nop
 186 010c 2837     		adds	r7, r7, #40
 187              	.LCFI3:
 188              		.cfi_def_cfa_offset 8
 189 010e BD46     		mov	sp, r7
 190              	.LCFI4:
 191              		.cfi_def_cfa_register 13
 192              		@ sp needed
 193 0110 80BD     		pop	{r7, pc}
 194              	.L3:
ARM GAS  /var/folders/k7/81v8fz9j4v98_s0dd31l1wsr0000gn/T//ccDWTdP1.s 			page 6


 195 0112 00BF     		.align	2
 196              	.L2:
 197 0114 00100240 		.word	1073876992
 198 0118 00080048 		.word	1207961600
 199 011c 00040048 		.word	1207960576
 200              		.cfi_endproc
 201              	.LFE292:
 203              		.text
 204              	.Letext0:
 205              		.file 2 "/Users/isikcanyilmaz/KODMOD/b607/test/mcu/tools/gcc9.2.1/mac/arm-none-eabi/include/machin
 206              		.file 3 "/Users/isikcanyilmaz/KODMOD/b607/test/mcu/tools/gcc9.2.1/mac/arm-none-eabi/include/sys/_s
 207              		.file 4 "Drivers/CMSIS/Include/core_cm4.h"
 208              		.file 5 "Drivers/CMSIS/Device/ST/STM32L4xx/Include/system_stm32l4xx.h"
 209              		.file 6 "Drivers/CMSIS/Device/ST/STM32L4xx/Include/stm32l452xx.h"
 210              		.file 7 "Drivers/STM32L4xx_HAL_Driver/Inc/stm32l4xx_hal_def.h"
 211              		.file 8 "Drivers/STM32L4xx_HAL_Driver/Inc/stm32l4xx_hal_gpio.h"
 212              		.file 9 "Drivers/STM32L4xx_HAL_Driver/Inc/stm32l4xx_hal_flash.h"
 213              		.file 10 "Drivers/STM32L4xx_HAL_Driver/Inc/stm32l4xx_hal.h"
ARM GAS  /var/folders/k7/81v8fz9j4v98_s0dd31l1wsr0000gn/T//ccDWTdP1.s 			page 7


DEFINED SYMBOLS
                            *ABS*:0000000000000000 gpio.c
/var/folders/k7/81v8fz9j4v98_s0dd31l1wsr0000gn/T//ccDWTdP1.s:18     .text.MX_GPIO_Init:0000000000000000 $t
/var/folders/k7/81v8fz9j4v98_s0dd31l1wsr0000gn/T//ccDWTdP1.s:26     .text.MX_GPIO_Init:0000000000000000 MX_GPIO_Init
/var/folders/k7/81v8fz9j4v98_s0dd31l1wsr0000gn/T//ccDWTdP1.s:197    .text.MX_GPIO_Init:0000000000000114 $d

UNDEFINED SYMBOLS
HAL_GPIO_WritePin
HAL_GPIO_Init
HAL_NVIC_SetPriority
HAL_NVIC_EnableIRQ
