ARM GAS  /var/folders/k7/81v8fz9j4v98_s0dd31l1wsr0000gn/T//ccC0FUo3.s 			page 1


   1              		.cpu cortex-m4
   2              		.eabi_attribute 27, 1
   3              		.eabi_attribute 28, 1
   4              		.eabi_attribute 20, 1
   5              		.eabi_attribute 21, 1
   6              		.eabi_attribute 23, 3
   7              		.eabi_attribute 24, 1
   8              		.eabi_attribute 25, 1
   9              		.eabi_attribute 26, 1
  10              		.eabi_attribute 30, 6
  11              		.eabi_attribute 34, 1
  12              		.eabi_attribute 18, 4
  13              		.file	"stm32l4xx_it.c"
  14              		.text
  15              	.Ltext0:
  16              		.cfi_sections	.debug_frame
  17              		.section	.text.NMI_Handler,"ax",%progbits
  18              		.align	1
  19              		.global	NMI_Handler
  20              		.arch armv7e-m
  21              		.syntax unified
  22              		.thumb
  23              		.thumb_func
  24              		.fpu fpv4-sp-d16
  26              	NMI_Handler:
  27              	.LFB292:
  28              		.file 1 "Src/stm32l4xx_it.c"
   1:Src/stm32l4xx_it.c **** /* USER CODE BEGIN Header */
   2:Src/stm32l4xx_it.c **** /**
   3:Src/stm32l4xx_it.c ****   ******************************************************************************
   4:Src/stm32l4xx_it.c ****   * @file    stm32l4xx_it.c
   5:Src/stm32l4xx_it.c ****   * @brief   Interrupt Service Routines.
   6:Src/stm32l4xx_it.c ****   ******************************************************************************
   7:Src/stm32l4xx_it.c ****   * @attention
   8:Src/stm32l4xx_it.c ****   *
   9:Src/stm32l4xx_it.c ****   * <h2><center>&copy; Copyright (c) 2020 STMicroelectronics.
  10:Src/stm32l4xx_it.c ****   * All rights reserved.</center></h2>
  11:Src/stm32l4xx_it.c ****   *
  12:Src/stm32l4xx_it.c ****   * This software component is licensed by ST under BSD 3-Clause license,
  13:Src/stm32l4xx_it.c ****   * the "License"; You may not use this file except in compliance with the
  14:Src/stm32l4xx_it.c ****   * License. You may obtain a copy of the License at:
  15:Src/stm32l4xx_it.c ****   *                        opensource.org/licenses/BSD-3-Clause
  16:Src/stm32l4xx_it.c ****   *
  17:Src/stm32l4xx_it.c ****   ******************************************************************************
  18:Src/stm32l4xx_it.c ****   */
  19:Src/stm32l4xx_it.c **** /* USER CODE END Header */
  20:Src/stm32l4xx_it.c **** 
  21:Src/stm32l4xx_it.c **** /* Includes ------------------------------------------------------------------*/
  22:Src/stm32l4xx_it.c **** #include "main.h"
  23:Src/stm32l4xx_it.c **** #include "stm32l4xx_it.h"
  24:Src/stm32l4xx_it.c **** /* Private includes ----------------------------------------------------------*/
  25:Src/stm32l4xx_it.c **** /* USER CODE BEGIN Includes */
  26:Src/stm32l4xx_it.c **** #include "sw_timers.h"
  27:Src/stm32l4xx_it.c **** #include "button_driver.h"
  28:Src/stm32l4xx_it.c **** /* USER CODE END Includes */
  29:Src/stm32l4xx_it.c **** 
  30:Src/stm32l4xx_it.c **** /* Private typedef -----------------------------------------------------------*/
ARM GAS  /var/folders/k7/81v8fz9j4v98_s0dd31l1wsr0000gn/T//ccC0FUo3.s 			page 2


  31:Src/stm32l4xx_it.c **** /* USER CODE BEGIN TD */
  32:Src/stm32l4xx_it.c **** 
  33:Src/stm32l4xx_it.c **** /* USER CODE END TD */
  34:Src/stm32l4xx_it.c **** 
  35:Src/stm32l4xx_it.c **** /* Private define ------------------------------------------------------------*/
  36:Src/stm32l4xx_it.c **** /* USER CODE BEGIN PD */
  37:Src/stm32l4xx_it.c ****  
  38:Src/stm32l4xx_it.c **** /* USER CODE END PD */
  39:Src/stm32l4xx_it.c **** 
  40:Src/stm32l4xx_it.c **** /* Private macro -------------------------------------------------------------*/
  41:Src/stm32l4xx_it.c **** /* USER CODE BEGIN PM */
  42:Src/stm32l4xx_it.c **** 
  43:Src/stm32l4xx_it.c **** /* USER CODE END PM */
  44:Src/stm32l4xx_it.c **** 
  45:Src/stm32l4xx_it.c **** /* Private variables ---------------------------------------------------------*/
  46:Src/stm32l4xx_it.c **** /* USER CODE BEGIN PV */
  47:Src/stm32l4xx_it.c **** 
  48:Src/stm32l4xx_it.c **** /* USER CODE END PV */
  49:Src/stm32l4xx_it.c **** 
  50:Src/stm32l4xx_it.c **** /* Private function prototypes -----------------------------------------------*/
  51:Src/stm32l4xx_it.c **** /* USER CODE BEGIN PFP */
  52:Src/stm32l4xx_it.c **** 
  53:Src/stm32l4xx_it.c **** /* USER CODE END PFP */
  54:Src/stm32l4xx_it.c **** 
  55:Src/stm32l4xx_it.c **** /* Private user code ---------------------------------------------------------*/
  56:Src/stm32l4xx_it.c **** /* USER CODE BEGIN 0 */
  57:Src/stm32l4xx_it.c **** 
  58:Src/stm32l4xx_it.c **** /* USER CODE END 0 */
  59:Src/stm32l4xx_it.c **** 
  60:Src/stm32l4xx_it.c **** /* External variables --------------------------------------------------------*/
  61:Src/stm32l4xx_it.c **** extern DMA_HandleTypeDef hdma_tim3_ch4_up;
  62:Src/stm32l4xx_it.c **** extern DMA_HandleTypeDef hdma_usart2_rx;
  63:Src/stm32l4xx_it.c **** extern DMA_HandleTypeDef hdma_usart2_tx;
  64:Src/stm32l4xx_it.c **** extern UART_HandleTypeDef huart2;
  65:Src/stm32l4xx_it.c **** /* USER CODE BEGIN EV */
  66:Src/stm32l4xx_it.c **** 
  67:Src/stm32l4xx_it.c **** /* USER CODE END EV */
  68:Src/stm32l4xx_it.c **** 
  69:Src/stm32l4xx_it.c **** /******************************************************************************/
  70:Src/stm32l4xx_it.c **** /*           Cortex-M4 Processor Interruption and Exception Handlers          */
  71:Src/stm32l4xx_it.c **** /******************************************************************************/
  72:Src/stm32l4xx_it.c **** /**
  73:Src/stm32l4xx_it.c ****   * @brief This function handles Non maskable interrupt.
  74:Src/stm32l4xx_it.c ****   */
  75:Src/stm32l4xx_it.c **** void NMI_Handler(void)
  76:Src/stm32l4xx_it.c **** {
  29              		.loc 1 76 1
  30              		.cfi_startproc
  31              		@ args = 0, pretend = 0, frame = 0
  32              		@ frame_needed = 1, uses_anonymous_args = 0
  33              		@ link register save eliminated.
  34 0000 80B4     		push	{r7}
  35              	.LCFI0:
  36              		.cfi_def_cfa_offset 4
  37              		.cfi_offset 7, -4
  38 0002 00AF     		add	r7, sp, #0
  39              	.LCFI1:
ARM GAS  /var/folders/k7/81v8fz9j4v98_s0dd31l1wsr0000gn/T//ccC0FUo3.s 			page 3


  40              		.cfi_def_cfa_register 7
  77:Src/stm32l4xx_it.c ****   /* USER CODE BEGIN NonMaskableInt_IRQn 0 */
  78:Src/stm32l4xx_it.c **** 
  79:Src/stm32l4xx_it.c ****   /* USER CODE END NonMaskableInt_IRQn 0 */
  80:Src/stm32l4xx_it.c ****   /* USER CODE BEGIN NonMaskableInt_IRQn 1 */
  81:Src/stm32l4xx_it.c **** 
  82:Src/stm32l4xx_it.c ****   /* USER CODE END NonMaskableInt_IRQn 1 */
  83:Src/stm32l4xx_it.c **** }
  41              		.loc 1 83 1
  42 0004 00BF     		nop
  43 0006 BD46     		mov	sp, r7
  44              	.LCFI2:
  45              		.cfi_def_cfa_register 13
  46              		@ sp needed
  47 0008 5DF8047B 		ldr	r7, [sp], #4
  48              	.LCFI3:
  49              		.cfi_restore 7
  50              		.cfi_def_cfa_offset 0
  51 000c 7047     		bx	lr
  52              		.cfi_endproc
  53              	.LFE292:
  55              		.section	.text.HardFault_Handler,"ax",%progbits
  56              		.align	1
  57              		.global	HardFault_Handler
  58              		.syntax unified
  59              		.thumb
  60              		.thumb_func
  61              		.fpu fpv4-sp-d16
  63              	HardFault_Handler:
  64              	.LFB293:
  84:Src/stm32l4xx_it.c **** 
  85:Src/stm32l4xx_it.c **** /**
  86:Src/stm32l4xx_it.c ****   * @brief This function handles Hard fault interrupt.
  87:Src/stm32l4xx_it.c ****   */
  88:Src/stm32l4xx_it.c **** void HardFault_Handler(void)
  89:Src/stm32l4xx_it.c **** {
  65              		.loc 1 89 1
  66              		.cfi_startproc
  67              		@ args = 0, pretend = 0, frame = 0
  68              		@ frame_needed = 1, uses_anonymous_args = 0
  69              		@ link register save eliminated.
  70 0000 80B4     		push	{r7}
  71              	.LCFI4:
  72              		.cfi_def_cfa_offset 4
  73              		.cfi_offset 7, -4
  74 0002 00AF     		add	r7, sp, #0
  75              	.LCFI5:
  76              		.cfi_def_cfa_register 7
  77              	.L3:
  90:Src/stm32l4xx_it.c ****   /* USER CODE BEGIN HardFault_IRQn 0 */
  91:Src/stm32l4xx_it.c **** 
  92:Src/stm32l4xx_it.c ****   /* USER CODE END HardFault_IRQn 0 */
  93:Src/stm32l4xx_it.c ****   while (1)
  78              		.loc 1 93 9 discriminator 1
  79 0004 FEE7     		b	.L3
  80              		.cfi_endproc
  81              	.LFE293:
ARM GAS  /var/folders/k7/81v8fz9j4v98_s0dd31l1wsr0000gn/T//ccC0FUo3.s 			page 4


  83              		.section	.text.MemManage_Handler,"ax",%progbits
  84              		.align	1
  85              		.global	MemManage_Handler
  86              		.syntax unified
  87              		.thumb
  88              		.thumb_func
  89              		.fpu fpv4-sp-d16
  91              	MemManage_Handler:
  92              	.LFB294:
  94:Src/stm32l4xx_it.c ****   {
  95:Src/stm32l4xx_it.c ****     /* USER CODE BEGIN W1_HardFault_IRQn 0 */
  96:Src/stm32l4xx_it.c ****     /* USER CODE END W1_HardFault_IRQn 0 */
  97:Src/stm32l4xx_it.c ****   }
  98:Src/stm32l4xx_it.c **** }
  99:Src/stm32l4xx_it.c **** 
 100:Src/stm32l4xx_it.c **** /**
 101:Src/stm32l4xx_it.c ****   * @brief This function handles Memory management fault.
 102:Src/stm32l4xx_it.c ****   */
 103:Src/stm32l4xx_it.c **** void MemManage_Handler(void)
 104:Src/stm32l4xx_it.c **** {
  93              		.loc 1 104 1
  94              		.cfi_startproc
  95              		@ args = 0, pretend = 0, frame = 0
  96              		@ frame_needed = 1, uses_anonymous_args = 0
  97              		@ link register save eliminated.
  98 0000 80B4     		push	{r7}
  99              	.LCFI6:
 100              		.cfi_def_cfa_offset 4
 101              		.cfi_offset 7, -4
 102 0002 00AF     		add	r7, sp, #0
 103              	.LCFI7:
 104              		.cfi_def_cfa_register 7
 105              	.L5:
 105:Src/stm32l4xx_it.c ****   /* USER CODE BEGIN MemoryManagement_IRQn 0 */
 106:Src/stm32l4xx_it.c **** 
 107:Src/stm32l4xx_it.c ****   /* USER CODE END MemoryManagement_IRQn 0 */
 108:Src/stm32l4xx_it.c ****   while (1)
 106              		.loc 1 108 9 discriminator 1
 107 0004 FEE7     		b	.L5
 108              		.cfi_endproc
 109              	.LFE294:
 111              		.section	.text.BusFault_Handler,"ax",%progbits
 112              		.align	1
 113              		.global	BusFault_Handler
 114              		.syntax unified
 115              		.thumb
 116              		.thumb_func
 117              		.fpu fpv4-sp-d16
 119              	BusFault_Handler:
 120              	.LFB295:
 109:Src/stm32l4xx_it.c ****   {
 110:Src/stm32l4xx_it.c ****     /* USER CODE BEGIN W1_MemoryManagement_IRQn 0 */
 111:Src/stm32l4xx_it.c ****     /* USER CODE END W1_MemoryManagement_IRQn 0 */
 112:Src/stm32l4xx_it.c ****   }
 113:Src/stm32l4xx_it.c **** }
 114:Src/stm32l4xx_it.c **** 
 115:Src/stm32l4xx_it.c **** /**
ARM GAS  /var/folders/k7/81v8fz9j4v98_s0dd31l1wsr0000gn/T//ccC0FUo3.s 			page 5


 116:Src/stm32l4xx_it.c ****   * @brief This function handles Prefetch fault, memory access fault.
 117:Src/stm32l4xx_it.c ****   */
 118:Src/stm32l4xx_it.c **** void BusFault_Handler(void)
 119:Src/stm32l4xx_it.c **** {
 121              		.loc 1 119 1
 122              		.cfi_startproc
 123              		@ args = 0, pretend = 0, frame = 0
 124              		@ frame_needed = 1, uses_anonymous_args = 0
 125              		@ link register save eliminated.
 126 0000 80B4     		push	{r7}
 127              	.LCFI8:
 128              		.cfi_def_cfa_offset 4
 129              		.cfi_offset 7, -4
 130 0002 00AF     		add	r7, sp, #0
 131              	.LCFI9:
 132              		.cfi_def_cfa_register 7
 133              	.L7:
 120:Src/stm32l4xx_it.c ****   /* USER CODE BEGIN BusFault_IRQn 0 */
 121:Src/stm32l4xx_it.c **** 
 122:Src/stm32l4xx_it.c ****   /* USER CODE END BusFault_IRQn 0 */
 123:Src/stm32l4xx_it.c ****   while (1)
 134              		.loc 1 123 9 discriminator 1
 135 0004 FEE7     		b	.L7
 136              		.cfi_endproc
 137              	.LFE295:
 139              		.section	.text.UsageFault_Handler,"ax",%progbits
 140              		.align	1
 141              		.global	UsageFault_Handler
 142              		.syntax unified
 143              		.thumb
 144              		.thumb_func
 145              		.fpu fpv4-sp-d16
 147              	UsageFault_Handler:
 148              	.LFB296:
 124:Src/stm32l4xx_it.c ****   {
 125:Src/stm32l4xx_it.c ****     /* USER CODE BEGIN W1_BusFault_IRQn 0 */
 126:Src/stm32l4xx_it.c ****     /* USER CODE END W1_BusFault_IRQn 0 */
 127:Src/stm32l4xx_it.c ****   }
 128:Src/stm32l4xx_it.c **** }
 129:Src/stm32l4xx_it.c **** 
 130:Src/stm32l4xx_it.c **** /**
 131:Src/stm32l4xx_it.c ****   * @brief This function handles Undefined instruction or illegal state.
 132:Src/stm32l4xx_it.c ****   */
 133:Src/stm32l4xx_it.c **** void UsageFault_Handler(void)
 134:Src/stm32l4xx_it.c **** {
 149              		.loc 1 134 1
 150              		.cfi_startproc
 151              		@ args = 0, pretend = 0, frame = 0
 152              		@ frame_needed = 1, uses_anonymous_args = 0
 153              		@ link register save eliminated.
 154 0000 80B4     		push	{r7}
 155              	.LCFI10:
 156              		.cfi_def_cfa_offset 4
 157              		.cfi_offset 7, -4
 158 0002 00AF     		add	r7, sp, #0
 159              	.LCFI11:
 160              		.cfi_def_cfa_register 7
ARM GAS  /var/folders/k7/81v8fz9j4v98_s0dd31l1wsr0000gn/T//ccC0FUo3.s 			page 6


 161              	.L9:
 135:Src/stm32l4xx_it.c ****   /* USER CODE BEGIN UsageFault_IRQn 0 */
 136:Src/stm32l4xx_it.c **** 
 137:Src/stm32l4xx_it.c ****   /* USER CODE END UsageFault_IRQn 0 */
 138:Src/stm32l4xx_it.c ****   while (1)
 162              		.loc 1 138 9 discriminator 1
 163 0004 FEE7     		b	.L9
 164              		.cfi_endproc
 165              	.LFE296:
 167              		.section	.text.SVC_Handler,"ax",%progbits
 168              		.align	1
 169              		.global	SVC_Handler
 170              		.syntax unified
 171              		.thumb
 172              		.thumb_func
 173              		.fpu fpv4-sp-d16
 175              	SVC_Handler:
 176              	.LFB297:
 139:Src/stm32l4xx_it.c ****   {
 140:Src/stm32l4xx_it.c ****     /* USER CODE BEGIN W1_UsageFault_IRQn 0 */
 141:Src/stm32l4xx_it.c ****     /* USER CODE END W1_UsageFault_IRQn 0 */
 142:Src/stm32l4xx_it.c ****   }
 143:Src/stm32l4xx_it.c **** }
 144:Src/stm32l4xx_it.c **** 
 145:Src/stm32l4xx_it.c **** /**
 146:Src/stm32l4xx_it.c ****   * @brief This function handles System service call via SWI instruction.
 147:Src/stm32l4xx_it.c ****   */
 148:Src/stm32l4xx_it.c **** void SVC_Handler(void)
 149:Src/stm32l4xx_it.c **** {
 177              		.loc 1 149 1
 178              		.cfi_startproc
 179              		@ args = 0, pretend = 0, frame = 0
 180              		@ frame_needed = 1, uses_anonymous_args = 0
 181              		@ link register save eliminated.
 182 0000 80B4     		push	{r7}
 183              	.LCFI12:
 184              		.cfi_def_cfa_offset 4
 185              		.cfi_offset 7, -4
 186 0002 00AF     		add	r7, sp, #0
 187              	.LCFI13:
 188              		.cfi_def_cfa_register 7
 150:Src/stm32l4xx_it.c ****   /* USER CODE BEGIN SVCall_IRQn 0 */
 151:Src/stm32l4xx_it.c **** 
 152:Src/stm32l4xx_it.c ****   /* USER CODE END SVCall_IRQn 0 */
 153:Src/stm32l4xx_it.c ****   /* USER CODE BEGIN SVCall_IRQn 1 */
 154:Src/stm32l4xx_it.c **** 
 155:Src/stm32l4xx_it.c ****   /* USER CODE END SVCall_IRQn 1 */
 156:Src/stm32l4xx_it.c **** }
 189              		.loc 1 156 1
 190 0004 00BF     		nop
 191 0006 BD46     		mov	sp, r7
 192              	.LCFI14:
 193              		.cfi_def_cfa_register 13
 194              		@ sp needed
 195 0008 5DF8047B 		ldr	r7, [sp], #4
 196              	.LCFI15:
 197              		.cfi_restore 7
ARM GAS  /var/folders/k7/81v8fz9j4v98_s0dd31l1wsr0000gn/T//ccC0FUo3.s 			page 7


 198              		.cfi_def_cfa_offset 0
 199 000c 7047     		bx	lr
 200              		.cfi_endproc
 201              	.LFE297:
 203              		.section	.text.DebugMon_Handler,"ax",%progbits
 204              		.align	1
 205              		.global	DebugMon_Handler
 206              		.syntax unified
 207              		.thumb
 208              		.thumb_func
 209              		.fpu fpv4-sp-d16
 211              	DebugMon_Handler:
 212              	.LFB298:
 157:Src/stm32l4xx_it.c **** 
 158:Src/stm32l4xx_it.c **** /**
 159:Src/stm32l4xx_it.c ****   * @brief This function handles Debug monitor.
 160:Src/stm32l4xx_it.c ****   */
 161:Src/stm32l4xx_it.c **** void DebugMon_Handler(void)
 162:Src/stm32l4xx_it.c **** {
 213              		.loc 1 162 1
 214              		.cfi_startproc
 215              		@ args = 0, pretend = 0, frame = 0
 216              		@ frame_needed = 1, uses_anonymous_args = 0
 217              		@ link register save eliminated.
 218 0000 80B4     		push	{r7}
 219              	.LCFI16:
 220              		.cfi_def_cfa_offset 4
 221              		.cfi_offset 7, -4
 222 0002 00AF     		add	r7, sp, #0
 223              	.LCFI17:
 224              		.cfi_def_cfa_register 7
 163:Src/stm32l4xx_it.c ****   /* USER CODE BEGIN DebugMonitor_IRQn 0 */
 164:Src/stm32l4xx_it.c **** 
 165:Src/stm32l4xx_it.c ****   /* USER CODE END DebugMonitor_IRQn 0 */
 166:Src/stm32l4xx_it.c ****   /* USER CODE BEGIN DebugMonitor_IRQn 1 */
 167:Src/stm32l4xx_it.c **** 
 168:Src/stm32l4xx_it.c ****   /* USER CODE END DebugMonitor_IRQn 1 */
 169:Src/stm32l4xx_it.c **** }
 225              		.loc 1 169 1
 226 0004 00BF     		nop
 227 0006 BD46     		mov	sp, r7
 228              	.LCFI18:
 229              		.cfi_def_cfa_register 13
 230              		@ sp needed
 231 0008 5DF8047B 		ldr	r7, [sp], #4
 232              	.LCFI19:
 233              		.cfi_restore 7
 234              		.cfi_def_cfa_offset 0
 235 000c 7047     		bx	lr
 236              		.cfi_endproc
 237              	.LFE298:
 239              		.section	.text.PendSV_Handler,"ax",%progbits
 240              		.align	1
 241              		.global	PendSV_Handler
 242              		.syntax unified
 243              		.thumb
 244              		.thumb_func
ARM GAS  /var/folders/k7/81v8fz9j4v98_s0dd31l1wsr0000gn/T//ccC0FUo3.s 			page 8


 245              		.fpu fpv4-sp-d16
 247              	PendSV_Handler:
 248              	.LFB299:
 170:Src/stm32l4xx_it.c **** 
 171:Src/stm32l4xx_it.c **** /**
 172:Src/stm32l4xx_it.c ****   * @brief This function handles Pendable request for system service.
 173:Src/stm32l4xx_it.c ****   */
 174:Src/stm32l4xx_it.c **** void PendSV_Handler(void)
 175:Src/stm32l4xx_it.c **** {
 249              		.loc 1 175 1
 250              		.cfi_startproc
 251              		@ args = 0, pretend = 0, frame = 0
 252              		@ frame_needed = 1, uses_anonymous_args = 0
 253              		@ link register save eliminated.
 254 0000 80B4     		push	{r7}
 255              	.LCFI20:
 256              		.cfi_def_cfa_offset 4
 257              		.cfi_offset 7, -4
 258 0002 00AF     		add	r7, sp, #0
 259              	.LCFI21:
 260              		.cfi_def_cfa_register 7
 176:Src/stm32l4xx_it.c ****   /* USER CODE BEGIN PendSV_IRQn 0 */
 177:Src/stm32l4xx_it.c **** 
 178:Src/stm32l4xx_it.c ****   /* USER CODE END PendSV_IRQn 0 */
 179:Src/stm32l4xx_it.c ****   /* USER CODE BEGIN PendSV_IRQn 1 */
 180:Src/stm32l4xx_it.c **** 
 181:Src/stm32l4xx_it.c ****   /* USER CODE END PendSV_IRQn 1 */
 182:Src/stm32l4xx_it.c **** }
 261              		.loc 1 182 1
 262 0004 00BF     		nop
 263 0006 BD46     		mov	sp, r7
 264              	.LCFI22:
 265              		.cfi_def_cfa_register 13
 266              		@ sp needed
 267 0008 5DF8047B 		ldr	r7, [sp], #4
 268              	.LCFI23:
 269              		.cfi_restore 7
 270              		.cfi_def_cfa_offset 0
 271 000c 7047     		bx	lr
 272              		.cfi_endproc
 273              	.LFE299:
 275              		.section	.text.SysTick_Handler,"ax",%progbits
 276              		.align	1
 277              		.global	SysTick_Handler
 278              		.syntax unified
 279              		.thumb
 280              		.thumb_func
 281              		.fpu fpv4-sp-d16
 283              	SysTick_Handler:
 284              	.LFB300:
 183:Src/stm32l4xx_it.c **** 
 184:Src/stm32l4xx_it.c **** /**
 185:Src/stm32l4xx_it.c ****   * @brief This function handles System tick timer.
 186:Src/stm32l4xx_it.c ****   */
 187:Src/stm32l4xx_it.c **** void SysTick_Handler(void)
 188:Src/stm32l4xx_it.c **** {
 285              		.loc 1 188 1
ARM GAS  /var/folders/k7/81v8fz9j4v98_s0dd31l1wsr0000gn/T//ccC0FUo3.s 			page 9


 286              		.cfi_startproc
 287              		@ args = 0, pretend = 0, frame = 0
 288              		@ frame_needed = 1, uses_anonymous_args = 0
 289 0000 80B5     		push	{r7, lr}
 290              	.LCFI24:
 291              		.cfi_def_cfa_offset 8
 292              		.cfi_offset 7, -8
 293              		.cfi_offset 14, -4
 294 0002 00AF     		add	r7, sp, #0
 295              	.LCFI25:
 296              		.cfi_def_cfa_register 7
 189:Src/stm32l4xx_it.c ****   /* USER CODE BEGIN SysTick_IRQn 0 */
 190:Src/stm32l4xx_it.c **** 
 191:Src/stm32l4xx_it.c ****   /* USER CODE END SysTick_IRQn 0 */
 192:Src/stm32l4xx_it.c ****   HAL_IncTick();
 297              		.loc 1 192 3
 298 0004 FFF7FEFF 		bl	HAL_IncTick
 193:Src/stm32l4xx_it.c ****   /* USER CODE BEGIN SysTick_IRQn 1 */
 194:Src/stm32l4xx_it.c ****   SwTimer_ISR();
 299              		.loc 1 194 3
 300 0008 FFF7FEFF 		bl	SwTimer_ISR
 195:Src/stm32l4xx_it.c ****   /* USER CODE END SysTick_IRQn 1 */
 196:Src/stm32l4xx_it.c **** }
 301              		.loc 1 196 1
 302 000c 00BF     		nop
 303 000e 80BD     		pop	{r7, pc}
 304              		.cfi_endproc
 305              	.LFE300:
 307              		.section	.text.DMA1_Channel3_IRQHandler,"ax",%progbits
 308              		.align	1
 309              		.global	DMA1_Channel3_IRQHandler
 310              		.syntax unified
 311              		.thumb
 312              		.thumb_func
 313              		.fpu fpv4-sp-d16
 315              	DMA1_Channel3_IRQHandler:
 316              	.LFB301:
 197:Src/stm32l4xx_it.c **** 
 198:Src/stm32l4xx_it.c **** /******************************************************************************/
 199:Src/stm32l4xx_it.c **** /* STM32L4xx Peripheral Interrupt Handlers                                    */
 200:Src/stm32l4xx_it.c **** /* Add here the Interrupt Handlers for the used peripherals.                  */
 201:Src/stm32l4xx_it.c **** /* For the available peripheral interrupt handler names,                      */
 202:Src/stm32l4xx_it.c **** /* please refer to the startup file (startup_stm32l4xx.s).                    */
 203:Src/stm32l4xx_it.c **** /******************************************************************************/
 204:Src/stm32l4xx_it.c **** 
 205:Src/stm32l4xx_it.c **** /**
 206:Src/stm32l4xx_it.c ****   * @brief This function handles DMA1 channel3 global interrupt.
 207:Src/stm32l4xx_it.c ****   */
 208:Src/stm32l4xx_it.c **** void DMA1_Channel3_IRQHandler(void)
 209:Src/stm32l4xx_it.c **** {
 317              		.loc 1 209 1
 318              		.cfi_startproc
 319              		@ args = 0, pretend = 0, frame = 0
 320              		@ frame_needed = 1, uses_anonymous_args = 0
 321 0000 80B5     		push	{r7, lr}
 322              	.LCFI26:
 323              		.cfi_def_cfa_offset 8
ARM GAS  /var/folders/k7/81v8fz9j4v98_s0dd31l1wsr0000gn/T//ccC0FUo3.s 			page 10


 324              		.cfi_offset 7, -8
 325              		.cfi_offset 14, -4
 326 0002 00AF     		add	r7, sp, #0
 327              	.LCFI27:
 328              		.cfi_def_cfa_register 7
 210:Src/stm32l4xx_it.c ****   /* USER CODE BEGIN DMA1_Channel3_IRQn 0 */
 211:Src/stm32l4xx_it.c **** 
 212:Src/stm32l4xx_it.c ****   /* USER CODE END DMA1_Channel3_IRQn 0 */
 213:Src/stm32l4xx_it.c ****   HAL_DMA_IRQHandler(&hdma_tim3_ch4_up);
 329              		.loc 1 213 3
 330 0004 0248     		ldr	r0, .L15
 331 0006 FFF7FEFF 		bl	HAL_DMA_IRQHandler
 214:Src/stm32l4xx_it.c ****   /* USER CODE BEGIN DMA1_Channel3_IRQn 1 */
 215:Src/stm32l4xx_it.c **** 
 216:Src/stm32l4xx_it.c ****   /* USER CODE END DMA1_Channel3_IRQn 1 */
 217:Src/stm32l4xx_it.c **** }
 332              		.loc 1 217 1
 333 000a 00BF     		nop
 334 000c 80BD     		pop	{r7, pc}
 335              	.L16:
 336 000e 00BF     		.align	2
 337              	.L15:
 338 0010 00000000 		.word	hdma_tim3_ch4_up
 339              		.cfi_endproc
 340              	.LFE301:
 342              		.section	.text.DMA1_Channel6_IRQHandler,"ax",%progbits
 343              		.align	1
 344              		.global	DMA1_Channel6_IRQHandler
 345              		.syntax unified
 346              		.thumb
 347              		.thumb_func
 348              		.fpu fpv4-sp-d16
 350              	DMA1_Channel6_IRQHandler:
 351              	.LFB302:
 218:Src/stm32l4xx_it.c **** 
 219:Src/stm32l4xx_it.c **** /**
 220:Src/stm32l4xx_it.c ****   * @brief This function handles DMA1 channel6 global interrupt.
 221:Src/stm32l4xx_it.c ****   */
 222:Src/stm32l4xx_it.c **** void DMA1_Channel6_IRQHandler(void)
 223:Src/stm32l4xx_it.c **** {
 352              		.loc 1 223 1
 353              		.cfi_startproc
 354              		@ args = 0, pretend = 0, frame = 0
 355              		@ frame_needed = 1, uses_anonymous_args = 0
 356 0000 80B5     		push	{r7, lr}
 357              	.LCFI28:
 358              		.cfi_def_cfa_offset 8
 359              		.cfi_offset 7, -8
 360              		.cfi_offset 14, -4
 361 0002 00AF     		add	r7, sp, #0
 362              	.LCFI29:
 363              		.cfi_def_cfa_register 7
 224:Src/stm32l4xx_it.c ****   /* USER CODE BEGIN DMA1_Channel6_IRQn 0 */
 225:Src/stm32l4xx_it.c **** 
 226:Src/stm32l4xx_it.c ****   /* USER CODE END DMA1_Channel6_IRQn 0 */
 227:Src/stm32l4xx_it.c ****   HAL_DMA_IRQHandler(&hdma_usart2_rx);
 364              		.loc 1 227 3
ARM GAS  /var/folders/k7/81v8fz9j4v98_s0dd31l1wsr0000gn/T//ccC0FUo3.s 			page 11


 365 0004 0248     		ldr	r0, .L18
 366 0006 FFF7FEFF 		bl	HAL_DMA_IRQHandler
 228:Src/stm32l4xx_it.c ****   /* USER CODE BEGIN DMA1_Channel6_IRQn 1 */
 229:Src/stm32l4xx_it.c **** 
 230:Src/stm32l4xx_it.c ****   /* USER CODE END DMA1_Channel6_IRQn 1 */
 231:Src/stm32l4xx_it.c **** }
 367              		.loc 1 231 1
 368 000a 00BF     		nop
 369 000c 80BD     		pop	{r7, pc}
 370              	.L19:
 371 000e 00BF     		.align	2
 372              	.L18:
 373 0010 00000000 		.word	hdma_usart2_rx
 374              		.cfi_endproc
 375              	.LFE302:
 377              		.section	.text.DMA1_Channel7_IRQHandler,"ax",%progbits
 378              		.align	1
 379              		.global	DMA1_Channel7_IRQHandler
 380              		.syntax unified
 381              		.thumb
 382              		.thumb_func
 383              		.fpu fpv4-sp-d16
 385              	DMA1_Channel7_IRQHandler:
 386              	.LFB303:
 232:Src/stm32l4xx_it.c **** 
 233:Src/stm32l4xx_it.c **** /**
 234:Src/stm32l4xx_it.c ****   * @brief This function handles DMA1 channel7 global interrupt.
 235:Src/stm32l4xx_it.c ****   */
 236:Src/stm32l4xx_it.c **** void DMA1_Channel7_IRQHandler(void)
 237:Src/stm32l4xx_it.c **** {
 387              		.loc 1 237 1
 388              		.cfi_startproc
 389              		@ args = 0, pretend = 0, frame = 0
 390              		@ frame_needed = 1, uses_anonymous_args = 0
 391 0000 80B5     		push	{r7, lr}
 392              	.LCFI30:
 393              		.cfi_def_cfa_offset 8
 394              		.cfi_offset 7, -8
 395              		.cfi_offset 14, -4
 396 0002 00AF     		add	r7, sp, #0
 397              	.LCFI31:
 398              		.cfi_def_cfa_register 7
 238:Src/stm32l4xx_it.c ****   /* USER CODE BEGIN DMA1_Channel7_IRQn 0 */
 239:Src/stm32l4xx_it.c **** 
 240:Src/stm32l4xx_it.c ****   /* USER CODE END DMA1_Channel7_IRQn 0 */
 241:Src/stm32l4xx_it.c ****   HAL_DMA_IRQHandler(&hdma_usart2_tx);
 399              		.loc 1 241 3
 400 0004 0248     		ldr	r0, .L21
 401 0006 FFF7FEFF 		bl	HAL_DMA_IRQHandler
 242:Src/stm32l4xx_it.c ****   /* USER CODE BEGIN DMA1_Channel7_IRQn 1 */
 243:Src/stm32l4xx_it.c **** 
 244:Src/stm32l4xx_it.c ****   /* USER CODE END DMA1_Channel7_IRQn 1 */
 245:Src/stm32l4xx_it.c **** }
 402              		.loc 1 245 1
 403 000a 00BF     		nop
 404 000c 80BD     		pop	{r7, pc}
 405              	.L22:
ARM GAS  /var/folders/k7/81v8fz9j4v98_s0dd31l1wsr0000gn/T//ccC0FUo3.s 			page 12


 406 000e 00BF     		.align	2
 407              	.L21:
 408 0010 00000000 		.word	hdma_usart2_tx
 409              		.cfi_endproc
 410              	.LFE303:
 412              		.section	.text.USART2_IRQHandler,"ax",%progbits
 413              		.align	1
 414              		.global	USART2_IRQHandler
 415              		.syntax unified
 416              		.thumb
 417              		.thumb_func
 418              		.fpu fpv4-sp-d16
 420              	USART2_IRQHandler:
 421              	.LFB304:
 246:Src/stm32l4xx_it.c **** 
 247:Src/stm32l4xx_it.c **** /**
 248:Src/stm32l4xx_it.c ****   * @brief This function handles USART2 global interrupt.
 249:Src/stm32l4xx_it.c ****   */
 250:Src/stm32l4xx_it.c **** void USART2_IRQHandler(void)
 251:Src/stm32l4xx_it.c **** {
 422              		.loc 1 251 1
 423              		.cfi_startproc
 424              		@ args = 0, pretend = 0, frame = 0
 425              		@ frame_needed = 1, uses_anonymous_args = 0
 426 0000 80B5     		push	{r7, lr}
 427              	.LCFI32:
 428              		.cfi_def_cfa_offset 8
 429              		.cfi_offset 7, -8
 430              		.cfi_offset 14, -4
 431 0002 00AF     		add	r7, sp, #0
 432              	.LCFI33:
 433              		.cfi_def_cfa_register 7
 252:Src/stm32l4xx_it.c ****   /* USER CODE BEGIN USART2_IRQn 0 */
 253:Src/stm32l4xx_it.c ****   DbgUart_Isr();
 434              		.loc 1 253 3
 435 0004 FFF7FEFF 		bl	DbgUart_Isr
 254:Src/stm32l4xx_it.c ****   /* USER CODE END USART2_IRQn 0 */
 255:Src/stm32l4xx_it.c ****   HAL_UART_IRQHandler(&huart2);
 436              		.loc 1 255 3
 437 0008 0248     		ldr	r0, .L24
 438 000a FFF7FEFF 		bl	HAL_UART_IRQHandler
 256:Src/stm32l4xx_it.c ****   /* USER CODE BEGIN USART2_IRQn 1 */
 257:Src/stm32l4xx_it.c **** 
 258:Src/stm32l4xx_it.c ****   /* USER CODE END USART2_IRQn 1 */
 259:Src/stm32l4xx_it.c **** }
 439              		.loc 1 259 1
 440 000e 00BF     		nop
 441 0010 80BD     		pop	{r7, pc}
 442              	.L25:
 443 0012 00BF     		.align	2
 444              	.L24:
 445 0014 00000000 		.word	huart2
 446              		.cfi_endproc
 447              	.LFE304:
 449              		.section	.text.EXTI15_10_IRQHandler,"ax",%progbits
 450              		.align	1
 451              		.global	EXTI15_10_IRQHandler
ARM GAS  /var/folders/k7/81v8fz9j4v98_s0dd31l1wsr0000gn/T//ccC0FUo3.s 			page 13


 452              		.syntax unified
 453              		.thumb
 454              		.thumb_func
 455              		.fpu fpv4-sp-d16
 457              	EXTI15_10_IRQHandler:
 458              	.LFB305:
 260:Src/stm32l4xx_it.c **** 
 261:Src/stm32l4xx_it.c **** /**
 262:Src/stm32l4xx_it.c ****   * @brief This function handles EXTI line[15:10] interrupts.
 263:Src/stm32l4xx_it.c ****   */
 264:Src/stm32l4xx_it.c **** void EXTI15_10_IRQHandler(void)
 265:Src/stm32l4xx_it.c **** {
 459              		.loc 1 265 1
 460              		.cfi_startproc
 461              		@ args = 0, pretend = 0, frame = 0
 462              		@ frame_needed = 1, uses_anonymous_args = 0
 463 0000 80B5     		push	{r7, lr}
 464              	.LCFI34:
 465              		.cfi_def_cfa_offset 8
 466              		.cfi_offset 7, -8
 467              		.cfi_offset 14, -4
 468 0002 00AF     		add	r7, sp, #0
 469              	.LCFI35:
 470              		.cfi_def_cfa_register 7
 266:Src/stm32l4xx_it.c ****   /* USER CODE BEGIN EXTI15_10_IRQn 0 */
 267:Src/stm32l4xx_it.c ****   // Currently button is the only thing that can get us here so...
 268:Src/stm32l4xx_it.c ****   ButtonDriver_ISR();
 471              		.loc 1 268 3
 472 0004 FFF7FEFF 		bl	ButtonDriver_ISR
 269:Src/stm32l4xx_it.c ****   
 270:Src/stm32l4xx_it.c ****   /* USER CODE END EXTI15_10_IRQn 0 */
 271:Src/stm32l4xx_it.c ****   HAL_GPIO_EXTI_IRQHandler(B1_Pin);
 473              		.loc 1 271 3
 474 0008 4FF40050 		mov	r0, #8192
 475 000c FFF7FEFF 		bl	HAL_GPIO_EXTI_IRQHandler
 272:Src/stm32l4xx_it.c ****   /* USER CODE BEGIN EXTI15_10_IRQn 1 */
 273:Src/stm32l4xx_it.c **** 
 274:Src/stm32l4xx_it.c ****   /* USER CODE END EXTI15_10_IRQn 1 */
 275:Src/stm32l4xx_it.c **** }
 476              		.loc 1 275 1
 477 0010 00BF     		nop
 478 0012 80BD     		pop	{r7, pc}
 479              		.cfi_endproc
 480              	.LFE305:
 482              		.text
 483              	.Letext0:
 484              		.file 2 "/Users/isikcanyilmaz/KODMOD/b607/test/mcu/tools/gcc9.2.1/mac/arm-none-eabi/include/machin
 485              		.file 3 "/Users/isikcanyilmaz/KODMOD/b607/test/mcu/tools/gcc9.2.1/mac/arm-none-eabi/include/sys/_s
 486              		.file 4 "Drivers/CMSIS/Include/core_cm4.h"
 487              		.file 5 "Drivers/CMSIS/Device/ST/STM32L4xx/Include/system_stm32l4xx.h"
 488              		.file 6 "Drivers/CMSIS/Device/ST/STM32L4xx/Include/stm32l452xx.h"
 489              		.file 7 "Drivers/STM32L4xx_HAL_Driver/Inc/stm32l4xx_hal_def.h"
 490              		.file 8 "Drivers/STM32L4xx_HAL_Driver/Inc/stm32l4xx_hal_dma.h"
 491              		.file 9 "Drivers/STM32L4xx_HAL_Driver/Inc/stm32l4xx_hal_flash.h"
 492              		.file 10 "Drivers/STM32L4xx_HAL_Driver/Inc/stm32l4xx_hal_uart.h"
 493              		.file 11 "Drivers/STM32L4xx_HAL_Driver/Inc/stm32l4xx_hal.h"
 494              		.file 12 "Inc/sw_timers.h"
ARM GAS  /var/folders/k7/81v8fz9j4v98_s0dd31l1wsr0000gn/T//ccC0FUo3.s 			page 14


ARM GAS  /var/folders/k7/81v8fz9j4v98_s0dd31l1wsr0000gn/T//ccC0FUo3.s 			page 15


DEFINED SYMBOLS
                            *ABS*:0000000000000000 stm32l4xx_it.c
/var/folders/k7/81v8fz9j4v98_s0dd31l1wsr0000gn/T//ccC0FUo3.s:18     .text.NMI_Handler:0000000000000000 $t
/var/folders/k7/81v8fz9j4v98_s0dd31l1wsr0000gn/T//ccC0FUo3.s:26     .text.NMI_Handler:0000000000000000 NMI_Handler
/var/folders/k7/81v8fz9j4v98_s0dd31l1wsr0000gn/T//ccC0FUo3.s:56     .text.HardFault_Handler:0000000000000000 $t
/var/folders/k7/81v8fz9j4v98_s0dd31l1wsr0000gn/T//ccC0FUo3.s:63     .text.HardFault_Handler:0000000000000000 HardFault_Handler
/var/folders/k7/81v8fz9j4v98_s0dd31l1wsr0000gn/T//ccC0FUo3.s:84     .text.MemManage_Handler:0000000000000000 $t
/var/folders/k7/81v8fz9j4v98_s0dd31l1wsr0000gn/T//ccC0FUo3.s:91     .text.MemManage_Handler:0000000000000000 MemManage_Handler
/var/folders/k7/81v8fz9j4v98_s0dd31l1wsr0000gn/T//ccC0FUo3.s:112    .text.BusFault_Handler:0000000000000000 $t
/var/folders/k7/81v8fz9j4v98_s0dd31l1wsr0000gn/T//ccC0FUo3.s:119    .text.BusFault_Handler:0000000000000000 BusFault_Handler
/var/folders/k7/81v8fz9j4v98_s0dd31l1wsr0000gn/T//ccC0FUo3.s:140    .text.UsageFault_Handler:0000000000000000 $t
/var/folders/k7/81v8fz9j4v98_s0dd31l1wsr0000gn/T//ccC0FUo3.s:147    .text.UsageFault_Handler:0000000000000000 UsageFault_Handler
/var/folders/k7/81v8fz9j4v98_s0dd31l1wsr0000gn/T//ccC0FUo3.s:168    .text.SVC_Handler:0000000000000000 $t
/var/folders/k7/81v8fz9j4v98_s0dd31l1wsr0000gn/T//ccC0FUo3.s:175    .text.SVC_Handler:0000000000000000 SVC_Handler
/var/folders/k7/81v8fz9j4v98_s0dd31l1wsr0000gn/T//ccC0FUo3.s:204    .text.DebugMon_Handler:0000000000000000 $t
/var/folders/k7/81v8fz9j4v98_s0dd31l1wsr0000gn/T//ccC0FUo3.s:211    .text.DebugMon_Handler:0000000000000000 DebugMon_Handler
/var/folders/k7/81v8fz9j4v98_s0dd31l1wsr0000gn/T//ccC0FUo3.s:240    .text.PendSV_Handler:0000000000000000 $t
/var/folders/k7/81v8fz9j4v98_s0dd31l1wsr0000gn/T//ccC0FUo3.s:247    .text.PendSV_Handler:0000000000000000 PendSV_Handler
/var/folders/k7/81v8fz9j4v98_s0dd31l1wsr0000gn/T//ccC0FUo3.s:276    .text.SysTick_Handler:0000000000000000 $t
/var/folders/k7/81v8fz9j4v98_s0dd31l1wsr0000gn/T//ccC0FUo3.s:283    .text.SysTick_Handler:0000000000000000 SysTick_Handler
/var/folders/k7/81v8fz9j4v98_s0dd31l1wsr0000gn/T//ccC0FUo3.s:308    .text.DMA1_Channel3_IRQHandler:0000000000000000 $t
/var/folders/k7/81v8fz9j4v98_s0dd31l1wsr0000gn/T//ccC0FUo3.s:315    .text.DMA1_Channel3_IRQHandler:0000000000000000 DMA1_Channel3_IRQHandler
/var/folders/k7/81v8fz9j4v98_s0dd31l1wsr0000gn/T//ccC0FUo3.s:338    .text.DMA1_Channel3_IRQHandler:0000000000000010 $d
/var/folders/k7/81v8fz9j4v98_s0dd31l1wsr0000gn/T//ccC0FUo3.s:343    .text.DMA1_Channel6_IRQHandler:0000000000000000 $t
/var/folders/k7/81v8fz9j4v98_s0dd31l1wsr0000gn/T//ccC0FUo3.s:350    .text.DMA1_Channel6_IRQHandler:0000000000000000 DMA1_Channel6_IRQHandler
/var/folders/k7/81v8fz9j4v98_s0dd31l1wsr0000gn/T//ccC0FUo3.s:373    .text.DMA1_Channel6_IRQHandler:0000000000000010 $d
/var/folders/k7/81v8fz9j4v98_s0dd31l1wsr0000gn/T//ccC0FUo3.s:378    .text.DMA1_Channel7_IRQHandler:0000000000000000 $t
/var/folders/k7/81v8fz9j4v98_s0dd31l1wsr0000gn/T//ccC0FUo3.s:385    .text.DMA1_Channel7_IRQHandler:0000000000000000 DMA1_Channel7_IRQHandler
/var/folders/k7/81v8fz9j4v98_s0dd31l1wsr0000gn/T//ccC0FUo3.s:408    .text.DMA1_Channel7_IRQHandler:0000000000000010 $d
/var/folders/k7/81v8fz9j4v98_s0dd31l1wsr0000gn/T//ccC0FUo3.s:413    .text.USART2_IRQHandler:0000000000000000 $t
/var/folders/k7/81v8fz9j4v98_s0dd31l1wsr0000gn/T//ccC0FUo3.s:420    .text.USART2_IRQHandler:0000000000000000 USART2_IRQHandler
/var/folders/k7/81v8fz9j4v98_s0dd31l1wsr0000gn/T//ccC0FUo3.s:445    .text.USART2_IRQHandler:0000000000000014 $d
/var/folders/k7/81v8fz9j4v98_s0dd31l1wsr0000gn/T//ccC0FUo3.s:450    .text.EXTI15_10_IRQHandler:0000000000000000 $t
/var/folders/k7/81v8fz9j4v98_s0dd31l1wsr0000gn/T//ccC0FUo3.s:457    .text.EXTI15_10_IRQHandler:0000000000000000 EXTI15_10_IRQHandler

UNDEFINED SYMBOLS
HAL_IncTick
SwTimer_ISR
HAL_DMA_IRQHandler
hdma_tim3_ch4_up
hdma_usart2_rx
hdma_usart2_tx
DbgUart_Isr
HAL_UART_IRQHandler
huart2
ButtonDriver_ISR
HAL_GPIO_EXTI_IRQHandler
