ARM GAS  /var/folders/k7/81v8fz9j4v98_s0dd31l1wsr0000gn/T//ccDJziSc.s 			page 1


   1              		.cpu cortex-m4
   2              		.eabi_attribute 27, 1
   3              		.eabi_attribute 28, 1
   4              		.eabi_attribute 20, 1
   5              		.eabi_attribute 21, 1
   6              		.eabi_attribute 23, 3
   7              		.eabi_attribute 24, 1
   8              		.eabi_attribute 25, 1
   9              		.eabi_attribute 26, 1
  10              		.eabi_attribute 30, 6
  11              		.eabi_attribute 34, 1
  12              		.eabi_attribute 18, 4
  13              		.file	"tim.c"
  14              		.text
  15              	.Ltext0:
  16              		.cfi_sections	.debug_frame
  17              		.comm	htim2,76,4
  18              		.comm	htim3,76,4
  19              		.comm	hdma_tim3_ch4_up,72,4
  20              		.section	.text.MX_TIM2_Init,"ax",%progbits
  21              		.align	1
  22              		.global	MX_TIM2_Init
  23              		.arch armv7e-m
  24              		.syntax unified
  25              		.thumb
  26              		.thumb_func
  27              		.fpu fpv4-sp-d16
  29              	MX_TIM2_Init:
  30              	.LFB292:
  31              		.file 1 "Src/tim.c"
   1:Src/tim.c     **** /* USER CODE BEGIN Header */
   2:Src/tim.c     **** /**
   3:Src/tim.c     ****   ******************************************************************************
   4:Src/tim.c     ****   * @file    tim.c
   5:Src/tim.c     ****   * @brief   This file provides code for the configuration
   6:Src/tim.c     ****   *          of the TIM instances.
   7:Src/tim.c     ****   ******************************************************************************
   8:Src/tim.c     ****   * @attention
   9:Src/tim.c     ****   *
  10:Src/tim.c     ****   * Copyright (c) 2022 STMicroelectronics.
  11:Src/tim.c     ****   * All rights reserved.
  12:Src/tim.c     ****   *
  13:Src/tim.c     ****   * This software is licensed under terms that can be found in the LICENSE file
  14:Src/tim.c     ****   * in the root directory of this software component.
  15:Src/tim.c     ****   * If no LICENSE file comes with this software, it is provided AS-IS.
  16:Src/tim.c     ****   *
  17:Src/tim.c     ****   ******************************************************************************
  18:Src/tim.c     ****   */
  19:Src/tim.c     **** /* USER CODE END Header */
  20:Src/tim.c     **** /* Includes ------------------------------------------------------------------*/
  21:Src/tim.c     **** #include "tim.h"
  22:Src/tim.c     **** 
  23:Src/tim.c     **** /* USER CODE BEGIN 0 */
  24:Src/tim.c     **** 
  25:Src/tim.c     **** /* USER CODE END 0 */
  26:Src/tim.c     **** 
  27:Src/tim.c     **** TIM_HandleTypeDef htim2;
ARM GAS  /var/folders/k7/81v8fz9j4v98_s0dd31l1wsr0000gn/T//ccDJziSc.s 			page 2


  28:Src/tim.c     **** TIM_HandleTypeDef htim3;
  29:Src/tim.c     **** DMA_HandleTypeDef hdma_tim3_ch4_up;
  30:Src/tim.c     **** 
  31:Src/tim.c     **** /* TIM2 init function */
  32:Src/tim.c     **** void MX_TIM2_Init(void)
  33:Src/tim.c     **** {
  32              		.loc 1 33 1
  33              		.cfi_startproc
  34              		@ args = 0, pretend = 0, frame = 40
  35              		@ frame_needed = 1, uses_anonymous_args = 0
  36 0000 80B5     		push	{r7, lr}
  37              	.LCFI0:
  38              		.cfi_def_cfa_offset 8
  39              		.cfi_offset 7, -8
  40              		.cfi_offset 14, -4
  41 0002 8AB0     		sub	sp, sp, #40
  42              	.LCFI1:
  43              		.cfi_def_cfa_offset 48
  44 0004 00AF     		add	r7, sp, #0
  45              	.LCFI2:
  46              		.cfi_def_cfa_register 7
  34:Src/tim.c     **** 
  35:Src/tim.c     ****   /* USER CODE BEGIN TIM2_Init 0 */
  36:Src/tim.c     **** 
  37:Src/tim.c     ****   /* USER CODE END TIM2_Init 0 */
  38:Src/tim.c     **** 
  39:Src/tim.c     ****   TIM_MasterConfigTypeDef sMasterConfig = {0};
  47              		.loc 1 39 27
  48 0006 07F11C03 		add	r3, r7, #28
  49 000a 0022     		movs	r2, #0
  50 000c 1A60     		str	r2, [r3]
  51 000e 5A60     		str	r2, [r3, #4]
  52 0010 9A60     		str	r2, [r3, #8]
  40:Src/tim.c     ****   TIM_OC_InitTypeDef sConfigOC = {0};
  53              		.loc 1 40 22
  54 0012 3B46     		mov	r3, r7
  55 0014 0022     		movs	r2, #0
  56 0016 1A60     		str	r2, [r3]
  57 0018 5A60     		str	r2, [r3, #4]
  58 001a 9A60     		str	r2, [r3, #8]
  59 001c DA60     		str	r2, [r3, #12]
  60 001e 1A61     		str	r2, [r3, #16]
  61 0020 5A61     		str	r2, [r3, #20]
  62 0022 9A61     		str	r2, [r3, #24]
  41:Src/tim.c     **** 
  42:Src/tim.c     ****   /* USER CODE BEGIN TIM2_Init 1 */
  43:Src/tim.c     **** 
  44:Src/tim.c     ****   /* USER CODE END TIM2_Init 1 */
  45:Src/tim.c     ****   htim2.Instance = TIM2;
  63              		.loc 1 45 18
  64 0024 2C4B     		ldr	r3, .L7
  65 0026 4FF08042 		mov	r2, #1073741824
  66 002a 1A60     		str	r2, [r3]
  46:Src/tim.c     ****   htim2.Init.Prescaler = 0;
  67              		.loc 1 46 24
  68 002c 2A4B     		ldr	r3, .L7
  69 002e 0022     		movs	r2, #0
ARM GAS  /var/folders/k7/81v8fz9j4v98_s0dd31l1wsr0000gn/T//ccDJziSc.s 			page 3


  70 0030 5A60     		str	r2, [r3, #4]
  47:Src/tim.c     ****   htim2.Init.CounterMode = TIM_COUNTERMODE_UP;
  71              		.loc 1 47 26
  72 0032 294B     		ldr	r3, .L7
  73 0034 0022     		movs	r2, #0
  74 0036 9A60     		str	r2, [r3, #8]
  48:Src/tim.c     ****   htim2.Init.Period = 0;
  75              		.loc 1 48 21
  76 0038 274B     		ldr	r3, .L7
  77 003a 0022     		movs	r2, #0
  78 003c DA60     		str	r2, [r3, #12]
  49:Src/tim.c     ****   htim2.Init.ClockDivision = TIM_CLOCKDIVISION_DIV1;
  79              		.loc 1 49 28
  80 003e 264B     		ldr	r3, .L7
  81 0040 0022     		movs	r2, #0
  82 0042 1A61     		str	r2, [r3, #16]
  50:Src/tim.c     ****   htim2.Init.AutoReloadPreload = TIM_AUTORELOAD_PRELOAD_DISABLE;
  83              		.loc 1 50 32
  84 0044 244B     		ldr	r3, .L7
  85 0046 0022     		movs	r2, #0
  86 0048 9A61     		str	r2, [r3, #24]
  51:Src/tim.c     ****   if (HAL_TIM_PWM_Init(&htim2) != HAL_OK)
  87              		.loc 1 51 7
  88 004a 2348     		ldr	r0, .L7
  89 004c FFF7FEFF 		bl	HAL_TIM_PWM_Init
  90 0050 0346     		mov	r3, r0
  91              		.loc 1 51 6
  92 0052 002B     		cmp	r3, #0
  93 0054 01D0     		beq	.L2
  52:Src/tim.c     ****   {
  53:Src/tim.c     ****     Error_Handler();
  94              		.loc 1 53 5
  95 0056 FFF7FEFF 		bl	Error_Handler
  96              	.L2:
  54:Src/tim.c     ****   }
  55:Src/tim.c     ****   sMasterConfig.MasterOutputTrigger = TIM_TRGO_RESET;
  97              		.loc 1 55 37
  98 005a 0023     		movs	r3, #0
  99 005c FB61     		str	r3, [r7, #28]
  56:Src/tim.c     ****   sMasterConfig.MasterSlaveMode = TIM_MASTERSLAVEMODE_DISABLE;
 100              		.loc 1 56 33
 101 005e 0023     		movs	r3, #0
 102 0060 7B62     		str	r3, [r7, #36]
  57:Src/tim.c     ****   if (HAL_TIMEx_MasterConfigSynchronization(&htim2, &sMasterConfig) != HAL_OK)
 103              		.loc 1 57 7
 104 0062 07F11C03 		add	r3, r7, #28
 105 0066 1946     		mov	r1, r3
 106 0068 1B48     		ldr	r0, .L7
 107 006a FFF7FEFF 		bl	HAL_TIMEx_MasterConfigSynchronization
 108 006e 0346     		mov	r3, r0
 109              		.loc 1 57 6
 110 0070 002B     		cmp	r3, #0
 111 0072 01D0     		beq	.L3
  58:Src/tim.c     ****   {
  59:Src/tim.c     ****     Error_Handler();
 112              		.loc 1 59 5
 113 0074 FFF7FEFF 		bl	Error_Handler
ARM GAS  /var/folders/k7/81v8fz9j4v98_s0dd31l1wsr0000gn/T//ccDJziSc.s 			page 4


 114              	.L3:
  60:Src/tim.c     ****   }
  61:Src/tim.c     ****   sConfigOC.OCMode = TIM_OCMODE_PWM1;
 115              		.loc 1 61 20
 116 0078 6023     		movs	r3, #96
 117 007a 3B60     		str	r3, [r7]
  62:Src/tim.c     ****   sConfigOC.Pulse = 0;
 118              		.loc 1 62 19
 119 007c 0023     		movs	r3, #0
 120 007e 7B60     		str	r3, [r7, #4]
  63:Src/tim.c     ****   sConfigOC.OCPolarity = TIM_OCPOLARITY_HIGH;
 121              		.loc 1 63 24
 122 0080 0023     		movs	r3, #0
 123 0082 BB60     		str	r3, [r7, #8]
  64:Src/tim.c     ****   sConfigOC.OCFastMode = TIM_OCFAST_DISABLE;
 124              		.loc 1 64 24
 125 0084 0023     		movs	r3, #0
 126 0086 3B61     		str	r3, [r7, #16]
  65:Src/tim.c     ****   if (HAL_TIM_PWM_ConfigChannel(&htim2, &sConfigOC, TIM_CHANNEL_1) != HAL_OK)
 127              		.loc 1 65 7
 128 0088 3B46     		mov	r3, r7
 129 008a 0022     		movs	r2, #0
 130 008c 1946     		mov	r1, r3
 131 008e 1248     		ldr	r0, .L7
 132 0090 FFF7FEFF 		bl	HAL_TIM_PWM_ConfigChannel
 133 0094 0346     		mov	r3, r0
 134              		.loc 1 65 6
 135 0096 002B     		cmp	r3, #0
 136 0098 01D0     		beq	.L4
  66:Src/tim.c     ****   {
  67:Src/tim.c     ****     Error_Handler();
 137              		.loc 1 67 5
 138 009a FFF7FEFF 		bl	Error_Handler
 139              	.L4:
  68:Src/tim.c     ****   }
  69:Src/tim.c     ****   if (HAL_TIM_PWM_ConfigChannel(&htim2, &sConfigOC, TIM_CHANNEL_2) != HAL_OK)
 140              		.loc 1 69 7
 141 009e 3B46     		mov	r3, r7
 142 00a0 0422     		movs	r2, #4
 143 00a2 1946     		mov	r1, r3
 144 00a4 0C48     		ldr	r0, .L7
 145 00a6 FFF7FEFF 		bl	HAL_TIM_PWM_ConfigChannel
 146 00aa 0346     		mov	r3, r0
 147              		.loc 1 69 6
 148 00ac 002B     		cmp	r3, #0
 149 00ae 01D0     		beq	.L5
  70:Src/tim.c     ****   {
  71:Src/tim.c     ****     Error_Handler();
 150              		.loc 1 71 5
 151 00b0 FFF7FEFF 		bl	Error_Handler
 152              	.L5:
  72:Src/tim.c     ****   }
  73:Src/tim.c     ****   if (HAL_TIM_PWM_ConfigChannel(&htim2, &sConfigOC, TIM_CHANNEL_3) != HAL_OK)
 153              		.loc 1 73 7
 154 00b4 3B46     		mov	r3, r7
 155 00b6 0822     		movs	r2, #8
 156 00b8 1946     		mov	r1, r3
ARM GAS  /var/folders/k7/81v8fz9j4v98_s0dd31l1wsr0000gn/T//ccDJziSc.s 			page 5


 157 00ba 0748     		ldr	r0, .L7
 158 00bc FFF7FEFF 		bl	HAL_TIM_PWM_ConfigChannel
 159 00c0 0346     		mov	r3, r0
 160              		.loc 1 73 6
 161 00c2 002B     		cmp	r3, #0
 162 00c4 01D0     		beq	.L6
  74:Src/tim.c     ****   {
  75:Src/tim.c     ****     Error_Handler();
 163              		.loc 1 75 5
 164 00c6 FFF7FEFF 		bl	Error_Handler
 165              	.L6:
  76:Src/tim.c     ****   }
  77:Src/tim.c     ****   /* USER CODE BEGIN TIM2_Init 2 */
  78:Src/tim.c     **** 
  79:Src/tim.c     ****   /* USER CODE END TIM2_Init 2 */
  80:Src/tim.c     ****   HAL_TIM_MspPostInit(&htim2);
 166              		.loc 1 80 3
 167 00ca 0348     		ldr	r0, .L7
 168 00cc FFF7FEFF 		bl	HAL_TIM_MspPostInit
  81:Src/tim.c     **** 
  82:Src/tim.c     **** }
 169              		.loc 1 82 1
 170 00d0 00BF     		nop
 171 00d2 2837     		adds	r7, r7, #40
 172              	.LCFI3:
 173              		.cfi_def_cfa_offset 8
 174 00d4 BD46     		mov	sp, r7
 175              	.LCFI4:
 176              		.cfi_def_cfa_register 13
 177              		@ sp needed
 178 00d6 80BD     		pop	{r7, pc}
 179              	.L8:
 180              		.align	2
 181              	.L7:
 182 00d8 00000000 		.word	htim2
 183              		.cfi_endproc
 184              	.LFE292:
 186              		.section	.text.MX_TIM3_Init,"ax",%progbits
 187              		.align	1
 188              		.global	MX_TIM3_Init
 189              		.syntax unified
 190              		.thumb
 191              		.thumb_func
 192              		.fpu fpv4-sp-d16
 194              	MX_TIM3_Init:
 195              	.LFB293:
  83:Src/tim.c     **** /* TIM3 init function */
  84:Src/tim.c     **** void MX_TIM3_Init(void)
  85:Src/tim.c     **** {
 196              		.loc 1 85 1
 197              		.cfi_startproc
 198              		@ args = 0, pretend = 0, frame = 56
 199              		@ frame_needed = 1, uses_anonymous_args = 0
 200 0000 80B5     		push	{r7, lr}
 201              	.LCFI5:
 202              		.cfi_def_cfa_offset 8
 203              		.cfi_offset 7, -8
ARM GAS  /var/folders/k7/81v8fz9j4v98_s0dd31l1wsr0000gn/T//ccDJziSc.s 			page 6


 204              		.cfi_offset 14, -4
 205 0002 8EB0     		sub	sp, sp, #56
 206              	.LCFI6:
 207              		.cfi_def_cfa_offset 64
 208 0004 00AF     		add	r7, sp, #0
 209              	.LCFI7:
 210              		.cfi_def_cfa_register 7
  86:Src/tim.c     **** 
  87:Src/tim.c     ****   /* USER CODE BEGIN TIM3_Init 0 */
  88:Src/tim.c     **** 
  89:Src/tim.c     ****   /* USER CODE END TIM3_Init 0 */
  90:Src/tim.c     **** 
  91:Src/tim.c     ****   TIM_ClockConfigTypeDef sClockSourceConfig = {0};
 211              		.loc 1 91 26
 212 0006 07F12803 		add	r3, r7, #40
 213 000a 0022     		movs	r2, #0
 214 000c 1A60     		str	r2, [r3]
 215 000e 5A60     		str	r2, [r3, #4]
 216 0010 9A60     		str	r2, [r3, #8]
 217 0012 DA60     		str	r2, [r3, #12]
  92:Src/tim.c     ****   TIM_MasterConfigTypeDef sMasterConfig = {0};
 218              		.loc 1 92 27
 219 0014 07F11C03 		add	r3, r7, #28
 220 0018 0022     		movs	r2, #0
 221 001a 1A60     		str	r2, [r3]
 222 001c 5A60     		str	r2, [r3, #4]
 223 001e 9A60     		str	r2, [r3, #8]
  93:Src/tim.c     ****   TIM_OC_InitTypeDef sConfigOC = {0};
 224              		.loc 1 93 22
 225 0020 3B46     		mov	r3, r7
 226 0022 0022     		movs	r2, #0
 227 0024 1A60     		str	r2, [r3]
 228 0026 5A60     		str	r2, [r3, #4]
 229 0028 9A60     		str	r2, [r3, #8]
 230 002a DA60     		str	r2, [r3, #12]
 231 002c 1A61     		str	r2, [r3, #16]
 232 002e 5A61     		str	r2, [r3, #20]
 233 0030 9A61     		str	r2, [r3, #24]
  94:Src/tim.c     **** 
  95:Src/tim.c     ****   /* USER CODE BEGIN TIM3_Init 1 */
  96:Src/tim.c     **** 
  97:Src/tim.c     ****   /* USER CODE END TIM3_Init 1 */
  98:Src/tim.c     ****   htim3.Instance = TIM3;
 234              		.loc 1 98 18
 235 0032 324B     		ldr	r3, .L16
 236 0034 324A     		ldr	r2, .L16+4
 237 0036 1A60     		str	r2, [r3]
  99:Src/tim.c     ****   htim3.Init.Prescaler = 0;
 238              		.loc 1 99 24
 239 0038 304B     		ldr	r3, .L16
 240 003a 0022     		movs	r2, #0
 241 003c 5A60     		str	r2, [r3, #4]
 100:Src/tim.c     ****   htim3.Init.CounterMode = TIM_COUNTERMODE_UP;
 242              		.loc 1 100 26
 243 003e 2F4B     		ldr	r3, .L16
 244 0040 0022     		movs	r2, #0
 245 0042 9A60     		str	r2, [r3, #8]
ARM GAS  /var/folders/k7/81v8fz9j4v98_s0dd31l1wsr0000gn/T//ccDJziSc.s 			page 7


 101:Src/tim.c     ****   htim3.Init.Period = 0;
 246              		.loc 1 101 21
 247 0044 2D4B     		ldr	r3, .L16
 248 0046 0022     		movs	r2, #0
 249 0048 DA60     		str	r2, [r3, #12]
 102:Src/tim.c     ****   htim3.Init.ClockDivision = TIM_CLOCKDIVISION_DIV1;
 250              		.loc 1 102 28
 251 004a 2C4B     		ldr	r3, .L16
 252 004c 0022     		movs	r2, #0
 253 004e 1A61     		str	r2, [r3, #16]
 103:Src/tim.c     ****   htim3.Init.AutoReloadPreload = TIM_AUTORELOAD_PRELOAD_ENABLE;
 254              		.loc 1 103 32
 255 0050 2A4B     		ldr	r3, .L16
 256 0052 8022     		movs	r2, #128
 257 0054 9A61     		str	r2, [r3, #24]
 104:Src/tim.c     ****   if (HAL_TIM_Base_Init(&htim3) != HAL_OK)
 258              		.loc 1 104 7
 259 0056 2948     		ldr	r0, .L16
 260 0058 FFF7FEFF 		bl	HAL_TIM_Base_Init
 261 005c 0346     		mov	r3, r0
 262              		.loc 1 104 6
 263 005e 002B     		cmp	r3, #0
 264 0060 01D0     		beq	.L10
 105:Src/tim.c     ****   {
 106:Src/tim.c     ****     Error_Handler();
 265              		.loc 1 106 5
 266 0062 FFF7FEFF 		bl	Error_Handler
 267              	.L10:
 107:Src/tim.c     ****   }
 108:Src/tim.c     ****   sClockSourceConfig.ClockSource = TIM_CLOCKSOURCE_INTERNAL;
 268              		.loc 1 108 34
 269 0066 4FF48053 		mov	r3, #4096
 270 006a BB62     		str	r3, [r7, #40]
 109:Src/tim.c     ****   if (HAL_TIM_ConfigClockSource(&htim3, &sClockSourceConfig) != HAL_OK)
 271              		.loc 1 109 7
 272 006c 07F12803 		add	r3, r7, #40
 273 0070 1946     		mov	r1, r3
 274 0072 2248     		ldr	r0, .L16
 275 0074 FFF7FEFF 		bl	HAL_TIM_ConfigClockSource
 276 0078 0346     		mov	r3, r0
 277              		.loc 1 109 6
 278 007a 002B     		cmp	r3, #0
 279 007c 01D0     		beq	.L11
 110:Src/tim.c     ****   {
 111:Src/tim.c     ****     Error_Handler();
 280              		.loc 1 111 5
 281 007e FFF7FEFF 		bl	Error_Handler
 282              	.L11:
 112:Src/tim.c     ****   }
 113:Src/tim.c     ****   if (HAL_TIM_PWM_Init(&htim3) != HAL_OK)
 283              		.loc 1 113 7
 284 0082 1E48     		ldr	r0, .L16
 285 0084 FFF7FEFF 		bl	HAL_TIM_PWM_Init
 286 0088 0346     		mov	r3, r0
 287              		.loc 1 113 6
 288 008a 002B     		cmp	r3, #0
 289 008c 01D0     		beq	.L12
ARM GAS  /var/folders/k7/81v8fz9j4v98_s0dd31l1wsr0000gn/T//ccDJziSc.s 			page 8


 114:Src/tim.c     ****   {
 115:Src/tim.c     ****     Error_Handler();
 290              		.loc 1 115 5
 291 008e FFF7FEFF 		bl	Error_Handler
 292              	.L12:
 116:Src/tim.c     ****   }
 117:Src/tim.c     ****   sMasterConfig.MasterOutputTrigger = TIM_TRGO_RESET;
 293              		.loc 1 117 37
 294 0092 0023     		movs	r3, #0
 295 0094 FB61     		str	r3, [r7, #28]
 118:Src/tim.c     ****   sMasterConfig.MasterSlaveMode = TIM_MASTERSLAVEMODE_DISABLE;
 296              		.loc 1 118 33
 297 0096 0023     		movs	r3, #0
 298 0098 7B62     		str	r3, [r7, #36]
 119:Src/tim.c     ****   if (HAL_TIMEx_MasterConfigSynchronization(&htim3, &sMasterConfig) != HAL_OK)
 299              		.loc 1 119 7
 300 009a 07F11C03 		add	r3, r7, #28
 301 009e 1946     		mov	r1, r3
 302 00a0 1648     		ldr	r0, .L16
 303 00a2 FFF7FEFF 		bl	HAL_TIMEx_MasterConfigSynchronization
 304 00a6 0346     		mov	r3, r0
 305              		.loc 1 119 6
 306 00a8 002B     		cmp	r3, #0
 307 00aa 01D0     		beq	.L13
 120:Src/tim.c     ****   {
 121:Src/tim.c     ****     Error_Handler();
 308              		.loc 1 121 5
 309 00ac FFF7FEFF 		bl	Error_Handler
 310              	.L13:
 122:Src/tim.c     ****   }
 123:Src/tim.c     ****   sConfigOC.OCMode = TIM_OCMODE_PWM1;
 311              		.loc 1 123 20
 312 00b0 6023     		movs	r3, #96
 313 00b2 3B60     		str	r3, [r7]
 124:Src/tim.c     ****   sConfigOC.Pulse = 0;
 314              		.loc 1 124 19
 315 00b4 0023     		movs	r3, #0
 316 00b6 7B60     		str	r3, [r7, #4]
 125:Src/tim.c     ****   sConfigOC.OCPolarity = TIM_OCPOLARITY_HIGH;
 317              		.loc 1 125 24
 318 00b8 0023     		movs	r3, #0
 319 00ba BB60     		str	r3, [r7, #8]
 126:Src/tim.c     ****   sConfigOC.OCFastMode = TIM_OCFAST_DISABLE;
 320              		.loc 1 126 24
 321 00bc 0023     		movs	r3, #0
 322 00be 3B61     		str	r3, [r7, #16]
 127:Src/tim.c     ****   if (HAL_TIM_PWM_ConfigChannel(&htim3, &sConfigOC, TIM_CHANNEL_2) != HAL_OK)
 323              		.loc 1 127 7
 324 00c0 3B46     		mov	r3, r7
 325 00c2 0422     		movs	r2, #4
 326 00c4 1946     		mov	r1, r3
 327 00c6 0D48     		ldr	r0, .L16
 328 00c8 FFF7FEFF 		bl	HAL_TIM_PWM_ConfigChannel
 329 00cc 0346     		mov	r3, r0
 330              		.loc 1 127 6
 331 00ce 002B     		cmp	r3, #0
 332 00d0 01D0     		beq	.L14
ARM GAS  /var/folders/k7/81v8fz9j4v98_s0dd31l1wsr0000gn/T//ccDJziSc.s 			page 9


 128:Src/tim.c     ****   {
 129:Src/tim.c     ****     Error_Handler();
 333              		.loc 1 129 5
 334 00d2 FFF7FEFF 		bl	Error_Handler
 335              	.L14:
 130:Src/tim.c     ****   }
 131:Src/tim.c     ****   if (HAL_TIM_PWM_ConfigChannel(&htim3, &sConfigOC, TIM_CHANNEL_4) != HAL_OK)
 336              		.loc 1 131 7
 337 00d6 3B46     		mov	r3, r7
 338 00d8 0C22     		movs	r2, #12
 339 00da 1946     		mov	r1, r3
 340 00dc 0748     		ldr	r0, .L16
 341 00de FFF7FEFF 		bl	HAL_TIM_PWM_ConfigChannel
 342 00e2 0346     		mov	r3, r0
 343              		.loc 1 131 6
 344 00e4 002B     		cmp	r3, #0
 345 00e6 01D0     		beq	.L15
 132:Src/tim.c     ****   {
 133:Src/tim.c     ****     Error_Handler();
 346              		.loc 1 133 5
 347 00e8 FFF7FEFF 		bl	Error_Handler
 348              	.L15:
 134:Src/tim.c     ****   }
 135:Src/tim.c     ****   /* USER CODE BEGIN TIM3_Init 2 */
 136:Src/tim.c     **** 
 137:Src/tim.c     ****   /* USER CODE END TIM3_Init 2 */
 138:Src/tim.c     ****   HAL_TIM_MspPostInit(&htim3);
 349              		.loc 1 138 3
 350 00ec 0348     		ldr	r0, .L16
 351 00ee FFF7FEFF 		bl	HAL_TIM_MspPostInit
 139:Src/tim.c     **** 
 140:Src/tim.c     **** }
 352              		.loc 1 140 1
 353 00f2 00BF     		nop
 354 00f4 3837     		adds	r7, r7, #56
 355              	.LCFI8:
 356              		.cfi_def_cfa_offset 8
 357 00f6 BD46     		mov	sp, r7
 358              	.LCFI9:
 359              		.cfi_def_cfa_register 13
 360              		@ sp needed
 361 00f8 80BD     		pop	{r7, pc}
 362              	.L17:
 363 00fa 00BF     		.align	2
 364              	.L16:
 365 00fc 00000000 		.word	htim3
 366 0100 00040040 		.word	1073742848
 367              		.cfi_endproc
 368              	.LFE293:
 370              		.section	.text.HAL_TIM_PWM_MspInit,"ax",%progbits
 371              		.align	1
 372              		.global	HAL_TIM_PWM_MspInit
 373              		.syntax unified
 374              		.thumb
 375              		.thumb_func
 376              		.fpu fpv4-sp-d16
 378              	HAL_TIM_PWM_MspInit:
ARM GAS  /var/folders/k7/81v8fz9j4v98_s0dd31l1wsr0000gn/T//ccDJziSc.s 			page 10


 379              	.LFB294:
 141:Src/tim.c     **** 
 142:Src/tim.c     **** void HAL_TIM_PWM_MspInit(TIM_HandleTypeDef* tim_pwmHandle)
 143:Src/tim.c     **** {
 380              		.loc 1 143 1
 381              		.cfi_startproc
 382              		@ args = 0, pretend = 0, frame = 16
 383              		@ frame_needed = 1, uses_anonymous_args = 0
 384              		@ link register save eliminated.
 385 0000 80B4     		push	{r7}
 386              	.LCFI10:
 387              		.cfi_def_cfa_offset 4
 388              		.cfi_offset 7, -4
 389 0002 85B0     		sub	sp, sp, #20
 390              	.LCFI11:
 391              		.cfi_def_cfa_offset 24
 392 0004 00AF     		add	r7, sp, #0
 393              	.LCFI12:
 394              		.cfi_def_cfa_register 7
 395 0006 7860     		str	r0, [r7, #4]
 144:Src/tim.c     **** 
 145:Src/tim.c     ****   if(tim_pwmHandle->Instance==TIM2)
 396              		.loc 1 145 19
 397 0008 7B68     		ldr	r3, [r7, #4]
 398 000a 1B68     		ldr	r3, [r3]
 399              		.loc 1 145 5
 400 000c B3F1804F 		cmp	r3, #1073741824
 401 0010 0BD1     		bne	.L20
 402              	.LBB2:
 146:Src/tim.c     ****   {
 147:Src/tim.c     ****   /* USER CODE BEGIN TIM2_MspInit 0 */
 148:Src/tim.c     **** 
 149:Src/tim.c     ****   /* USER CODE END TIM2_MspInit 0 */
 150:Src/tim.c     ****     /* TIM2 clock enable */
 151:Src/tim.c     ****     __HAL_RCC_TIM2_CLK_ENABLE();
 403              		.loc 1 151 5
 404 0012 094B     		ldr	r3, .L21
 405 0014 9B6D     		ldr	r3, [r3, #88]
 406 0016 084A     		ldr	r2, .L21
 407 0018 43F00103 		orr	r3, r3, #1
 408 001c 9365     		str	r3, [r2, #88]
 409 001e 064B     		ldr	r3, .L21
 410 0020 9B6D     		ldr	r3, [r3, #88]
 411 0022 03F00103 		and	r3, r3, #1
 412 0026 FB60     		str	r3, [r7, #12]
 413 0028 FB68     		ldr	r3, [r7, #12]
 414              	.L20:
 415              	.LBE2:
 152:Src/tim.c     ****   /* USER CODE BEGIN TIM2_MspInit 1 */
 153:Src/tim.c     **** 
 154:Src/tim.c     ****   /* USER CODE END TIM2_MspInit 1 */
 155:Src/tim.c     ****   }
 156:Src/tim.c     **** }
 416              		.loc 1 156 1
 417 002a 00BF     		nop
 418 002c 1437     		adds	r7, r7, #20
 419              	.LCFI13:
ARM GAS  /var/folders/k7/81v8fz9j4v98_s0dd31l1wsr0000gn/T//ccDJziSc.s 			page 11


 420              		.cfi_def_cfa_offset 4
 421 002e BD46     		mov	sp, r7
 422              	.LCFI14:
 423              		.cfi_def_cfa_register 13
 424              		@ sp needed
 425 0030 5DF8047B 		ldr	r7, [sp], #4
 426              	.LCFI15:
 427              		.cfi_restore 7
 428              		.cfi_def_cfa_offset 0
 429 0034 7047     		bx	lr
 430              	.L22:
 431 0036 00BF     		.align	2
 432              	.L21:
 433 0038 00100240 		.word	1073876992
 434              		.cfi_endproc
 435              	.LFE294:
 437              		.section	.text.HAL_TIM_Base_MspInit,"ax",%progbits
 438              		.align	1
 439              		.global	HAL_TIM_Base_MspInit
 440              		.syntax unified
 441              		.thumb
 442              		.thumb_func
 443              		.fpu fpv4-sp-d16
 445              	HAL_TIM_Base_MspInit:
 446              	.LFB295:
 157:Src/tim.c     **** 
 158:Src/tim.c     **** void HAL_TIM_Base_MspInit(TIM_HandleTypeDef* tim_baseHandle)
 159:Src/tim.c     **** {
 447              		.loc 1 159 1
 448              		.cfi_startproc
 449              		@ args = 0, pretend = 0, frame = 16
 450              		@ frame_needed = 1, uses_anonymous_args = 0
 451 0000 80B5     		push	{r7, lr}
 452              	.LCFI16:
 453              		.cfi_def_cfa_offset 8
 454              		.cfi_offset 7, -8
 455              		.cfi_offset 14, -4
 456 0002 84B0     		sub	sp, sp, #16
 457              	.LCFI17:
 458              		.cfi_def_cfa_offset 24
 459 0004 00AF     		add	r7, sp, #0
 460              	.LCFI18:
 461              		.cfi_def_cfa_register 7
 462 0006 7860     		str	r0, [r7, #4]
 160:Src/tim.c     **** 
 161:Src/tim.c     ****   if(tim_baseHandle->Instance==TIM3)
 463              		.loc 1 161 20
 464 0008 7B68     		ldr	r3, [r7, #4]
 465 000a 1B68     		ldr	r3, [r3]
 466              		.loc 1 161 5
 467 000c 214A     		ldr	r2, .L27
 468 000e 9342     		cmp	r3, r2
 469 0010 3BD1     		bne	.L26
 470              	.LBB3:
 162:Src/tim.c     ****   {
 163:Src/tim.c     ****   /* USER CODE BEGIN TIM3_MspInit 0 */
 164:Src/tim.c     **** 
ARM GAS  /var/folders/k7/81v8fz9j4v98_s0dd31l1wsr0000gn/T//ccDJziSc.s 			page 12


 165:Src/tim.c     ****   /* USER CODE END TIM3_MspInit 0 */
 166:Src/tim.c     ****     /* TIM3 clock enable */
 167:Src/tim.c     ****     __HAL_RCC_TIM3_CLK_ENABLE();
 471              		.loc 1 167 5
 472 0012 214B     		ldr	r3, .L27+4
 473 0014 9B6D     		ldr	r3, [r3, #88]
 474 0016 204A     		ldr	r2, .L27+4
 475 0018 43F00203 		orr	r3, r3, #2
 476 001c 9365     		str	r3, [r2, #88]
 477 001e 1E4B     		ldr	r3, .L27+4
 478 0020 9B6D     		ldr	r3, [r3, #88]
 479 0022 03F00203 		and	r3, r3, #2
 480 0026 FB60     		str	r3, [r7, #12]
 481 0028 FB68     		ldr	r3, [r7, #12]
 482              	.LBE3:
 168:Src/tim.c     **** 
 169:Src/tim.c     ****     /* TIM3 DMA Init */
 170:Src/tim.c     ****     /* TIM3_CH4_UP Init */
 171:Src/tim.c     ****     hdma_tim3_ch4_up.Instance = DMA1_Channel3;
 483              		.loc 1 171 31
 484 002a 1C4B     		ldr	r3, .L27+8
 485 002c 1C4A     		ldr	r2, .L27+12
 486 002e 1A60     		str	r2, [r3]
 172:Src/tim.c     ****     hdma_tim3_ch4_up.Init.Request = DMA_REQUEST_5;
 487              		.loc 1 172 35
 488 0030 1A4B     		ldr	r3, .L27+8
 489 0032 0522     		movs	r2, #5
 490 0034 5A60     		str	r2, [r3, #4]
 173:Src/tim.c     ****     hdma_tim3_ch4_up.Init.Direction = DMA_MEMORY_TO_PERIPH;
 491              		.loc 1 173 37
 492 0036 194B     		ldr	r3, .L27+8
 493 0038 1022     		movs	r2, #16
 494 003a 9A60     		str	r2, [r3, #8]
 174:Src/tim.c     ****     hdma_tim3_ch4_up.Init.PeriphInc = DMA_PINC_DISABLE;
 495              		.loc 1 174 37
 496 003c 174B     		ldr	r3, .L27+8
 497 003e 0022     		movs	r2, #0
 498 0040 DA60     		str	r2, [r3, #12]
 175:Src/tim.c     ****     hdma_tim3_ch4_up.Init.MemInc = DMA_MINC_ENABLE;
 499              		.loc 1 175 34
 500 0042 164B     		ldr	r3, .L27+8
 501 0044 8022     		movs	r2, #128
 502 0046 1A61     		str	r2, [r3, #16]
 176:Src/tim.c     ****     hdma_tim3_ch4_up.Init.PeriphDataAlignment = DMA_PDATAALIGN_WORD;
 503              		.loc 1 176 47
 504 0048 144B     		ldr	r3, .L27+8
 505 004a 4FF40072 		mov	r2, #512
 506 004e 5A61     		str	r2, [r3, #20]
 177:Src/tim.c     ****     hdma_tim3_ch4_up.Init.MemDataAlignment = DMA_MDATAALIGN_BYTE;
 507              		.loc 1 177 44
 508 0050 124B     		ldr	r3, .L27+8
 509 0052 0022     		movs	r2, #0
 510 0054 9A61     		str	r2, [r3, #24]
 178:Src/tim.c     ****     hdma_tim3_ch4_up.Init.Mode = DMA_NORMAL;
 511              		.loc 1 178 32
 512 0056 114B     		ldr	r3, .L27+8
 513 0058 0022     		movs	r2, #0
ARM GAS  /var/folders/k7/81v8fz9j4v98_s0dd31l1wsr0000gn/T//ccDJziSc.s 			page 13


 514 005a DA61     		str	r2, [r3, #28]
 179:Src/tim.c     ****     hdma_tim3_ch4_up.Init.Priority = DMA_PRIORITY_LOW;
 515              		.loc 1 179 36
 516 005c 0F4B     		ldr	r3, .L27+8
 517 005e 0022     		movs	r2, #0
 518 0060 1A62     		str	r2, [r3, #32]
 180:Src/tim.c     ****     if (HAL_DMA_Init(&hdma_tim3_ch4_up) != HAL_OK)
 519              		.loc 1 180 9
 520 0062 0E48     		ldr	r0, .L27+8
 521 0064 FFF7FEFF 		bl	HAL_DMA_Init
 522 0068 0346     		mov	r3, r0
 523              		.loc 1 180 8
 524 006a 002B     		cmp	r3, #0
 525 006c 01D0     		beq	.L25
 181:Src/tim.c     ****     {
 182:Src/tim.c     ****       Error_Handler();
 526              		.loc 1 182 7
 527 006e FFF7FEFF 		bl	Error_Handler
 528              	.L25:
 183:Src/tim.c     ****     }
 184:Src/tim.c     **** 
 185:Src/tim.c     ****     /* Several peripheral DMA handle pointers point to the same DMA handle.
 186:Src/tim.c     ****      Be aware that there is only one channel to perform all the requested DMAs. */
 187:Src/tim.c     ****     __HAL_LINKDMA(tim_baseHandle,hdma[TIM_DMA_ID_CC4],hdma_tim3_ch4_up);
 529              		.loc 1 187 5
 530 0072 7B68     		ldr	r3, [r7, #4]
 531 0074 094A     		ldr	r2, .L27+8
 532 0076 1A63     		str	r2, [r3, #48]
 533 0078 084A     		ldr	r2, .L27+8
 534 007a 7B68     		ldr	r3, [r7, #4]
 535 007c 9362     		str	r3, [r2, #40]
 188:Src/tim.c     ****     __HAL_LINKDMA(tim_baseHandle,hdma[TIM_DMA_ID_UPDATE],hdma_tim3_ch4_up);
 536              		.loc 1 188 5
 537 007e 7B68     		ldr	r3, [r7, #4]
 538 0080 064A     		ldr	r2, .L27+8
 539 0082 1A62     		str	r2, [r3, #32]
 540 0084 054A     		ldr	r2, .L27+8
 541 0086 7B68     		ldr	r3, [r7, #4]
 542 0088 9362     		str	r3, [r2, #40]
 543              	.L26:
 189:Src/tim.c     **** 
 190:Src/tim.c     ****   /* USER CODE BEGIN TIM3_MspInit 1 */
 191:Src/tim.c     **** 
 192:Src/tim.c     ****   /* USER CODE END TIM3_MspInit 1 */
 193:Src/tim.c     ****   }
 194:Src/tim.c     **** }
 544              		.loc 1 194 1
 545 008a 00BF     		nop
 546 008c 1037     		adds	r7, r7, #16
 547              	.LCFI19:
 548              		.cfi_def_cfa_offset 8
 549 008e BD46     		mov	sp, r7
 550              	.LCFI20:
 551              		.cfi_def_cfa_register 13
 552              		@ sp needed
 553 0090 80BD     		pop	{r7, pc}
 554              	.L28:
ARM GAS  /var/folders/k7/81v8fz9j4v98_s0dd31l1wsr0000gn/T//ccDJziSc.s 			page 14


 555 0092 00BF     		.align	2
 556              	.L27:
 557 0094 00040040 		.word	1073742848
 558 0098 00100240 		.word	1073876992
 559 009c 00000000 		.word	hdma_tim3_ch4_up
 560 00a0 30000240 		.word	1073872944
 561              		.cfi_endproc
 562              	.LFE295:
 564              		.section	.text.HAL_TIM_MspPostInit,"ax",%progbits
 565              		.align	1
 566              		.global	HAL_TIM_MspPostInit
 567              		.syntax unified
 568              		.thumb
 569              		.thumb_func
 570              		.fpu fpv4-sp-d16
 572              	HAL_TIM_MspPostInit:
 573              	.LFB296:
 195:Src/tim.c     **** void HAL_TIM_MspPostInit(TIM_HandleTypeDef* timHandle)
 196:Src/tim.c     **** {
 574              		.loc 1 196 1
 575              		.cfi_startproc
 576              		@ args = 0, pretend = 0, frame = 48
 577              		@ frame_needed = 1, uses_anonymous_args = 0
 578 0000 80B5     		push	{r7, lr}
 579              	.LCFI21:
 580              		.cfi_def_cfa_offset 8
 581              		.cfi_offset 7, -8
 582              		.cfi_offset 14, -4
 583 0002 8CB0     		sub	sp, sp, #48
 584              	.LCFI22:
 585              		.cfi_def_cfa_offset 56
 586 0004 00AF     		add	r7, sp, #0
 587              	.LCFI23:
 588              		.cfi_def_cfa_register 7
 589 0006 7860     		str	r0, [r7, #4]
 197:Src/tim.c     **** 
 198:Src/tim.c     ****   GPIO_InitTypeDef GPIO_InitStruct = {0};
 590              		.loc 1 198 20
 591 0008 07F11C03 		add	r3, r7, #28
 592 000c 0022     		movs	r2, #0
 593 000e 1A60     		str	r2, [r3]
 594 0010 5A60     		str	r2, [r3, #4]
 595 0012 9A60     		str	r2, [r3, #8]
 596 0014 DA60     		str	r2, [r3, #12]
 597 0016 1A61     		str	r2, [r3, #16]
 199:Src/tim.c     ****   if(timHandle->Instance==TIM2)
 598              		.loc 1 199 15
 599 0018 7B68     		ldr	r3, [r7, #4]
 600 001a 1B68     		ldr	r3, [r3]
 601              		.loc 1 199 5
 602 001c B3F1804F 		cmp	r3, #1073741824
 603 0020 3AD1     		bne	.L30
 604              	.LBB4:
 200:Src/tim.c     ****   {
 201:Src/tim.c     ****   /* USER CODE BEGIN TIM2_MspPostInit 0 */
 202:Src/tim.c     **** 
 203:Src/tim.c     ****   /* USER CODE END TIM2_MspPostInit 0 */
ARM GAS  /var/folders/k7/81v8fz9j4v98_s0dd31l1wsr0000gn/T//ccDJziSc.s 			page 15


 204:Src/tim.c     ****     __HAL_RCC_GPIOA_CLK_ENABLE();
 605              		.loc 1 204 5
 606 0022 3E4B     		ldr	r3, .L33
 607 0024 DB6C     		ldr	r3, [r3, #76]
 608 0026 3D4A     		ldr	r2, .L33
 609 0028 43F00103 		orr	r3, r3, #1
 610 002c D364     		str	r3, [r2, #76]
 611 002e 3B4B     		ldr	r3, .L33
 612 0030 DB6C     		ldr	r3, [r3, #76]
 613 0032 03F00103 		and	r3, r3, #1
 614 0036 BB61     		str	r3, [r7, #24]
 615 0038 BB69     		ldr	r3, [r7, #24]
 616              	.LBE4:
 617              	.LBB5:
 205:Src/tim.c     ****     __HAL_RCC_GPIOB_CLK_ENABLE();
 618              		.loc 1 205 5
 619 003a 384B     		ldr	r3, .L33
 620 003c DB6C     		ldr	r3, [r3, #76]
 621 003e 374A     		ldr	r2, .L33
 622 0040 43F00203 		orr	r3, r3, #2
 623 0044 D364     		str	r3, [r2, #76]
 624 0046 354B     		ldr	r3, .L33
 625 0048 DB6C     		ldr	r3, [r3, #76]
 626 004a 03F00203 		and	r3, r3, #2
 627 004e 7B61     		str	r3, [r7, #20]
 628 0050 7B69     		ldr	r3, [r7, #20]
 629              	.LBE5:
 206:Src/tim.c     ****     /**TIM2 GPIO Configuration
 207:Src/tim.c     ****     PA0     ------> TIM2_CH1
 208:Src/tim.c     ****     PA1     ------> TIM2_CH2
 209:Src/tim.c     ****     PB10     ------> TIM2_CH3
 210:Src/tim.c     ****     */
 211:Src/tim.c     ****     GPIO_InitStruct.Pin = GPIO_PIN_0|GPIO_PIN_1;
 630              		.loc 1 211 25
 631 0052 0323     		movs	r3, #3
 632 0054 FB61     		str	r3, [r7, #28]
 212:Src/tim.c     ****     GPIO_InitStruct.Mode = GPIO_MODE_AF_PP;
 633              		.loc 1 212 26
 634 0056 0223     		movs	r3, #2
 635 0058 3B62     		str	r3, [r7, #32]
 213:Src/tim.c     ****     GPIO_InitStruct.Pull = GPIO_NOPULL;
 636              		.loc 1 213 26
 637 005a 0023     		movs	r3, #0
 638 005c 7B62     		str	r3, [r7, #36]
 214:Src/tim.c     ****     GPIO_InitStruct.Speed = GPIO_SPEED_FREQ_LOW;
 639              		.loc 1 214 27
 640 005e 0023     		movs	r3, #0
 641 0060 BB62     		str	r3, [r7, #40]
 215:Src/tim.c     ****     GPIO_InitStruct.Alternate = GPIO_AF1_TIM2;
 642              		.loc 1 215 31
 643 0062 0123     		movs	r3, #1
 644 0064 FB62     		str	r3, [r7, #44]
 216:Src/tim.c     ****     HAL_GPIO_Init(GPIOA, &GPIO_InitStruct);
 645              		.loc 1 216 5
 646 0066 07F11C03 		add	r3, r7, #28
 647 006a 1946     		mov	r1, r3
 648 006c 4FF09040 		mov	r0, #1207959552
ARM GAS  /var/folders/k7/81v8fz9j4v98_s0dd31l1wsr0000gn/T//ccDJziSc.s 			page 16


 649 0070 FFF7FEFF 		bl	HAL_GPIO_Init
 217:Src/tim.c     **** 
 218:Src/tim.c     ****     GPIO_InitStruct.Pin = GPIO_PIN_10;
 650              		.loc 1 218 25
 651 0074 4FF48063 		mov	r3, #1024
 652 0078 FB61     		str	r3, [r7, #28]
 219:Src/tim.c     ****     GPIO_InitStruct.Mode = GPIO_MODE_AF_PP;
 653              		.loc 1 219 26
 654 007a 0223     		movs	r3, #2
 655 007c 3B62     		str	r3, [r7, #32]
 220:Src/tim.c     ****     GPIO_InitStruct.Pull = GPIO_NOPULL;
 656              		.loc 1 220 26
 657 007e 0023     		movs	r3, #0
 658 0080 7B62     		str	r3, [r7, #36]
 221:Src/tim.c     ****     GPIO_InitStruct.Speed = GPIO_SPEED_FREQ_LOW;
 659              		.loc 1 221 27
 660 0082 0023     		movs	r3, #0
 661 0084 BB62     		str	r3, [r7, #40]
 222:Src/tim.c     ****     GPIO_InitStruct.Alternate = GPIO_AF1_TIM2;
 662              		.loc 1 222 31
 663 0086 0123     		movs	r3, #1
 664 0088 FB62     		str	r3, [r7, #44]
 223:Src/tim.c     ****     HAL_GPIO_Init(GPIOB, &GPIO_InitStruct);
 665              		.loc 1 223 5
 666 008a 07F11C03 		add	r3, r7, #28
 667 008e 1946     		mov	r1, r3
 668 0090 2348     		ldr	r0, .L33+4
 669 0092 FFF7FEFF 		bl	HAL_GPIO_Init
 224:Src/tim.c     **** 
 225:Src/tim.c     ****   /* USER CODE BEGIN TIM2_MspPostInit 1 */
 226:Src/tim.c     **** 
 227:Src/tim.c     ****   /* USER CODE END TIM2_MspPostInit 1 */
 228:Src/tim.c     ****   }
 229:Src/tim.c     ****   else if(timHandle->Instance==TIM3)
 230:Src/tim.c     ****   {
 231:Src/tim.c     ****   /* USER CODE BEGIN TIM3_MspPostInit 0 */
 232:Src/tim.c     **** 
 233:Src/tim.c     ****   /* USER CODE END TIM3_MspPostInit 0 */
 234:Src/tim.c     **** 
 235:Src/tim.c     ****     __HAL_RCC_GPIOB_CLK_ENABLE();
 236:Src/tim.c     ****     __HAL_RCC_GPIOC_CLK_ENABLE();
 237:Src/tim.c     ****     /**TIM3 GPIO Configuration
 238:Src/tim.c     ****     PB1     ------> TIM3_CH4
 239:Src/tim.c     ****     PC7     ------> TIM3_CH2
 240:Src/tim.c     ****     */
 241:Src/tim.c     ****     GPIO_InitStruct.Pin = GPIO_PIN_1;
 242:Src/tim.c     ****     GPIO_InitStruct.Mode = GPIO_MODE_AF_PP;
 243:Src/tim.c     ****     GPIO_InitStruct.Pull = GPIO_NOPULL;
 244:Src/tim.c     ****     GPIO_InitStruct.Speed = GPIO_SPEED_FREQ_VERY_HIGH;
 245:Src/tim.c     ****     GPIO_InitStruct.Alternate = GPIO_AF2_TIM3;
 246:Src/tim.c     ****     HAL_GPIO_Init(GPIOB, &GPIO_InitStruct);
 247:Src/tim.c     **** 
 248:Src/tim.c     ****     GPIO_InitStruct.Pin = GPIO_PIN_7;
 249:Src/tim.c     ****     GPIO_InitStruct.Mode = GPIO_MODE_AF_PP;
 250:Src/tim.c     ****     GPIO_InitStruct.Pull = GPIO_NOPULL;
 251:Src/tim.c     ****     GPIO_InitStruct.Speed = GPIO_SPEED_FREQ_LOW;
 252:Src/tim.c     ****     GPIO_InitStruct.Alternate = GPIO_AF2_TIM3;
ARM GAS  /var/folders/k7/81v8fz9j4v98_s0dd31l1wsr0000gn/T//ccDJziSc.s 			page 17


 253:Src/tim.c     ****     HAL_GPIO_Init(GPIOC, &GPIO_InitStruct);
 254:Src/tim.c     **** 
 255:Src/tim.c     ****   /* USER CODE BEGIN TIM3_MspPostInit 1 */
 256:Src/tim.c     **** 
 257:Src/tim.c     ****   /* USER CODE END TIM3_MspPostInit 1 */
 258:Src/tim.c     ****   }
 259:Src/tim.c     **** 
 260:Src/tim.c     **** }
 670              		.loc 1 260 1
 671 0096 3CE0     		b	.L32
 672              	.L30:
 229:Src/tim.c     ****   {
 673              		.loc 1 229 20
 674 0098 7B68     		ldr	r3, [r7, #4]
 675 009a 1B68     		ldr	r3, [r3]
 229:Src/tim.c     ****   {
 676              		.loc 1 229 10
 677 009c 214A     		ldr	r2, .L33+8
 678 009e 9342     		cmp	r3, r2
 679 00a0 37D1     		bne	.L32
 680              	.LBB6:
 235:Src/tim.c     ****     __HAL_RCC_GPIOC_CLK_ENABLE();
 681              		.loc 1 235 5
 682 00a2 1E4B     		ldr	r3, .L33
 683 00a4 DB6C     		ldr	r3, [r3, #76]
 684 00a6 1D4A     		ldr	r2, .L33
 685 00a8 43F00203 		orr	r3, r3, #2
 686 00ac D364     		str	r3, [r2, #76]
 687 00ae 1B4B     		ldr	r3, .L33
 688 00b0 DB6C     		ldr	r3, [r3, #76]
 689 00b2 03F00203 		and	r3, r3, #2
 690 00b6 3B61     		str	r3, [r7, #16]
 691 00b8 3B69     		ldr	r3, [r7, #16]
 692              	.LBE6:
 693              	.LBB7:
 236:Src/tim.c     ****     /**TIM3 GPIO Configuration
 694              		.loc 1 236 5
 695 00ba 184B     		ldr	r3, .L33
 696 00bc DB6C     		ldr	r3, [r3, #76]
 697 00be 174A     		ldr	r2, .L33
 698 00c0 43F00403 		orr	r3, r3, #4
 699 00c4 D364     		str	r3, [r2, #76]
 700 00c6 154B     		ldr	r3, .L33
 701 00c8 DB6C     		ldr	r3, [r3, #76]
 702 00ca 03F00403 		and	r3, r3, #4
 703 00ce FB60     		str	r3, [r7, #12]
 704 00d0 FB68     		ldr	r3, [r7, #12]
 705              	.LBE7:
 241:Src/tim.c     ****     GPIO_InitStruct.Mode = GPIO_MODE_AF_PP;
 706              		.loc 1 241 25
 707 00d2 0223     		movs	r3, #2
 708 00d4 FB61     		str	r3, [r7, #28]
 242:Src/tim.c     ****     GPIO_InitStruct.Pull = GPIO_NOPULL;
 709              		.loc 1 242 26
 710 00d6 0223     		movs	r3, #2
 711 00d8 3B62     		str	r3, [r7, #32]
 243:Src/tim.c     ****     GPIO_InitStruct.Speed = GPIO_SPEED_FREQ_VERY_HIGH;
ARM GAS  /var/folders/k7/81v8fz9j4v98_s0dd31l1wsr0000gn/T//ccDJziSc.s 			page 18


 712              		.loc 1 243 26
 713 00da 0023     		movs	r3, #0
 714 00dc 7B62     		str	r3, [r7, #36]
 244:Src/tim.c     ****     GPIO_InitStruct.Alternate = GPIO_AF2_TIM3;
 715              		.loc 1 244 27
 716 00de 0323     		movs	r3, #3
 717 00e0 BB62     		str	r3, [r7, #40]
 245:Src/tim.c     ****     HAL_GPIO_Init(GPIOB, &GPIO_InitStruct);
 718              		.loc 1 245 31
 719 00e2 0223     		movs	r3, #2
 720 00e4 FB62     		str	r3, [r7, #44]
 246:Src/tim.c     **** 
 721              		.loc 1 246 5
 722 00e6 07F11C03 		add	r3, r7, #28
 723 00ea 1946     		mov	r1, r3
 724 00ec 0C48     		ldr	r0, .L33+4
 725 00ee FFF7FEFF 		bl	HAL_GPIO_Init
 248:Src/tim.c     ****     GPIO_InitStruct.Mode = GPIO_MODE_AF_PP;
 726              		.loc 1 248 25
 727 00f2 8023     		movs	r3, #128
 728 00f4 FB61     		str	r3, [r7, #28]
 249:Src/tim.c     ****     GPIO_InitStruct.Pull = GPIO_NOPULL;
 729              		.loc 1 249 26
 730 00f6 0223     		movs	r3, #2
 731 00f8 3B62     		str	r3, [r7, #32]
 250:Src/tim.c     ****     GPIO_InitStruct.Speed = GPIO_SPEED_FREQ_LOW;
 732              		.loc 1 250 26
 733 00fa 0023     		movs	r3, #0
 734 00fc 7B62     		str	r3, [r7, #36]
 251:Src/tim.c     ****     GPIO_InitStruct.Alternate = GPIO_AF2_TIM3;
 735              		.loc 1 251 27
 736 00fe 0023     		movs	r3, #0
 737 0100 BB62     		str	r3, [r7, #40]
 252:Src/tim.c     ****     HAL_GPIO_Init(GPIOC, &GPIO_InitStruct);
 738              		.loc 1 252 31
 739 0102 0223     		movs	r3, #2
 740 0104 FB62     		str	r3, [r7, #44]
 253:Src/tim.c     **** 
 741              		.loc 1 253 5
 742 0106 07F11C03 		add	r3, r7, #28
 743 010a 1946     		mov	r1, r3
 744 010c 0648     		ldr	r0, .L33+12
 745 010e FFF7FEFF 		bl	HAL_GPIO_Init
 746              	.L32:
 747              		.loc 1 260 1
 748 0112 00BF     		nop
 749 0114 3037     		adds	r7, r7, #48
 750              	.LCFI24:
 751              		.cfi_def_cfa_offset 8
 752 0116 BD46     		mov	sp, r7
 753              	.LCFI25:
 754              		.cfi_def_cfa_register 13
 755              		@ sp needed
 756 0118 80BD     		pop	{r7, pc}
 757              	.L34:
 758 011a 00BF     		.align	2
 759              	.L33:
ARM GAS  /var/folders/k7/81v8fz9j4v98_s0dd31l1wsr0000gn/T//ccDJziSc.s 			page 19


 760 011c 00100240 		.word	1073876992
 761 0120 00040048 		.word	1207960576
 762 0124 00040040 		.word	1073742848
 763 0128 00080048 		.word	1207961600
 764              		.cfi_endproc
 765              	.LFE296:
 767              		.section	.text.HAL_TIM_PWM_MspDeInit,"ax",%progbits
 768              		.align	1
 769              		.global	HAL_TIM_PWM_MspDeInit
 770              		.syntax unified
 771              		.thumb
 772              		.thumb_func
 773              		.fpu fpv4-sp-d16
 775              	HAL_TIM_PWM_MspDeInit:
 776              	.LFB297:
 261:Src/tim.c     **** 
 262:Src/tim.c     **** void HAL_TIM_PWM_MspDeInit(TIM_HandleTypeDef* tim_pwmHandle)
 263:Src/tim.c     **** {
 777              		.loc 1 263 1
 778              		.cfi_startproc
 779              		@ args = 0, pretend = 0, frame = 8
 780              		@ frame_needed = 1, uses_anonymous_args = 0
 781              		@ link register save eliminated.
 782 0000 80B4     		push	{r7}
 783              	.LCFI26:
 784              		.cfi_def_cfa_offset 4
 785              		.cfi_offset 7, -4
 786 0002 83B0     		sub	sp, sp, #12
 787              	.LCFI27:
 788              		.cfi_def_cfa_offset 16
 789 0004 00AF     		add	r7, sp, #0
 790              	.LCFI28:
 791              		.cfi_def_cfa_register 7
 792 0006 7860     		str	r0, [r7, #4]
 264:Src/tim.c     **** 
 265:Src/tim.c     ****   if(tim_pwmHandle->Instance==TIM2)
 793              		.loc 1 265 19
 794 0008 7B68     		ldr	r3, [r7, #4]
 795 000a 1B68     		ldr	r3, [r3]
 796              		.loc 1 265 5
 797 000c B3F1804F 		cmp	r3, #1073741824
 798 0010 05D1     		bne	.L37
 266:Src/tim.c     ****   {
 267:Src/tim.c     ****   /* USER CODE BEGIN TIM2_MspDeInit 0 */
 268:Src/tim.c     **** 
 269:Src/tim.c     ****   /* USER CODE END TIM2_MspDeInit 0 */
 270:Src/tim.c     ****     /* Peripheral clock disable */
 271:Src/tim.c     ****     __HAL_RCC_TIM2_CLK_DISABLE();
 799              		.loc 1 271 5
 800 0012 064B     		ldr	r3, .L38
 801 0014 9B6D     		ldr	r3, [r3, #88]
 802 0016 054A     		ldr	r2, .L38
 803 0018 23F00103 		bic	r3, r3, #1
 804 001c 9365     		str	r3, [r2, #88]
 805              	.L37:
 272:Src/tim.c     ****   /* USER CODE BEGIN TIM2_MspDeInit 1 */
 273:Src/tim.c     **** 
ARM GAS  /var/folders/k7/81v8fz9j4v98_s0dd31l1wsr0000gn/T//ccDJziSc.s 			page 20


 274:Src/tim.c     ****   /* USER CODE END TIM2_MspDeInit 1 */
 275:Src/tim.c     ****   }
 276:Src/tim.c     **** }
 806              		.loc 1 276 1
 807 001e 00BF     		nop
 808 0020 0C37     		adds	r7, r7, #12
 809              	.LCFI29:
 810              		.cfi_def_cfa_offset 4
 811 0022 BD46     		mov	sp, r7
 812              	.LCFI30:
 813              		.cfi_def_cfa_register 13
 814              		@ sp needed
 815 0024 5DF8047B 		ldr	r7, [sp], #4
 816              	.LCFI31:
 817              		.cfi_restore 7
 818              		.cfi_def_cfa_offset 0
 819 0028 7047     		bx	lr
 820              	.L39:
 821 002a 00BF     		.align	2
 822              	.L38:
 823 002c 00100240 		.word	1073876992
 824              		.cfi_endproc
 825              	.LFE297:
 827              		.section	.text.HAL_TIM_Base_MspDeInit,"ax",%progbits
 828              		.align	1
 829              		.global	HAL_TIM_Base_MspDeInit
 830              		.syntax unified
 831              		.thumb
 832              		.thumb_func
 833              		.fpu fpv4-sp-d16
 835              	HAL_TIM_Base_MspDeInit:
 836              	.LFB298:
 277:Src/tim.c     **** 
 278:Src/tim.c     **** void HAL_TIM_Base_MspDeInit(TIM_HandleTypeDef* tim_baseHandle)
 279:Src/tim.c     **** {
 837              		.loc 1 279 1
 838              		.cfi_startproc
 839              		@ args = 0, pretend = 0, frame = 8
 840              		@ frame_needed = 1, uses_anonymous_args = 0
 841 0000 80B5     		push	{r7, lr}
 842              	.LCFI32:
 843              		.cfi_def_cfa_offset 8
 844              		.cfi_offset 7, -8
 845              		.cfi_offset 14, -4
 846 0002 82B0     		sub	sp, sp, #8
 847              	.LCFI33:
 848              		.cfi_def_cfa_offset 16
 849 0004 00AF     		add	r7, sp, #0
 850              	.LCFI34:
 851              		.cfi_def_cfa_register 7
 852 0006 7860     		str	r0, [r7, #4]
 280:Src/tim.c     **** 
 281:Src/tim.c     ****   if(tim_baseHandle->Instance==TIM3)
 853              		.loc 1 281 20
 854 0008 7B68     		ldr	r3, [r7, #4]
 855 000a 1B68     		ldr	r3, [r3]
 856              		.loc 1 281 5
ARM GAS  /var/folders/k7/81v8fz9j4v98_s0dd31l1wsr0000gn/T//ccDJziSc.s 			page 21


 857 000c 0B4A     		ldr	r2, .L43
 858 000e 9342     		cmp	r3, r2
 859 0010 0FD1     		bne	.L42
 282:Src/tim.c     ****   {
 283:Src/tim.c     ****   /* USER CODE BEGIN TIM3_MspDeInit 0 */
 284:Src/tim.c     **** 
 285:Src/tim.c     ****   /* USER CODE END TIM3_MspDeInit 0 */
 286:Src/tim.c     ****     /* Peripheral clock disable */
 287:Src/tim.c     ****     __HAL_RCC_TIM3_CLK_DISABLE();
 860              		.loc 1 287 5
 861 0012 0B4B     		ldr	r3, .L43+4
 862 0014 9B6D     		ldr	r3, [r3, #88]
 863 0016 0A4A     		ldr	r2, .L43+4
 864 0018 23F00203 		bic	r3, r3, #2
 865 001c 9365     		str	r3, [r2, #88]
 288:Src/tim.c     **** 
 289:Src/tim.c     ****     /* TIM3 DMA DeInit */
 290:Src/tim.c     ****     HAL_DMA_DeInit(tim_baseHandle->hdma[TIM_DMA_ID_CC4]);
 866              		.loc 1 290 5
 867 001e 7B68     		ldr	r3, [r7, #4]
 868 0020 1B6B     		ldr	r3, [r3, #48]
 869 0022 1846     		mov	r0, r3
 870 0024 FFF7FEFF 		bl	HAL_DMA_DeInit
 291:Src/tim.c     ****     HAL_DMA_DeInit(tim_baseHandle->hdma[TIM_DMA_ID_UPDATE]);
 871              		.loc 1 291 5
 872 0028 7B68     		ldr	r3, [r7, #4]
 873 002a 1B6A     		ldr	r3, [r3, #32]
 874 002c 1846     		mov	r0, r3
 875 002e FFF7FEFF 		bl	HAL_DMA_DeInit
 876              	.L42:
 292:Src/tim.c     ****   /* USER CODE BEGIN TIM3_MspDeInit 1 */
 293:Src/tim.c     **** 
 294:Src/tim.c     ****   /* USER CODE END TIM3_MspDeInit 1 */
 295:Src/tim.c     ****   }
 296:Src/tim.c     **** }
 877              		.loc 1 296 1
 878 0032 00BF     		nop
 879 0034 0837     		adds	r7, r7, #8
 880              	.LCFI35:
 881              		.cfi_def_cfa_offset 8
 882 0036 BD46     		mov	sp, r7
 883              	.LCFI36:
 884              		.cfi_def_cfa_register 13
 885              		@ sp needed
 886 0038 80BD     		pop	{r7, pc}
 887              	.L44:
 888 003a 00BF     		.align	2
 889              	.L43:
 890 003c 00040040 		.word	1073742848
 891 0040 00100240 		.word	1073876992
 892              		.cfi_endproc
 893              	.LFE298:
 895              		.text
 896              	.Letext0:
 897              		.file 2 "/Users/isikcanyilmaz/KODMOD/b607/test/mcu/tools/gcc9.2.1/mac/arm-none-eabi/include/machin
 898              		.file 3 "/Users/isikcanyilmaz/KODMOD/b607/test/mcu/tools/gcc9.2.1/mac/arm-none-eabi/include/sys/_s
 899              		.file 4 "Drivers/CMSIS/Include/core_cm4.h"
ARM GAS  /var/folders/k7/81v8fz9j4v98_s0dd31l1wsr0000gn/T//ccDJziSc.s 			page 22


 900              		.file 5 "Drivers/CMSIS/Device/ST/STM32L4xx/Include/system_stm32l4xx.h"
 901              		.file 6 "Drivers/CMSIS/Device/ST/STM32L4xx/Include/stm32l452xx.h"
 902              		.file 7 "Drivers/STM32L4xx_HAL_Driver/Inc/stm32l4xx_hal_def.h"
 903              		.file 8 "Drivers/STM32L4xx_HAL_Driver/Inc/stm32l4xx_hal_gpio.h"
 904              		.file 9 "Drivers/STM32L4xx_HAL_Driver/Inc/stm32l4xx_hal_dma.h"
 905              		.file 10 "Drivers/STM32L4xx_HAL_Driver/Inc/stm32l4xx_hal_flash.h"
 906              		.file 11 "Drivers/STM32L4xx_HAL_Driver/Inc/stm32l4xx_hal_tim.h"
 907              		.file 12 "Drivers/STM32L4xx_HAL_Driver/Inc/stm32l4xx_hal.h"
 908              		.file 13 "Inc/tim.h"
ARM GAS  /var/folders/k7/81v8fz9j4v98_s0dd31l1wsr0000gn/T//ccDJziSc.s 			page 23


DEFINED SYMBOLS
                            *ABS*:0000000000000000 tim.c
                            *COM*:000000000000004c htim2
                            *COM*:000000000000004c htim3
                            *COM*:0000000000000048 hdma_tim3_ch4_up
/var/folders/k7/81v8fz9j4v98_s0dd31l1wsr0000gn/T//ccDJziSc.s:21     .text.MX_TIM2_Init:0000000000000000 $t
/var/folders/k7/81v8fz9j4v98_s0dd31l1wsr0000gn/T//ccDJziSc.s:29     .text.MX_TIM2_Init:0000000000000000 MX_TIM2_Init
/var/folders/k7/81v8fz9j4v98_s0dd31l1wsr0000gn/T//ccDJziSc.s:572    .text.HAL_TIM_MspPostInit:0000000000000000 HAL_TIM_MspPostInit
/var/folders/k7/81v8fz9j4v98_s0dd31l1wsr0000gn/T//ccDJziSc.s:182    .text.MX_TIM2_Init:00000000000000d8 $d
/var/folders/k7/81v8fz9j4v98_s0dd31l1wsr0000gn/T//ccDJziSc.s:187    .text.MX_TIM3_Init:0000000000000000 $t
/var/folders/k7/81v8fz9j4v98_s0dd31l1wsr0000gn/T//ccDJziSc.s:194    .text.MX_TIM3_Init:0000000000000000 MX_TIM3_Init
/var/folders/k7/81v8fz9j4v98_s0dd31l1wsr0000gn/T//ccDJziSc.s:365    .text.MX_TIM3_Init:00000000000000fc $d
/var/folders/k7/81v8fz9j4v98_s0dd31l1wsr0000gn/T//ccDJziSc.s:371    .text.HAL_TIM_PWM_MspInit:0000000000000000 $t
/var/folders/k7/81v8fz9j4v98_s0dd31l1wsr0000gn/T//ccDJziSc.s:378    .text.HAL_TIM_PWM_MspInit:0000000000000000 HAL_TIM_PWM_MspInit
/var/folders/k7/81v8fz9j4v98_s0dd31l1wsr0000gn/T//ccDJziSc.s:433    .text.HAL_TIM_PWM_MspInit:0000000000000038 $d
/var/folders/k7/81v8fz9j4v98_s0dd31l1wsr0000gn/T//ccDJziSc.s:438    .text.HAL_TIM_Base_MspInit:0000000000000000 $t
/var/folders/k7/81v8fz9j4v98_s0dd31l1wsr0000gn/T//ccDJziSc.s:445    .text.HAL_TIM_Base_MspInit:0000000000000000 HAL_TIM_Base_MspInit
/var/folders/k7/81v8fz9j4v98_s0dd31l1wsr0000gn/T//ccDJziSc.s:557    .text.HAL_TIM_Base_MspInit:0000000000000094 $d
/var/folders/k7/81v8fz9j4v98_s0dd31l1wsr0000gn/T//ccDJziSc.s:565    .text.HAL_TIM_MspPostInit:0000000000000000 $t
/var/folders/k7/81v8fz9j4v98_s0dd31l1wsr0000gn/T//ccDJziSc.s:760    .text.HAL_TIM_MspPostInit:000000000000011c $d
/var/folders/k7/81v8fz9j4v98_s0dd31l1wsr0000gn/T//ccDJziSc.s:768    .text.HAL_TIM_PWM_MspDeInit:0000000000000000 $t
/var/folders/k7/81v8fz9j4v98_s0dd31l1wsr0000gn/T//ccDJziSc.s:775    .text.HAL_TIM_PWM_MspDeInit:0000000000000000 HAL_TIM_PWM_MspDeInit
/var/folders/k7/81v8fz9j4v98_s0dd31l1wsr0000gn/T//ccDJziSc.s:823    .text.HAL_TIM_PWM_MspDeInit:000000000000002c $d
/var/folders/k7/81v8fz9j4v98_s0dd31l1wsr0000gn/T//ccDJziSc.s:828    .text.HAL_TIM_Base_MspDeInit:0000000000000000 $t
/var/folders/k7/81v8fz9j4v98_s0dd31l1wsr0000gn/T//ccDJziSc.s:835    .text.HAL_TIM_Base_MspDeInit:0000000000000000 HAL_TIM_Base_MspDeInit
/var/folders/k7/81v8fz9j4v98_s0dd31l1wsr0000gn/T//ccDJziSc.s:890    .text.HAL_TIM_Base_MspDeInit:000000000000003c $d

UNDEFINED SYMBOLS
HAL_TIM_PWM_Init
Error_Handler
HAL_TIMEx_MasterConfigSynchronization
HAL_TIM_PWM_ConfigChannel
HAL_TIM_Base_Init
HAL_TIM_ConfigClockSource
HAL_DMA_Init
HAL_GPIO_Init
HAL_DMA_DeInit
