ARM GAS  /var/folders/k7/81v8fz9j4v98_s0dd31l1wsr0000gn/T//cclLQf7x.s 			page 1


   1              		.cpu cortex-m4
   2              		.eabi_attribute 27, 1
   3              		.eabi_attribute 28, 1
   4              		.eabi_attribute 20, 1
   5              		.eabi_attribute 21, 1
   6              		.eabi_attribute 23, 3
   7              		.eabi_attribute 24, 1
   8              		.eabi_attribute 25, 1
   9              		.eabi_attribute 26, 1
  10              		.eabi_attribute 30, 6
  11              		.eabi_attribute 34, 1
  12              		.eabi_attribute 18, 4
  13              		.file	"utils.c"
  14              		.text
  15              	.Ltext0:
  16              		.cfi_sections	.debug_frame
  17              		.section	.text.getRandomColor,"ax",%progbits
  18              		.align	1
  19              		.global	getRandomColor
  20              		.arch armv7e-m
  21              		.syntax unified
  22              		.thumb
  23              		.thumb_func
  24              		.fpu fpv4-sp-d16
  26              	getRandomColor:
  27              	.LFB292:
  28              		.file 1 "Src/utils.c"
   1:Src/utils.c   **** 
   2:Src/utils.c   **** #include "utils.h"
   3:Src/utils.c   **** #include <stdlib.h>
   4:Src/utils.c   **** 
   5:Src/utils.c   **** Pixel_t getRandomColor(uint8_t lower, uint8_t upper)
   6:Src/utils.c   **** {
  29              		.loc 1 6 1
  30              		.cfi_startproc
  31              		@ args = 0, pretend = 0, frame = 16
  32              		@ frame_needed = 1, uses_anonymous_args = 0
  33 0000 B0B5     		push	{r4, r5, r7, lr}
  34              	.LCFI0:
  35              		.cfi_def_cfa_offset 16
  36              		.cfi_offset 4, -16
  37              		.cfi_offset 5, -12
  38              		.cfi_offset 7, -8
  39              		.cfi_offset 14, -4
  40 0002 84B0     		sub	sp, sp, #16
  41              	.LCFI1:
  42              		.cfi_def_cfa_offset 32
  43 0004 00AF     		add	r7, sp, #0
  44              	.LCFI2:
  45              		.cfi_def_cfa_register 7
  46 0006 7860     		str	r0, [r7, #4]
  47 0008 0B46     		mov	r3, r1
  48 000a FB70     		strb	r3, [r7, #3]
  49 000c 1346     		mov	r3, r2
  50 000e BB70     		strb	r3, [r7, #2]
   7:Src/utils.c   ****   return (Pixel_t) {.red = RAND_IN_RANGE(lower, upper), .green = RAND_IN_RANGE(lower, upper), .blue
  51              		.loc 1 7 66
ARM GAS  /var/folders/k7/81v8fz9j4v98_s0dd31l1wsr0000gn/T//cclLQf7x.s 			page 2


  52 0010 FFF7FEFF 		bl	rand
  53 0014 0246     		mov	r2, r0
  54 0016 B978     		ldrb	r1, [r7, #2]	@ zero_extendqisi2
  55 0018 FB78     		ldrb	r3, [r7, #3]	@ zero_extendqisi2
  56 001a CB1A     		subs	r3, r1, r3
  57 001c 0133     		adds	r3, r3, #1
  58 001e 92FBF3F1 		sdiv	r1, r2, r3
  59 0022 03FB01F3 		mul	r3, r3, r1
  60 0026 D31A     		subs	r3, r2, r3
  61 0028 DAB2     		uxtb	r2, r3
  62 002a FB78     		ldrb	r3, [r7, #3]
  63 002c 1344     		add	r3, r3, r2
  64 002e DDB2     		uxtb	r5, r3
  65              		.loc 1 7 28
  66 0030 FFF7FEFF 		bl	rand
  67 0034 0246     		mov	r2, r0
  68 0036 B978     		ldrb	r1, [r7, #2]	@ zero_extendqisi2
  69 0038 FB78     		ldrb	r3, [r7, #3]	@ zero_extendqisi2
  70 003a CB1A     		subs	r3, r1, r3
  71 003c 0133     		adds	r3, r3, #1
  72 003e 92FBF3F1 		sdiv	r1, r2, r3
  73 0042 03FB01F3 		mul	r3, r3, r1
  74 0046 D31A     		subs	r3, r2, r3
  75 0048 DAB2     		uxtb	r2, r3
  76 004a FB78     		ldrb	r3, [r7, #3]
  77 004c 1344     		add	r3, r3, r2
  78 004e DCB2     		uxtb	r4, r3
  79              		.loc 1 7 103
  80 0050 FFF7FEFF 		bl	rand
  81 0054 0246     		mov	r2, r0
  82 0056 B978     		ldrb	r1, [r7, #2]	@ zero_extendqisi2
  83 0058 FB78     		ldrb	r3, [r7, #3]	@ zero_extendqisi2
  84 005a CB1A     		subs	r3, r1, r3
  85 005c 0133     		adds	r3, r3, #1
  86 005e 92FBF3F1 		sdiv	r1, r2, r3
  87 0062 03FB01F3 		mul	r3, r3, r1
  88 0066 D31A     		subs	r3, r2, r3
  89 0068 DAB2     		uxtb	r2, r3
  90 006a FB78     		ldrb	r3, [r7, #3]
  91 006c 1344     		add	r3, r3, r2
  92 006e D9B2     		uxtb	r1, r3
  93              		.loc 1 7 10
  94 0070 7B68     		ldr	r3, [r7, #4]
  95 0072 1A46     		mov	r2, r3
  96 0074 0023     		movs	r3, #0
  97 0076 1360     		str	r3, [r2]	@ unaligned
  98 0078 5360     		str	r3, [r2, #4]	@ unaligned
  99 007a 7B68     		ldr	r3, [r7, #4]
 100 007c 2A46     		mov	r2, r5
 101 007e 1A70     		strb	r2, [r3]
 102 0080 7B68     		ldr	r3, [r7, #4]
 103 0082 2246     		mov	r2, r4
 104 0084 5A70     		strb	r2, [r3, #1]
 105 0086 7B68     		ldr	r3, [r7, #4]
 106 0088 0A46     		mov	r2, r1
 107 008a 9A70     		strb	r2, [r3, #2]
   8:Src/utils.c   **** }
ARM GAS  /var/folders/k7/81v8fz9j4v98_s0dd31l1wsr0000gn/T//cclLQf7x.s 			page 3


 108              		.loc 1 8 1
 109 008c 7868     		ldr	r0, [r7, #4]
 110 008e 1037     		adds	r7, r7, #16
 111              	.LCFI3:
 112              		.cfi_def_cfa_offset 16
 113 0090 BD46     		mov	sp, r7
 114              	.LCFI4:
 115              		.cfi_def_cfa_register 13
 116              		@ sp needed
 117 0092 B0BD     		pop	{r4, r5, r7, pc}
 118              		.cfi_endproc
 119              	.LFE292:
 121              		.text
 122              	.Letext0:
 123              		.file 2 "/Users/isikcanyilmaz/KODMOD/b607/test/mcu/tools/gcc9.2.1/mac/arm-none-eabi/include/machin
 124              		.file 3 "/Users/isikcanyilmaz/KODMOD/b607/test/mcu/tools/gcc9.2.1/mac/arm-none-eabi/include/sys/_s
 125              		.file 4 "Drivers/CMSIS/Include/core_cm4.h"
 126              		.file 5 "Drivers/CMSIS/Device/ST/STM32L4xx/Include/system_stm32l4xx.h"
 127              		.file 6 "Drivers/CMSIS/Device/ST/STM32L4xx/Include/stm32l452xx.h"
 128              		.file 7 "Drivers/STM32L4xx_HAL_Driver/Inc/stm32l4xx_hal_def.h"
 129              		.file 8 "Drivers/STM32L4xx_HAL_Driver/Inc/stm32l4xx_hal_dma.h"
 130              		.file 9 "Drivers/STM32L4xx_HAL_Driver/Inc/stm32l4xx_hal_flash.h"
 131              		.file 10 "Drivers/STM32L4xx_HAL_Driver/Inc/stm32l4xx_hal_tim.h"
 132              		.file 11 "Drivers/STM32L4xx_HAL_Driver/Inc/stm32l4xx_hal.h"
 133              		.file 12 "Inc/tim.h"
 134              		.file 13 "Inc/addressable_led_driver.h"
 135              		.file 14 "/Users/isikcanyilmaz/KODMOD/b607/test/mcu/tools/gcc9.2.1/mac/arm-none-eabi/include/sys/l
 136              		.file 15 "/Users/isikcanyilmaz/KODMOD/b607/test/mcu/tools/gcc9.2.1/mac/arm-none-eabi/include/sys/_
 137              		.file 16 "/Users/isikcanyilmaz/KODMOD/b607/test/mcu/tools/gcc9.2.1/mac/lib/gcc/arm-none-eabi/9.2.1
 138              		.file 17 "/Users/isikcanyilmaz/KODMOD/b607/test/mcu/tools/gcc9.2.1/mac/arm-none-eabi/include/sys/r
 139              		.file 18 "/Users/isikcanyilmaz/KODMOD/b607/test/mcu/tools/gcc9.2.1/mac/arm-none-eabi/include/stdli
ARM GAS  /var/folders/k7/81v8fz9j4v98_s0dd31l1wsr0000gn/T//cclLQf7x.s 			page 4


DEFINED SYMBOLS
                            *ABS*:0000000000000000 utils.c
/var/folders/k7/81v8fz9j4v98_s0dd31l1wsr0000gn/T//cclLQf7x.s:18     .text.getRandomColor:0000000000000000 $t
/var/folders/k7/81v8fz9j4v98_s0dd31l1wsr0000gn/T//cclLQf7x.s:26     .text.getRandomColor:0000000000000000 getRandomColor

UNDEFINED SYMBOLS
rand
